2017-07-02 13:50:19,643 [1] INFO  JYW.ThesisMMO.MMOServer.ServerApplication - ------------------------Server Started------------------------
2017-07-02 13:50:19,691 [1] INFO  JYW.ThesisMMO.MMOServer.ServerApplication - Created Game World.
2017-07-02 13:50:19,697 [1] INFO  JYW.ThesisMMO.MMOServer.Entity - Created One Punch Man entity at V(2,00, 0,00, 2,00)
2017-07-02 13:50:19,714 [1] INFO  JYW.ThesisMMO.MMOServer.AI.AIEntity - Created TestBot skill entity.
2017-07-02 13:50:19,716 [1] INFO  JYW.ThesisMMO.MMOServer.Entity - Created Ork 234932 entity at V(0,00, 0,00, -2,00)
2017-07-02 13:50:19,716 [1] INFO  JYW.ThesisMMO.MMOServer.AI.AIEntity - Created TestBot skill entity.
2017-07-02 13:50:19,716 [1] INFO  JYW.ThesisMMO.MMOServer.Entity - Created Ork 452537 entity at V(-3,00, 0,00, 4,00)
2017-07-02 13:50:19,716 [1] INFO  JYW.ThesisMMO.MMOServer.AI.AIEntity - Created TestBot skill entity.
2017-07-02 13:50:19,717 [1] INFO  Photon.SocketServer.ApplicationBase - Application start: AppId=MMOServer; AppPath=D:\Projects\ThesisMMO\deploy\MMOServer, Type=JYW.ThesisMMO.MMOServer.ServerApplication 
2017-07-02 13:50:31,027 [10] INFO  JYW.ThesisMMO.MMOServer.Entity - Created fgfhf entity at V(0,00, 0,00, 0,00)
2017-07-02 13:50:33,742 [11] INFO  JYW.ThesisMMO.MMOServer.ActionObjects.ActionObject - Created AxeAutoAttack ActionObject
2017-07-02 13:50:34,269 [16] INFO  JYW.ThesisMMO.MMOServer.Entities.Attributes.Attribute - Ork 234932 took -5 damage. Health left: 95
2017-07-02 13:50:34,271 [16] INFO  JYW.ThesisMMO.MMOServer.World - Applying aoe to Ork 234932.
2017-07-02 13:50:34,741 [11] INFO  JYW.ThesisMMO.MMOServer.ActionObjects.ActionObject - Created AxeAutoAttack ActionObject
2017-07-02 13:50:35,752 [13] INFO  JYW.ThesisMMO.MMOServer.ActionObjects.ActionObject - Created AxeAutoAttack ActionObject
2017-07-02 13:50:36,253 [18] INFO  JYW.ThesisMMO.MMOServer.Entities.Attributes.Attribute - Ork 234932 took -5 damage. Health left: 90
2017-07-02 13:50:36,253 [18] INFO  JYW.ThesisMMO.MMOServer.World - Applying aoe to Ork 234932.
2017-07-02 13:50:36,763 [11] INFO  JYW.ThesisMMO.MMOServer.ActionObjects.ActionObject - Created AxeAutoAttack ActionObject
2017-07-02 13:50:37,263 [20] INFO  JYW.ThesisMMO.MMOServer.Entities.Attributes.Attribute - Ork 234932 took -5 damage. Health left: 85
2017-07-02 13:50:37,263 [20] INFO  JYW.ThesisMMO.MMOServer.World - Applying aoe to Ork 234932.
2017-07-02 13:50:37,779 [13] INFO  JYW.ThesisMMO.MMOServer.ActionObjects.ActionObject - Created AxeAutoAttack ActionObject
2017-07-02 13:50:38,280 [22] INFO  JYW.ThesisMMO.MMOServer.Entities.Attributes.Attribute - Ork 234932 took -5 damage. Health left: 80
2017-07-02 13:50:38,283 [22] INFO  JYW.ThesisMMO.MMOServer.World - Applying aoe to Ork 234932.
2017-07-02 13:50:38,789 [11] INFO  JYW.ThesisMMO.MMOServer.ActionObjects.ActionObject - Created AxeAutoAttack ActionObject
2017-07-02 13:50:39,291 [21] INFO  JYW.ThesisMMO.MMOServer.Entities.Attributes.Attribute - Ork 234932 took -5 damage. Health left: 75
2017-07-02 13:50:39,291 [21] INFO  JYW.ThesisMMO.MMOServer.World - Applying aoe to Ork 234932.
2017-07-02 13:50:39,800 [11] INFO  JYW.ThesisMMO.MMOServer.ActionObjects.ActionObject - Created AxeAutoAttack ActionObject
2017-07-02 13:50:40,301 [19] INFO  JYW.ThesisMMO.MMOServer.Entities.Attributes.Attribute - Ork 234932 took -5 damage. Health left: 70
2017-07-02 13:50:40,301 [19] INFO  JYW.ThesisMMO.MMOServer.World - Applying aoe to Ork 234932.
2017-07-02 13:50:40,810 [10] INFO  JYW.ThesisMMO.MMOServer.ActionObjects.ActionObject - Created AxeAutoAttack ActionObject
2017-07-02 13:50:41,311 [17] INFO  JYW.ThesisMMO.MMOServer.Entities.Attributes.Attribute - Ork 234932 took -5 damage. Health left: 65
2017-07-02 13:50:41,311 [17] INFO  JYW.ThesisMMO.MMOServer.World - Applying aoe to Ork 234932.
2017-07-02 13:50:41,821 [11] INFO  JYW.ThesisMMO.MMOServer.ActionObjects.ActionObject - Created AxeAutoAttack ActionObject
2017-07-02 13:50:42,323 [8] INFO  JYW.ThesisMMO.MMOServer.Entities.Attributes.Attribute - Ork 234932 took -5 damage. Health left: 60
2017-07-02 13:50:42,323 [8] INFO  JYW.ThesisMMO.MMOServer.World - Applying aoe to Ork 234932.
2017-07-02 13:50:42,827 [10] INFO  JYW.ThesisMMO.MMOServer.ActionObjects.ActionObject - Created AxeAutoAttack ActionObject
2017-07-02 13:50:43,329 [24] INFO  JYW.ThesisMMO.MMOServer.Entities.Attributes.Attribute - Ork 234932 took -5 damage. Health left: 55
2017-07-02 13:50:43,329 [24] INFO  JYW.ThesisMMO.MMOServer.World - Applying aoe to Ork 234932.
2017-07-02 13:50:43,837 [11] INFO  JYW.ThesisMMO.MMOServer.ActionObjects.ActionObject - Created AxeAutoAttack ActionObject
2017-07-02 13:50:44,338 [26] INFO  JYW.ThesisMMO.MMOServer.Entities.Attributes.Attribute - Ork 234932 took -5 damage. Health left: 50
2017-07-02 13:50:44,338 [26] INFO  JYW.ThesisMMO.MMOServer.World - Applying aoe to Ork 234932.
2017-07-02 13:50:44,848 [10] INFO  JYW.ThesisMMO.MMOServer.ActionObjects.ActionObject - Created AxeAutoAttack ActionObject
2017-07-02 13:50:45,349 [28] INFO  JYW.ThesisMMO.MMOServer.Entities.Attributes.Attribute - Ork 234932 took -5 damage. Health left: 45
2017-07-02 13:50:45,349 [28] INFO  JYW.ThesisMMO.MMOServer.World - Applying aoe to Ork 234932.
2017-07-02 13:50:45,859 [11] INFO  JYW.ThesisMMO.MMOServer.ActionObjects.ActionObject - Created AxeAutoAttack ActionObject
2017-07-02 13:50:46,360 [30] INFO  JYW.ThesisMMO.MMOServer.Entities.Attributes.Attribute - Ork 234932 took -5 damage. Health left: 40
2017-07-02 13:50:46,360 [30] INFO  JYW.ThesisMMO.MMOServer.World - Applying aoe to Ork 234932.
2017-07-02 13:50:46,869 [10] INFO  JYW.ThesisMMO.MMOServer.ActionObjects.ActionObject - Created AxeAutoAttack ActionObject
2017-07-02 13:50:47,370 [32] INFO  JYW.ThesisMMO.MMOServer.Entities.Attributes.Attribute - Ork 234932 took -5 damage. Health left: 35
2017-07-02 13:50:47,370 [32] INFO  JYW.ThesisMMO.MMOServer.World - Applying aoe to Ork 234932.
2017-07-02 13:50:47,881 [13] INFO  JYW.ThesisMMO.MMOServer.ActionObjects.ActionObject - Created AxeAutoAttack ActionObject
2017-07-02 13:50:48,382 [34] INFO  JYW.ThesisMMO.MMOServer.Entities.Attributes.Attribute - Ork 234932 took -5 damage. Health left: 30
2017-07-02 13:50:48,382 [34] INFO  JYW.ThesisMMO.MMOServer.World - Applying aoe to Ork 234932.
2017-07-02 13:50:48,890 [12] INFO  JYW.ThesisMMO.MMOServer.ActionObjects.ActionObject - Created AxeAutoAttack ActionObject
2017-07-02 13:50:49,391 [36] INFO  JYW.ThesisMMO.MMOServer.Entities.Attributes.Attribute - Ork 234932 took -5 damage. Health left: 25
2017-07-02 13:50:49,391 [36] INFO  JYW.ThesisMMO.MMOServer.World - Applying aoe to Ork 234932.
2017-07-02 13:50:49,901 [12] INFO  JYW.ThesisMMO.MMOServer.ActionObjects.ActionObject - Created AxeAutoAttack ActionObject
2017-07-02 13:50:50,401 [38] INFO  JYW.ThesisMMO.MMOServer.Entities.Attributes.Attribute - Ork 234932 took -5 damage. Health left: 20
2017-07-02 13:50:50,401 [38] INFO  JYW.ThesisMMO.MMOServer.World - Applying aoe to Ork 234932.
2017-07-02 13:50:50,911 [13] INFO  JYW.ThesisMMO.MMOServer.ActionObjects.ActionObject - Created AxeAutoAttack ActionObject
2017-07-02 13:50:51,412 [40] INFO  JYW.ThesisMMO.MMOServer.Entities.Attributes.Attribute - Ork 234932 took -5 damage. Health left: 15
2017-07-02 13:50:51,412 [40] INFO  JYW.ThesisMMO.MMOServer.World - Applying aoe to Ork 234932.
2017-07-02 13:50:51,922 [12] INFO  JYW.ThesisMMO.MMOServer.ActionObjects.ActionObject - Created AxeAutoAttack ActionObject
2017-07-02 13:50:52,423 [42] INFO  JYW.ThesisMMO.MMOServer.Entities.Attributes.Attribute - Ork 234932 took -5 damage. Health left: 10
2017-07-02 13:50:52,423 [42] INFO  JYW.ThesisMMO.MMOServer.World - Applying aoe to Ork 234932.
2017-07-02 13:50:52,932 [13] INFO  JYW.ThesisMMO.MMOServer.ActionObjects.ActionObject - Created AxeAutoAttack ActionObject
2017-07-02 13:50:53,434 [44] INFO  JYW.ThesisMMO.MMOServer.Entities.Attributes.Attribute - Ork 234932 took -5 damage. Health left: 5
2017-07-02 13:50:53,439 [44] INFO  JYW.ThesisMMO.MMOServer.World - Applying aoe to Ork 234932.
2017-07-02 13:50:53,934 [12] INFO  JYW.ThesisMMO.MMOServer.ActionObjects.ActionObject - Created AxeAutoAttack ActionObject
2017-07-02 13:50:54,945 [13] INFO  JYW.ThesisMMO.MMOServer.ActionObjects.ActionObject - Created AxeAutoAttack ActionObject
2017-07-02 13:50:55,446 [43] INFO  JYW.ThesisMMO.MMOServer.Entities.Attributes.Attribute - Ork 234932 took -5 damage. Health left: 0
2017-07-02 13:50:55,447 [43] INFO  JYW.ThesisMMO.MMOServer.Entity - Ork 234932 died.
2017-07-02 13:50:55,449 [43] INFO  JYW.ThesisMMO.MMOServer.World - Applying aoe to Ork 234932.
2017-07-02 13:51:25,925 [1] INFO  Photon.SocketServer.ApplicationBase - Application is stopping: AppId=MMOServer
2017-07-02 13:51:25,963 [1] INFO  JYW.ThesisMMO.MMOServer.ServerApplication - ------------------------Tear Down------------------------
2017-07-02 13:51:25,963 [1] INFO  Photon.SocketServer.ApplicationBase - Application stop: AppId=MMOServer
2017-07-02 13:57:48,621 [1] INFO  JYW.ThesisMMO.MMOServer.ServerApplication - ------------------------Server Started------------------------
2017-07-02 13:57:48,656 [1] INFO  JYW.ThesisMMO.MMOServer.ServerApplication - Created Game World.
2017-07-02 13:57:48,662 [1] INFO  JYW.ThesisMMO.MMOServer.Entity - Created One Punch Man entity at V(2,00, 0,00, 2,00)
2017-07-02 13:57:48,677 [1] INFO  JYW.ThesisMMO.MMOServer.AI.AIEntity - Created TestBot skill entity.
2017-07-02 13:57:48,678 [1] INFO  JYW.ThesisMMO.MMOServer.Entity - Created Ork 234932 entity at V(0,00, 0,00, -2,00)
2017-07-02 13:57:48,678 [1] INFO  JYW.ThesisMMO.MMOServer.AI.AIEntity - Created TestBot skill entity.
2017-07-02 13:57:48,678 [1] INFO  JYW.ThesisMMO.MMOServer.Entity - Created Ork 452537 entity at V(-3,00, 0,00, 4,00)
2017-07-02 13:57:48,678 [1] INFO  JYW.ThesisMMO.MMOServer.AI.AIEntity - Created TestBot skill entity.
2017-07-02 13:57:48,679 [1] INFO  Photon.SocketServer.ApplicationBase - Application start: AppId=MMOServer; AppPath=D:\Projects\ThesisMMO\deploy\MMOServer, Type=JYW.ThesisMMO.MMOServer.ServerApplication 
2017-07-02 13:57:52,589 [13] INFO  JYW.ThesisMMO.MMOServer.Entity - Created er entity at V(0,00, 0,00, 0,00)
2017-07-02 13:57:54,672 [11] INFO  JYW.ThesisMMO.MMOServer.ActionObjects.ActionObject - Created AxeAutoAttack ActionObject
2017-07-02 13:57:55,195 [16] INFO  JYW.ThesisMMO.MMOServer.Entities.Attributes.Attribute - Ork 452537 took -5 damage. Health left: 95
2017-07-02 13:57:55,196 [16] INFO  JYW.ThesisMMO.MMOServer.World - Applying aoe to Ork 452537.
2017-07-02 13:57:55,674 [14] INFO  JYW.ThesisMMO.MMOServer.ActionObjects.ActionObject - Created AxeAutoAttack ActionObject
2017-07-02 13:57:56,686 [11] INFO  JYW.ThesisMMO.MMOServer.ActionObjects.ActionObject - Created AxeAutoAttack ActionObject
2017-07-02 13:57:57,188 [18] INFO  JYW.ThesisMMO.MMOServer.Entities.Attributes.Attribute - Ork 452537 took -5 damage. Health left: 90
2017-07-02 13:57:57,188 [18] INFO  JYW.ThesisMMO.MMOServer.World - Applying aoe to Ork 452537.
2017-07-02 13:57:57,688 [14] INFO  JYW.ThesisMMO.MMOServer.ActionObjects.ActionObject - Created AxeAutoAttack ActionObject
2017-07-02 13:57:58,698 [14] INFO  JYW.ThesisMMO.MMOServer.ActionObjects.ActionObject - Created AxeAutoAttack ActionObject
2017-07-02 13:57:59,199 [20] INFO  JYW.ThesisMMO.MMOServer.Entities.Attributes.Attribute - Ork 452537 took -5 damage. Health left: 85
2017-07-02 13:57:59,199 [20] INFO  JYW.ThesisMMO.MMOServer.World - Applying aoe to Ork 452537.
2017-07-02 13:57:59,709 [11] INFO  JYW.ThesisMMO.MMOServer.ActionObjects.ActionObject - Created AxeAutoAttack ActionObject
2017-07-02 13:58:00,209 [22] INFO  JYW.ThesisMMO.MMOServer.Entities.Attributes.Attribute - Ork 452537 took -5 damage. Health left: 80
2017-07-02 13:58:00,209 [22] INFO  JYW.ThesisMMO.MMOServer.World - Applying aoe to Ork 452537.
2017-07-02 13:58:00,719 [14] INFO  JYW.ThesisMMO.MMOServer.ActionObjects.ActionObject - Created AxeAutoAttack ActionObject
2017-07-02 13:58:01,220 [24] INFO  JYW.ThesisMMO.MMOServer.Entities.Attributes.Attribute - Ork 452537 took -5 damage. Health left: 75
2017-07-02 13:58:01,220 [24] INFO  JYW.ThesisMMO.MMOServer.World - Applying aoe to Ork 452537.
2017-07-02 13:58:01,730 [11] INFO  JYW.ThesisMMO.MMOServer.ActionObjects.ActionObject - Created AxeAutoAttack ActionObject
2017-07-02 13:58:02,232 [26] INFO  JYW.ThesisMMO.MMOServer.Entities.Attributes.Attribute - Ork 452537 took -5 damage. Health left: 70
2017-07-02 13:58:02,232 [26] INFO  JYW.ThesisMMO.MMOServer.World - Applying aoe to Ork 452537.
2017-07-02 13:58:02,744 [10] INFO  JYW.ThesisMMO.MMOServer.ActionObjects.ActionObject - Created AxeAutoAttack ActionObject
2017-07-02 13:58:03,246 [28] INFO  JYW.ThesisMMO.MMOServer.Entities.Attributes.Attribute - Ork 452537 took -5 damage. Health left: 65
2017-07-02 13:58:03,246 [28] INFO  JYW.ThesisMMO.MMOServer.World - Applying aoe to Ork 452537.
2017-07-02 13:58:03,756 [13] INFO  JYW.ThesisMMO.MMOServer.ActionObjects.ActionObject - Created AxeAutoAttack ActionObject
2017-07-02 13:58:04,257 [30] INFO  JYW.ThesisMMO.MMOServer.Entities.Attributes.Attribute - Ork 452537 took -5 damage. Health left: 60
2017-07-02 13:58:04,257 [30] INFO  JYW.ThesisMMO.MMOServer.World - Applying aoe to Ork 452537.
2017-07-02 13:58:04,766 [10] INFO  JYW.ThesisMMO.MMOServer.ActionObjects.ActionObject - Created AxeAutoAttack ActionObject
2017-07-02 13:58:05,268 [32] INFO  JYW.ThesisMMO.MMOServer.Entities.Attributes.Attribute - Ork 452537 took -5 damage. Health left: 55
2017-07-02 13:58:05,272 [32] INFO  JYW.ThesisMMO.MMOServer.World - Applying aoe to Ork 452537.
2017-07-02 13:58:05,776 [13] INFO  JYW.ThesisMMO.MMOServer.ActionObjects.ActionObject - Created AxeAutoAttack ActionObject
2017-07-02 13:58:06,278 [31] INFO  JYW.ThesisMMO.MMOServer.Entities.Attributes.Attribute - Ork 452537 took -5 damage. Health left: 50
2017-07-02 13:58:06,278 [31] INFO  JYW.ThesisMMO.MMOServer.World - Applying aoe to Ork 452537.
2017-07-02 13:58:06,787 [10] INFO  JYW.ThesisMMO.MMOServer.ActionObjects.ActionObject - Created AxeAutoAttack ActionObject
2017-07-02 13:58:07,289 [29] INFO  JYW.ThesisMMO.MMOServer.Entities.Attributes.Attribute - Ork 452537 took -5 damage. Health left: 45
2017-07-02 13:58:07,289 [29] INFO  JYW.ThesisMMO.MMOServer.World - Applying aoe to Ork 452537.
2017-07-02 13:58:07,798 [13] INFO  JYW.ThesisMMO.MMOServer.ActionObjects.ActionObject - Created AxeAutoAttack ActionObject
2017-07-02 13:58:08,299 [27] INFO  JYW.ThesisMMO.MMOServer.Entities.Attributes.Attribute - Ork 452537 took -5 damage. Health left: 40
2017-07-02 13:58:08,299 [27] INFO  JYW.ThesisMMO.MMOServer.World - Applying aoe to Ork 452537.
2017-07-02 13:58:08,808 [13] INFO  JYW.ThesisMMO.MMOServer.ActionObjects.ActionObject - Created AxeAutoAttack ActionObject
2017-07-02 13:58:09,309 [25] INFO  JYW.ThesisMMO.MMOServer.Entities.Attributes.Attribute - Ork 452537 took -5 damage. Health left: 35
2017-07-02 13:58:09,309 [25] INFO  JYW.ThesisMMO.MMOServer.World - Applying aoe to Ork 452537.
2017-07-02 13:58:09,819 [14] INFO  JYW.ThesisMMO.MMOServer.ActionObjects.ActionObject - Created AxeAutoAttack ActionObject
2017-07-02 13:58:10,320 [23] INFO  JYW.ThesisMMO.MMOServer.Entities.Attributes.Attribute - Ork 452537 took -5 damage. Health left: 30
2017-07-02 13:58:10,320 [23] INFO  JYW.ThesisMMO.MMOServer.World - Applying aoe to Ork 452537.
2017-07-02 13:58:10,829 [13] INFO  JYW.ThesisMMO.MMOServer.ActionObjects.ActionObject - Created AxeAutoAttack ActionObject
2017-07-02 13:58:11,330 [21] INFO  JYW.ThesisMMO.MMOServer.Entities.Attributes.Attribute - Ork 452537 took -5 damage. Health left: 25
2017-07-02 13:58:11,331 [21] INFO  JYW.ThesisMMO.MMOServer.World - Applying aoe to Ork 452537.
2017-07-02 13:58:11,840 [14] INFO  JYW.ThesisMMO.MMOServer.ActionObjects.ActionObject - Created AxeAutoAttack ActionObject
2017-07-02 13:58:12,341 [19] INFO  JYW.ThesisMMO.MMOServer.Entities.Attributes.Attribute - Ork 452537 took -5 damage. Health left: 20
2017-07-02 13:58:12,341 [19] INFO  JYW.ThesisMMO.MMOServer.World - Applying aoe to Ork 452537.
2017-07-02 13:58:12,843 [13] INFO  JYW.ThesisMMO.MMOServer.ActionObjects.ActionObject - Created AxeAutoAttack ActionObject
2017-07-02 13:58:13,344 [17] INFO  JYW.ThesisMMO.MMOServer.Entities.Attributes.Attribute - Ork 452537 took -5 damage. Health left: 15
2017-07-02 13:58:13,346 [17] INFO  JYW.ThesisMMO.MMOServer.World - Applying aoe to Ork 452537.
2017-07-02 13:58:13,853 [14] INFO  JYW.ThesisMMO.MMOServer.ActionObjects.ActionObject - Created AxeAutoAttack ActionObject
2017-07-02 13:58:14,354 [18] INFO  JYW.ThesisMMO.MMOServer.Entities.Attributes.Attribute - Ork 452537 took -5 damage. Health left: 10
2017-07-02 13:58:14,354 [18] INFO  JYW.ThesisMMO.MMOServer.World - Applying aoe to Ork 452537.
2017-07-02 13:58:14,863 [13] INFO  JYW.ThesisMMO.MMOServer.ActionObjects.ActionObject - Created AxeAutoAttack ActionObject
2017-07-02 13:58:15,364 [20] INFO  JYW.ThesisMMO.MMOServer.Entities.Attributes.Attribute - Ork 452537 took -5 damage. Health left: 5
2017-07-02 13:58:15,364 [20] INFO  JYW.ThesisMMO.MMOServer.World - Applying aoe to Ork 452537.
2017-07-02 13:58:15,874 [14] INFO  JYW.ThesisMMO.MMOServer.ActionObjects.ActionObject - Created AxeAutoAttack ActionObject
2017-07-02 13:58:16,375 [22] INFO  JYW.ThesisMMO.MMOServer.Entities.Attributes.Attribute - Ork 452537 took -5 damage. Health left: 0
2017-07-02 13:58:16,376 [22] INFO  JYW.ThesisMMO.MMOServer.Entity - Ork 452537 died.
2017-07-02 13:58:16,378 [22] INFO  JYW.ThesisMMO.MMOServer.World - Applying aoe to Ork 452537.
2017-07-02 13:58:51,844 [11] INFO  JYW.ThesisMMO.MMOServer.ActionObjects.ActionObject - Created AxeAutoAttack ActionObject
2017-07-02 14:00:01,662 [11] INFO  JYW.ThesisMMO.MMOServer.Entity - Created yfghf entity at V(0,00, 0,00, 0,00)
2017-07-02 14:00:02,975 [13] INFO  JYW.ThesisMMO.MMOServer.ActionObjects.ActionObject - Created AxeAutoAttack ActionObject
2017-07-02 14:00:04,599 [10] INFO  JYW.ThesisMMO.MMOServer.ActionObjects.ActionObject - Created AxeAutoAttack ActionObject
2017-07-02 14:00:05,808 [14] INFO  JYW.ThesisMMO.MMOServer.ActionObjects.ActionObject - Created AxeAutoAttack ActionObject
2017-07-02 14:00:06,968 [11] INFO  JYW.ThesisMMO.MMOServer.ActionObjects.ActionObject - Created AxeAutoAttack ActionObject
2017-07-02 14:00:08,343 [13] INFO  JYW.ThesisMMO.MMOServer.ActionObjects.ActionObject - Created AxeAutoAttack ActionObject
2017-07-02 14:00:09,669 [11] INFO  JYW.ThesisMMO.MMOServer.ActionObjects.ActionObject - Created AxeAutoAttack ActionObject
2017-07-02 14:00:11,922 [13] INFO  JYW.ThesisMMO.MMOServer.ActionObjects.ActionObject - Created AxeAutoAttack ActionObject
2017-07-02 14:00:12,423 [36] INFO  JYW.ThesisMMO.MMOServer.Entities.Attributes.Attribute - Ork 234932 took -5 damage. Health left: 95
2017-07-02 14:00:12,423 [36] INFO  JYW.ThesisMMO.MMOServer.World - Applying aoe to Ork 234932.
2017-07-02 14:00:12,932 [10] INFO  JYW.ThesisMMO.MMOServer.ActionObjects.ActionObject - Created AxeAutoAttack ActionObject
2017-07-02 14:00:13,433 [38] INFO  JYW.ThesisMMO.MMOServer.Entities.Attributes.Attribute - Ork 234932 took -5 damage. Health left: 90
2017-07-02 14:00:13,433 [38] INFO  JYW.ThesisMMO.MMOServer.World - Applying aoe to Ork 234932.
2017-07-02 14:00:13,942 [13] INFO  JYW.ThesisMMO.MMOServer.ActionObjects.ActionObject - Created AxeAutoAttack ActionObject
2017-07-02 14:00:14,446 [40] INFO  JYW.ThesisMMO.MMOServer.Entities.Attributes.Attribute - Ork 234932 took -5 damage. Health left: 85
2017-07-02 14:00:14,446 [40] INFO  JYW.ThesisMMO.MMOServer.World - Applying aoe to Ork 234932.
2017-07-02 14:00:14,952 [10] INFO  JYW.ThesisMMO.MMOServer.ActionObjects.ActionObject - Created AxeAutoAttack ActionObject
2017-07-02 14:00:15,455 [42] INFO  JYW.ThesisMMO.MMOServer.Entities.Attributes.Attribute - Ork 234932 took -5 damage. Health left: 80
2017-07-02 14:00:15,455 [42] INFO  JYW.ThesisMMO.MMOServer.World - Applying aoe to Ork 234932.
2017-07-02 14:00:15,963 [13] INFO  JYW.ThesisMMO.MMOServer.ActionObjects.ActionObject - Created AxeAutoAttack ActionObject
2017-07-02 14:00:16,464 [44] INFO  JYW.ThesisMMO.MMOServer.Entities.Attributes.Attribute - Ork 234932 took -5 damage. Health left: 75
2017-07-02 14:00:16,464 [44] INFO  JYW.ThesisMMO.MMOServer.World - Applying aoe to Ork 234932.
2017-07-02 14:00:16,974 [10] INFO  JYW.ThesisMMO.MMOServer.ActionObjects.ActionObject - Created AxeAutoAttack ActionObject
2017-07-02 14:00:17,475 [46] INFO  JYW.ThesisMMO.MMOServer.Entities.Attributes.Attribute - Ork 234932 took -5 damage. Health left: 70
2017-07-02 14:00:17,475 [46] INFO  JYW.ThesisMMO.MMOServer.World - Applying aoe to Ork 234932.
2017-07-02 14:00:17,984 [10] INFO  JYW.ThesisMMO.MMOServer.ActionObjects.ActionObject - Created AxeAutoAttack ActionObject
2017-07-02 14:00:18,486 [48] INFO  JYW.ThesisMMO.MMOServer.Entities.Attributes.Attribute - Ork 234932 took -5 damage. Health left: 65
2017-07-02 14:00:18,486 [48] INFO  JYW.ThesisMMO.MMOServer.World - Applying aoe to Ork 234932.
2017-07-02 14:00:19,001 [10] INFO  JYW.ThesisMMO.MMOServer.ActionObjects.ActionObject - Created AxeAutoAttack ActionObject
2017-07-02 14:00:19,502 [50] INFO  JYW.ThesisMMO.MMOServer.Entities.Attributes.Attribute - Ork 234932 took -5 damage. Health left: 60
2017-07-02 14:00:19,504 [50] INFO  JYW.ThesisMMO.MMOServer.World - Applying aoe to Ork 234932.
2017-07-02 14:00:20,012 [14] INFO  JYW.ThesisMMO.MMOServer.ActionObjects.ActionObject - Created AxeAutoAttack ActionObject
2017-07-02 14:00:20,513 [49] INFO  JYW.ThesisMMO.MMOServer.Entities.Attributes.Attribute - Ork 234932 took -5 damage. Health left: 55
2017-07-02 14:00:20,513 [49] INFO  JYW.ThesisMMO.MMOServer.World - Applying aoe to Ork 234932.
2017-07-02 14:00:21,022 [10] INFO  JYW.ThesisMMO.MMOServer.ActionObjects.ActionObject - Created AxeAutoAttack ActionObject
2017-07-02 14:00:21,523 [47] INFO  JYW.ThesisMMO.MMOServer.Entities.Attributes.Attribute - Ork 234932 took -5 damage. Health left: 50
2017-07-02 14:00:21,524 [47] INFO  JYW.ThesisMMO.MMOServer.World - Applying aoe to Ork 234932.
2017-07-02 14:00:22,033 [14] INFO  JYW.ThesisMMO.MMOServer.ActionObjects.ActionObject - Created AxeAutoAttack ActionObject
2017-07-02 14:00:22,535 [45] INFO  JYW.ThesisMMO.MMOServer.Entities.Attributes.Attribute - Ork 234932 took -5 damage. Health left: 45
2017-07-02 14:00:22,535 [45] INFO  JYW.ThesisMMO.MMOServer.World - Applying aoe to Ork 234932.
2017-07-02 14:00:23,044 [10] INFO  JYW.ThesisMMO.MMOServer.ActionObjects.ActionObject - Created AxeAutoAttack ActionObject
2017-07-02 14:00:23,545 [43] INFO  JYW.ThesisMMO.MMOServer.Entities.Attributes.Attribute - Ork 234932 took -5 damage. Health left: 40
2017-07-02 14:00:23,545 [43] INFO  JYW.ThesisMMO.MMOServer.World - Applying aoe to Ork 234932.
2017-07-02 14:00:24,046 [42] INFO  JYW.ThesisMMO.MMOServer.World - Trying to apply modifier on yfghf but yfghf doesn't exist.
2017-07-02 14:00:30,090 [1] INFO  Photon.SocketServer.ApplicationBase - Application is stopping: AppId=MMOServer
2017-07-02 14:00:30,100 [1] INFO  JYW.ThesisMMO.MMOServer.ServerApplication - ------------------------Tear Down------------------------
2017-07-02 14:00:30,100 [1] INFO  Photon.SocketServer.ApplicationBase - Application stop: AppId=MMOServer
2017-07-02 14:00:34,723 [1] INFO  JYW.ThesisMMO.MMOServer.ServerApplication - ------------------------Server Started------------------------
2017-07-02 14:00:34,757 [1] INFO  JYW.ThesisMMO.MMOServer.ServerApplication - Created Game World.
2017-07-02 14:00:34,763 [1] INFO  JYW.ThesisMMO.MMOServer.Entity - Created One Punch Man entity at V(2,00, 0,00, 2,00)
2017-07-02 14:00:34,779 [1] INFO  JYW.ThesisMMO.MMOServer.AI.AIEntity - Created TestBot skill entity.
2017-07-02 14:00:34,780 [1] INFO  JYW.ThesisMMO.MMOServer.Entity - Created Ork 234932 entity at V(0,00, 0,00, -2,00)
2017-07-02 14:00:34,780 [1] INFO  JYW.ThesisMMO.MMOServer.AI.AIEntity - Created TestBot skill entity.
2017-07-02 14:00:34,780 [1] INFO  JYW.ThesisMMO.MMOServer.Entity - Created Ork 452537 entity at V(-3,00, 0,00, 4,00)
2017-07-02 14:00:34,780 [1] INFO  JYW.ThesisMMO.MMOServer.AI.AIEntity - Created TestBot skill entity.
2017-07-02 14:00:34,780 [1] INFO  Photon.SocketServer.ApplicationBase - Application start: AppId=MMOServer; AppPath=D:\Projects\ThesisMMO\deploy\MMOServer, Type=JYW.ThesisMMO.MMOServer.ServerApplication 
2017-07-02 14:00:51,286 [13] INFO  JYW.ThesisMMO.MMOServer.Entity - Created sadad entity at V(0,00, 0,00, 0,00)
2017-07-02 14:00:52,459 [11] INFO  JYW.ThesisMMO.MMOServer.ActionObjects.ActionObject - Created AxeAutoAttack ActionObject
2017-07-02 14:00:52,973 [16] INFO  JYW.ThesisMMO.MMOServer.Entities.Attributes.Attribute - Ork 234932 took -5 damage. Health left: 95
2017-07-02 14:00:52,973 [16] INFO  JYW.ThesisMMO.MMOServer.World - Applying aoe to Ork 234932.
2017-07-02 14:00:53,463 [13] INFO  JYW.ThesisMMO.MMOServer.ActionObjects.ActionObject - Created AxeAutoAttack ActionObject
2017-07-02 14:00:54,474 [14] INFO  JYW.ThesisMMO.MMOServer.ActionObjects.ActionObject - Created AxeAutoAttack ActionObject
2017-07-02 14:00:54,976 [18] INFO  JYW.ThesisMMO.MMOServer.Entities.Attributes.Attribute - Ork 234932 took -5 damage. Health left: 90
2017-07-02 14:00:54,976 [18] INFO  JYW.ThesisMMO.MMOServer.World - Applying aoe to Ork 234932.
2017-07-02 14:00:55,485 [14] INFO  JYW.ThesisMMO.MMOServer.ActionObjects.ActionObject - Created AxeAutoAttack ActionObject
2017-07-02 14:00:55,987 [20] INFO  JYW.ThesisMMO.MMOServer.Entities.Attributes.Attribute - Ork 234932 took -5 damage. Health left: 85
2017-07-02 14:00:55,987 [20] INFO  JYW.ThesisMMO.MMOServer.World - Applying aoe to Ork 234932.
2017-07-02 14:00:56,487 [10] INFO  JYW.ThesisMMO.MMOServer.ActionObjects.ActionObject - Created AxeAutoAttack ActionObject
2017-07-02 14:00:57,497 [14] INFO  JYW.ThesisMMO.MMOServer.ActionObjects.ActionObject - Created AxeAutoAttack ActionObject
2017-07-02 14:00:57,998 [22] INFO  JYW.ThesisMMO.MMOServer.Entities.Attributes.Attribute - Ork 234932 took -5 damage. Health left: 80
2017-07-02 14:00:57,998 [22] INFO  JYW.ThesisMMO.MMOServer.World - Applying aoe to Ork 234932.
2017-07-02 14:00:58,507 [10] INFO  JYW.ThesisMMO.MMOServer.ActionObjects.ActionObject - Created AxeAutoAttack ActionObject
2017-07-02 14:00:59,008 [24] INFO  JYW.ThesisMMO.MMOServer.Entities.Attributes.Attribute - Ork 234932 took -5 damage. Health left: 75
2017-07-02 14:00:59,008 [24] INFO  JYW.ThesisMMO.MMOServer.World - Applying aoe to Ork 234932.
2017-07-02 14:01:14,988 [11] INFO  JYW.ThesisMMO.MMOServer.ActionObjects.ActionObject - Created AxeAutoAttack ActionObject
2017-07-02 14:01:15,490 [26] INFO  JYW.ThesisMMO.MMOServer.Entities.Attributes.Attribute - Ork 452537 took -5 damage. Health left: 95
2017-07-02 14:01:15,492 [26] INFO  JYW.ThesisMMO.MMOServer.World - Applying aoe to Ork 452537.
2017-07-02 14:01:15,999 [13] INFO  JYW.ThesisMMO.MMOServer.ActionObjects.ActionObject - Created AxeAutoAttack ActionObject
2017-07-02 14:01:16,500 [25] INFO  JYW.ThesisMMO.MMOServer.Entities.Attributes.Attribute - Ork 452537 took -5 damage. Health left: 90
2017-07-02 14:01:16,500 [25] INFO  JYW.ThesisMMO.MMOServer.World - Applying aoe to Ork 452537.
2017-07-02 14:01:17,009 [11] INFO  JYW.ThesisMMO.MMOServer.ActionObjects.ActionObject - Created AxeAutoAttack ActionObject
2017-07-02 14:01:17,510 [23] INFO  JYW.ThesisMMO.MMOServer.Entities.Attributes.Attribute - Ork 452537 took -5 damage. Health left: 85
2017-07-02 14:01:17,510 [23] INFO  JYW.ThesisMMO.MMOServer.World - Applying aoe to Ork 452537.
2017-07-02 14:01:18,020 [10] INFO  JYW.ThesisMMO.MMOServer.ActionObjects.ActionObject - Created AxeAutoAttack ActionObject
2017-07-02 14:01:18,521 [21] INFO  JYW.ThesisMMO.MMOServer.Entities.Attributes.Attribute - Ork 452537 took -5 damage. Health left: 80
2017-07-02 14:01:18,521 [21] INFO  JYW.ThesisMMO.MMOServer.World - Applying aoe to Ork 452537.
2017-07-02 14:01:19,030 [10] INFO  JYW.ThesisMMO.MMOServer.ActionObjects.ActionObject - Created AxeAutoAttack ActionObject
2017-07-02 14:01:19,531 [19] INFO  JYW.ThesisMMO.MMOServer.Entities.Attributes.Attribute - Ork 452537 took -5 damage. Health left: 75
2017-07-02 14:01:19,531 [19] INFO  JYW.ThesisMMO.MMOServer.World - Applying aoe to Ork 452537.
2017-07-02 14:01:20,041 [13] INFO  JYW.ThesisMMO.MMOServer.ActionObjects.ActionObject - Created AxeAutoAttack ActionObject
2017-07-02 14:01:20,543 [17] INFO  JYW.ThesisMMO.MMOServer.Entities.Attributes.Attribute - Ork 452537 took -5 damage. Health left: 70
2017-07-02 14:01:20,543 [17] INFO  JYW.ThesisMMO.MMOServer.World - Applying aoe to Ork 452537.
2017-07-02 14:01:21,052 [13] INFO  JYW.ThesisMMO.MMOServer.ActionObjects.ActionObject - Created AxeAutoAttack ActionObject
2017-07-02 14:01:21,553 [8] INFO  JYW.ThesisMMO.MMOServer.Entities.Attributes.Attribute - Ork 452537 took -5 damage. Health left: 65
2017-07-02 14:01:21,555 [8] INFO  JYW.ThesisMMO.MMOServer.World - Applying aoe to Ork 452537.
2017-07-02 14:01:22,062 [14] INFO  JYW.ThesisMMO.MMOServer.ActionObjects.ActionObject - Created AxeAutoAttack ActionObject
2017-07-02 14:01:22,563 [16] INFO  JYW.ThesisMMO.MMOServer.Entities.Attributes.Attribute - Ork 452537 took -5 damage. Health left: 60
2017-07-02 14:01:22,563 [16] INFO  JYW.ThesisMMO.MMOServer.World - Applying aoe to Ork 452537.
2017-07-02 14:01:23,073 [14] INFO  JYW.ThesisMMO.MMOServer.ActionObjects.ActionObject - Created AxeAutoAttack ActionObject
2017-07-02 14:01:23,574 [18] INFO  JYW.ThesisMMO.MMOServer.Entities.Attributes.Attribute - Ork 452537 took -5 damage. Health left: 55
2017-07-02 14:01:23,574 [18] INFO  JYW.ThesisMMO.MMOServer.World - Applying aoe to Ork 452537.
2017-07-02 14:01:24,083 [10] INFO  JYW.ThesisMMO.MMOServer.ActionObjects.ActionObject - Created AxeAutoAttack ActionObject
2017-07-02 14:01:24,584 [20] INFO  JYW.ThesisMMO.MMOServer.Entities.Attributes.Attribute - Ork 452537 took -5 damage. Health left: 50
2017-07-02 14:01:24,584 [20] INFO  JYW.ThesisMMO.MMOServer.World - Applying aoe to Ork 452537.
2017-07-02 14:01:25,099 [13] INFO  JYW.ThesisMMO.MMOServer.ActionObjects.ActionObject - Created AxeAutoAttack ActionObject
2017-07-02 14:01:26,110 [11] INFO  JYW.ThesisMMO.MMOServer.ActionObjects.ActionObject - Created AxeAutoAttack ActionObject
2017-07-02 14:01:27,121 [10] INFO  JYW.ThesisMMO.MMOServer.ActionObjects.ActionObject - Created AxeAutoAttack ActionObject
2017-07-02 14:01:27,622 [26] INFO  JYW.ThesisMMO.MMOServer.Entities.Attributes.Attribute - Ork 452537 took -5 damage. Health left: 45
2017-07-02 14:01:27,622 [26] INFO  JYW.ThesisMMO.MMOServer.World - Applying aoe to Ork 452537.
2017-07-02 14:01:28,131 [14] INFO  JYW.ThesisMMO.MMOServer.ActionObjects.ActionObject - Created AxeAutoAttack ActionObject
2017-07-02 14:01:28,634 [28] INFO  JYW.ThesisMMO.MMOServer.Entities.Attributes.Attribute - Ork 452537 took -5 damage. Health left: 40
2017-07-02 14:01:28,634 [28] INFO  JYW.ThesisMMO.MMOServer.World - Applying aoe to Ork 452537.
2017-07-02 14:01:29,142 [10] INFO  JYW.ThesisMMO.MMOServer.ActionObjects.ActionObject - Created AxeAutoAttack ActionObject
2017-07-02 14:01:29,643 [30] INFO  JYW.ThesisMMO.MMOServer.Entities.Attributes.Attribute - Ork 452537 took -5 damage. Health left: 35
2017-07-02 14:01:29,643 [30] INFO  JYW.ThesisMMO.MMOServer.World - Applying aoe to Ork 452537.
2017-07-02 14:01:30,152 [14] INFO  JYW.ThesisMMO.MMOServer.ActionObjects.ActionObject - Created AxeAutoAttack ActionObject
2017-07-02 14:01:30,653 [32] INFO  JYW.ThesisMMO.MMOServer.Entities.Attributes.Attribute - Ork 452537 took -5 damage. Health left: 30
2017-07-02 14:01:30,653 [32] INFO  JYW.ThesisMMO.MMOServer.World - Applying aoe to Ork 452537.
2017-07-02 14:01:31,163 [14] INFO  JYW.ThesisMMO.MMOServer.ActionObjects.ActionObject - Created AxeAutoAttack ActionObject
2017-07-02 14:01:31,665 [34] INFO  JYW.ThesisMMO.MMOServer.Entities.Attributes.Attribute - Ork 452537 took -5 damage. Health left: 25
2017-07-02 14:01:31,667 [34] INFO  JYW.ThesisMMO.MMOServer.World - Applying aoe to Ork 452537.
2017-07-02 14:01:32,174 [13] INFO  JYW.ThesisMMO.MMOServer.ActionObjects.ActionObject - Created AxeAutoAttack ActionObject
2017-07-02 14:01:32,676 [33] INFO  JYW.ThesisMMO.MMOServer.Entities.Attributes.Attribute - Ork 452537 took -5 damage. Health left: 20
2017-07-02 14:01:32,676 [33] INFO  JYW.ThesisMMO.MMOServer.World - Applying aoe to Ork 452537.
2017-07-02 14:01:33,185 [11] INFO  JYW.ThesisMMO.MMOServer.ActionObjects.ActionObject - Created AxeAutoAttack ActionObject
2017-07-02 14:01:33,686 [31] INFO  JYW.ThesisMMO.MMOServer.Entities.Attributes.Attribute - Ork 452537 took -5 damage. Health left: 15
2017-07-02 14:01:33,686 [31] INFO  JYW.ThesisMMO.MMOServer.World - Applying aoe to Ork 452537.
2017-07-02 14:01:34,187 [14] INFO  JYW.ThesisMMO.MMOServer.ActionObjects.ActionObject - Created AxeAutoAttack ActionObject
2017-07-02 14:01:35,197 [14] INFO  JYW.ThesisMMO.MMOServer.ActionObjects.ActionObject - Created AxeAutoAttack ActionObject
2017-07-02 14:01:35,698 [29] INFO  JYW.ThesisMMO.MMOServer.Entities.Attributes.Attribute - Ork 452537 took -5 damage. Health left: 10
2017-07-02 14:01:35,698 [29] INFO  JYW.ThesisMMO.MMOServer.World - Applying aoe to Ork 452537.
2017-07-02 14:01:36,207 [10] INFO  JYW.ThesisMMO.MMOServer.ActionObjects.ActionObject - Created AxeAutoAttack ActionObject
2017-07-02 14:01:36,708 [27] INFO  JYW.ThesisMMO.MMOServer.Entities.Attributes.Attribute - Ork 452537 took -5 damage. Health left: 5
2017-07-02 14:01:36,708 [27] INFO  JYW.ThesisMMO.MMOServer.World - Applying aoe to Ork 452537.
2017-07-02 14:01:37,218 [14] INFO  JYW.ThesisMMO.MMOServer.ActionObjects.ActionObject - Created AxeAutoAttack ActionObject
2017-07-02 14:01:37,719 [25] INFO  JYW.ThesisMMO.MMOServer.Entities.Attributes.Attribute - Ork 452537 took -5 damage. Health left: 0
2017-07-02 14:01:37,720 [25] INFO  JYW.ThesisMMO.MMOServer.Entity - Ork 452537 died.
2017-07-02 14:01:37,723 [25] INFO  JYW.ThesisMMO.MMOServer.World - Applying aoe to Ork 452537.
2017-07-02 14:01:47,079 [14] INFO  JYW.ThesisMMO.MMOServer.Entity - Created ewwer entity at V(0,00, 0,00, 0,00)
2017-07-02 14:01:48,703 [11] INFO  JYW.ThesisMMO.MMOServer.ActionObjects.ActionObject - Created BowAutoAttack ActionObject
2017-07-02 14:01:49,207 [23] INFO  JYW.ThesisMMO.MMOServer.ActionObjects.ActionObject - Bow Attack LookDir is V(0,88, 0,00, 0,48)
2017-07-02 14:01:49,210 [23] INFO  JYW.ThesisMMO.MMOServer.Entities.Attributes.Attribute - One Punch Man took -5 damage. Health left: 95
2017-07-02 14:01:49,210 [23] INFO  JYW.ThesisMMO.MMOServer.World - Applying aoe to One Punch Man.
2017-07-02 14:01:49,723 [14] INFO  JYW.ThesisMMO.MMOServer.ActionObjects.ActionObject - Created BowAutoAttack ActionObject
2017-07-02 14:01:50,224 [21] INFO  JYW.ThesisMMO.MMOServer.ActionObjects.ActionObject - Bow Attack LookDir is V(0,92, 0,00, 0,39)
2017-07-02 14:01:50,224 [21] INFO  JYW.ThesisMMO.MMOServer.Entities.Attributes.Attribute - One Punch Man took -5 damage. Health left: 90
2017-07-02 14:01:50,225 [21] INFO  JYW.ThesisMMO.MMOServer.World - Applying aoe to One Punch Man.
2017-07-02 14:01:50,733 [11] INFO  JYW.ThesisMMO.MMOServer.ActionObjects.ActionObject - Created BowAutoAttack ActionObject
2017-07-02 14:01:51,234 [19] INFO  JYW.ThesisMMO.MMOServer.ActionObjects.ActionObject - Bow Attack LookDir is V(0,92, 0,00, 0,39)
2017-07-02 14:01:51,234 [19] INFO  JYW.ThesisMMO.MMOServer.Entities.Attributes.Attribute - One Punch Man took -5 damage. Health left: 85
2017-07-02 14:01:51,235 [19] INFO  JYW.ThesisMMO.MMOServer.World - Applying aoe to One Punch Man.
2017-07-02 14:01:51,744 [14] INFO  JYW.ThesisMMO.MMOServer.ActionObjects.ActionObject - Created BowAutoAttack ActionObject
2017-07-02 14:01:52,245 [18] INFO  JYW.ThesisMMO.MMOServer.ActionObjects.ActionObject - Bow Attack LookDir is V(0,97, 0,00, 0,25)
2017-07-02 14:01:55,147 [13] INFO  JYW.ThesisMMO.MMOServer.ActionObjects.ActionObject - Created BowAutoAttack ActionObject
2017-07-02 14:01:55,649 [16] INFO  JYW.ThesisMMO.MMOServer.ActionObjects.ActionObject - Bow Attack LookDir is V(0,95, 0,00, 0,30)
2017-07-02 14:01:55,649 [16] INFO  JYW.ThesisMMO.MMOServer.Entities.Attributes.Attribute - One Punch Man took -5 damage. Health left: 80
2017-07-02 14:01:55,649 [16] INFO  JYW.ThesisMMO.MMOServer.World - Applying aoe to One Punch Man.
2017-07-02 14:01:56,158 [10] INFO  JYW.ThesisMMO.MMOServer.ActionObjects.ActionObject - Created BowAutoAttack ActionObject
2017-07-02 14:01:56,659 [20] INFO  JYW.ThesisMMO.MMOServer.ActionObjects.ActionObject - Bow Attack LookDir is V(0,98, 0,00, 0,19)
2017-07-02 14:01:56,659 [20] INFO  JYW.ThesisMMO.MMOServer.Entities.Attributes.Attribute - One Punch Man took -5 damage. Health left: 75
2017-07-02 14:01:56,659 [20] INFO  JYW.ThesisMMO.MMOServer.World - Applying aoe to One Punch Man.
2017-07-02 14:01:57,169 [13] INFO  JYW.ThesisMMO.MMOServer.ActionObjects.ActionObject - Created BowAutoAttack ActionObject
2017-07-02 14:01:57,670 [22] INFO  JYW.ThesisMMO.MMOServer.ActionObjects.ActionObject - Bow Attack LookDir is V(0,98, 0,00, 0,19)
2017-07-02 14:01:57,670 [22] INFO  JYW.ThesisMMO.MMOServer.Entities.Attributes.Attribute - One Punch Man took -5 damage. Health left: 70
2017-07-02 14:01:57,670 [22] INFO  JYW.ThesisMMO.MMOServer.World - Applying aoe to One Punch Man.
2017-07-02 14:01:58,179 [14] INFO  JYW.ThesisMMO.MMOServer.ActionObjects.ActionObject - Created BowAutoAttack ActionObject
2017-07-02 14:01:58,681 [24] INFO  JYW.ThesisMMO.MMOServer.ActionObjects.ActionObject - Bow Attack LookDir is V(1,00, 0,00, -0,01)
2017-07-02 14:01:58,681 [24] INFO  JYW.ThesisMMO.MMOServer.Entities.Attributes.Attribute - One Punch Man took -5 damage. Health left: 65
2017-07-02 14:01:58,681 [24] INFO  JYW.ThesisMMO.MMOServer.World - Applying aoe to One Punch Man.
2017-07-02 14:01:59,190 [14] INFO  JYW.ThesisMMO.MMOServer.ActionObjects.ActionObject - Created BowAutoAttack ActionObject
2017-07-02 14:01:59,692 [26] INFO  JYW.ThesisMMO.MMOServer.ActionObjects.ActionObject - Bow Attack LookDir is V(0,45, 0,00, -0,89)
2017-07-02 14:02:00,200 [10] INFO  JYW.ThesisMMO.MMOServer.ActionObjects.ActionObject - Created BowAutoAttack ActionObject
2017-07-02 14:02:00,701 [28] INFO  JYW.ThesisMMO.MMOServer.ActionObjects.ActionObject - Bow Attack LookDir is V(-0,10, 0,00, -0,99)
2017-07-02 14:02:00,701 [28] INFO  JYW.ThesisMMO.MMOServer.Entities.Attributes.Attribute - One Punch Man took -5 damage. Health left: 60
2017-07-02 14:02:00,701 [28] INFO  JYW.ThesisMMO.MMOServer.World - Applying aoe to One Punch Man.
2017-07-02 14:02:01,211 [13] INFO  JYW.ThesisMMO.MMOServer.ActionObjects.ActionObject - Created BowAutoAttack ActionObject
2017-07-02 14:02:01,712 [30] INFO  JYW.ThesisMMO.MMOServer.ActionObjects.ActionObject - Bow Attack LookDir is V(-0,10, 0,00, -0,99)
2017-07-02 14:02:01,712 [30] INFO  JYW.ThesisMMO.MMOServer.Entities.Attributes.Attribute - One Punch Man took -5 damage. Health left: 55
2017-07-02 14:02:01,712 [30] INFO  JYW.ThesisMMO.MMOServer.World - Applying aoe to One Punch Man.
2017-07-02 14:02:02,221 [10] INFO  JYW.ThesisMMO.MMOServer.ActionObjects.ActionObject - Created BowAutoAttack ActionObject
2017-07-02 14:02:02,722 [32] INFO  JYW.ThesisMMO.MMOServer.ActionObjects.ActionObject - Bow Attack LookDir is V(-0,51, 0,00, -0,86)
2017-07-02 14:02:02,722 [32] INFO  JYW.ThesisMMO.MMOServer.Entities.Attributes.Attribute - One Punch Man took -5 damage. Health left: 50
2017-07-02 14:02:02,722 [32] INFO  JYW.ThesisMMO.MMOServer.World - Applying aoe to One Punch Man.
2017-07-02 14:02:03,232 [14] INFO  JYW.ThesisMMO.MMOServer.ActionObjects.ActionObject - Created BowAutoAttack ActionObject
2017-07-02 14:02:03,733 [34] INFO  JYW.ThesisMMO.MMOServer.ActionObjects.ActionObject - Bow Attack LookDir is V(-0,74, 0,00, -0,68)
2017-07-02 14:02:03,733 [34] INFO  JYW.ThesisMMO.MMOServer.Entities.Attributes.Attribute - One Punch Man took -5 damage. Health left: 45
2017-07-02 14:02:03,735 [34] INFO  JYW.ThesisMMO.MMOServer.World - Applying aoe to One Punch Man.
2017-07-02 14:02:04,242 [13] INFO  JYW.ThesisMMO.MMOServer.ActionObjects.ActionObject - Created BowAutoAttack ActionObject
2017-07-02 14:02:04,743 [33] INFO  JYW.ThesisMMO.MMOServer.ActionObjects.ActionObject - Bow Attack LookDir is V(-0,74, 0,00, -0,68)
2017-07-02 14:02:04,743 [33] INFO  JYW.ThesisMMO.MMOServer.Entities.Attributes.Attribute - One Punch Man took -5 damage. Health left: 40
2017-07-02 14:02:04,743 [33] INFO  JYW.ThesisMMO.MMOServer.World - Applying aoe to One Punch Man.
2017-07-02 14:02:05,252 [10] INFO  JYW.ThesisMMO.MMOServer.ActionObjects.ActionObject - Created BowAutoAttack ActionObject
2017-07-02 14:02:05,754 [31] INFO  JYW.ThesisMMO.MMOServer.ActionObjects.ActionObject - Bow Attack LookDir is V(-0,76, 0,00, -0,65)
2017-07-02 14:02:22,091 [1] INFO  Photon.SocketServer.ApplicationBase - Application is stopping: AppId=MMOServer
2017-07-02 14:02:22,100 [1] INFO  JYW.ThesisMMO.MMOServer.ServerApplication - ------------------------Tear Down------------------------
2017-07-02 14:02:22,100 [1] INFO  Photon.SocketServer.ApplicationBase - Application stop: AppId=MMOServer
