5444: 13:03:01.407 - ---
5444: 13:03:01.407 - Service: "Photon Socket Server" starting
5444: 13:03:01.407 - Config File: D:\Projects\ThesisMMO\deploy\bin_Win64\PhotonServer.config
5444: 13:03:01.408 - Will produce at most: 10 crash dumps
5444: 13:03:01.408 - Service shutting down
5444: 13:03:01.409 - Service shut down complete
11784: 14:36:12.220 - ---
11784: 14:36:12.220 - Service: "Photon Socket Server" starting
11784: 14:36:12.220 - Config File: D:\Projects\ThesisMMO\deploy\bin_Win64\PhotonServer.config
11784: 14:36:12.221 - Will produce at most: 10 crash dumps
11784: 14:36:12.221 - Service shutting down
11784: 14:36:12.222 - Service shut down complete
996: 14:43:57.904 - ---
996: 14:43:57.904 - Service: "Photon Socket Server" starting
996: 14:43:57.905 - Config File: D:\Projects\ThesisMMO\deploy\bin_Win64\PhotonServer.config
996: 14:43:57.905 - Will produce at most: 10 crash dumps
996: 14:43:57.905 - Service shutting down
996: 14:43:57.906 - Service shut down complete
8776: 15:03:41.274 - ---
8776: 15:03:41.274 - Service: "Photon Socket Server" starting
8776: 15:03:41.274 - Config File: D:\Projects\ThesisMMO\deploy\bin_Win64\PhotonServer.config
8776: 15:03:41.275 - Will produce at most: 10 crash dumps
8776: 15:03:41.275 - Service shutting down
8776: 15:03:41.276 - Service shut down complete
10844: 15:04:41.468 - ---
10844: 15:04:41.468 - Service: "Photon Socket Server" starting
10844: 15:04:41.468 - Config File: D:\Projects\ThesisMMO\deploy\bin_Win64\PhotonServer.config
10844: 15:04:41.469 - Will produce at most: 10 crash dumps
10844: 15:04:41.469 - Service shutting down
10844: 15:04:41.470 - Service shut down complete
