2017-04-17 17:01:04,395 [ 1] INFO  PhotonHostRuntime.PhotonDomainManager - Initialize: ApplicationName = 'DefaultDomain', DomainID = '1'
2017-04-17 17:01:04,411 [ 1] INFO  PhotonHostRuntime.PhotonDomainManager - AppDomains with unhandled exceptions are usually not unloaded and restarted.
2017-04-17 17:01:04,415 [ 1] INFO  PhotonHostRuntime.PhotonDomainManager - Getting license information:
2017-04-17 17:01:04,741 [ 1] INFO  PhotonHostRuntime.PhotonLicensing - LICENSE: Type:Standard; Plan:Free; Expiration: never; floating license: yes; max connections: 100; valid IPs: any; status:Licensed
2017-04-17 17:01:05,971 [ 1] INFO  PhotonHostRuntime.PhotonDomainManager - CreateAppDomain: name = 'MMOServer' , assemblyName = 'MMOServer'
2017-04-17 17:01:05,975 [ 1] INFO  PhotonHostRuntime.PhotonDomainManager -   ApplicationBase = 'D:\Projects\ThesisMMO\deploy'
2017-04-17 17:01:05,978 [ 1] INFO  PhotonHostRuntime.PhotonDomainManager -   PrivateBinPath = 'D:\Projects\ThesisMMO\deploy\MMOServer\bin;bin_Win64;Shared;'
2017-04-17 17:01:05,981 [ 1] INFO  PhotonHostRuntime.PhotonDomainManager -   ConfigurationFile = ''
2017-04-17 17:01:05,984 [ 1] INFO  PhotonHostRuntime.PhotonDomainManager -   CachePath = ''
2017-04-17 17:01:06,015 [ 1] INFO  PhotonHostRuntime.PhotonDomainManager -   ApplicationPath = 'D:\Projects\ThesisMMO\deploy\MMOServer'
2017-04-17 17:01:06,018 [ 1] INFO  PhotonHostRuntime.PhotonDomainManager -   BinaryPath = 'D:\Projects\ThesisMMO\deploy\MMOServer\bin'
2017-04-17 17:01:06,021 [ 1] INFO  PhotonHostRuntime.PhotonDomainManager -   ApplicationRootPath = 'D:\Projects\ThesisMMO\deploy'
2017-04-17 17:01:06,024 [ 1] INFO  PhotonHostRuntime.PhotonDomainManager -   UnmanagedLogPath = 'D:\Projects\ThesisMMO\deploy\bin_Win64\log'
2017-04-17 17:01:06,031 [ 1] INFO  PhotonHostRuntime.PhotonDomainManager - AssemblyLoadEvent: MMOServer, Version=1.0.0.0, Culture=neutral, PublicKeyToken=null from file:///D:/Projects/ThesisMMO/deploy/MMOServer/bin/MMOServer.DLL
2017-04-17 17:01:06,035 [ 1] INFO  PhotonHostRuntime.PhotonDomainManager - Photon SDK:4.0.28.11245
2017-04-17 17:01:06,042 [ 1] INFO  PhotonHostRuntime.PhotonDomainManager - RequestStop: ApplicationName = 'DefaultDomain', DomainId='1'
2017-04-17 17:02:40,072 [ 1] INFO  PhotonHostRuntime.PhotonDomainManager - Initialize: ApplicationName = 'DefaultDomain', DomainID = '1'
2017-04-17 17:02:40,090 [ 1] INFO  PhotonHostRuntime.PhotonDomainManager - AppDomains with unhandled exceptions are usually not unloaded and restarted.
2017-04-17 17:02:40,094 [ 1] INFO  PhotonHostRuntime.PhotonDomainManager - Getting license information:
2017-04-17 17:02:40,430 [ 1] INFO  PhotonHostRuntime.PhotonLicensing - LICENSE: Type:Standard; Plan:Free; Expiration: never; floating license: yes; max connections: 100; valid IPs: any; status:Licensed
2017-04-17 17:02:41,630 [ 1] INFO  PhotonHostRuntime.PhotonDomainManager - RequestStop: ApplicationName = 'DefaultDomain', DomainId='1'
2017-04-17 17:02:51,953 [ 1] INFO  PhotonHostRuntime.PhotonDomainManager - Initialize: ApplicationName = 'DefaultDomain', DomainID = '1'
2017-04-17 17:02:51,970 [ 1] INFO  PhotonHostRuntime.PhotonDomainManager - AppDomains with unhandled exceptions are usually not unloaded and restarted.
2017-04-17 17:02:51,975 [ 1] INFO  PhotonHostRuntime.PhotonDomainManager - Getting license information:
2017-04-17 17:02:52,316 [ 1] INFO  PhotonHostRuntime.PhotonLicensing - LICENSE: Type:Standard; Plan:Free; Expiration: never; floating license: yes; max connections: 100; valid IPs: any; status:Licensed
2017-04-17 17:02:53,510 [ 1] INFO  PhotonHostRuntime.PhotonDomainManager - RequestStop: ApplicationName = 'DefaultDomain', DomainId='1'
2017-04-17 17:05:48,187 [ 1] INFO  PhotonHostRuntime.PhotonDomainManager - Initialize: ApplicationName = 'DefaultDomain', DomainID = '1'
2017-04-17 17:05:48,203 [ 1] INFO  PhotonHostRuntime.PhotonDomainManager - AppDomains with unhandled exceptions are usually not unloaded and restarted.
2017-04-17 17:05:48,208 [ 1] INFO  PhotonHostRuntime.PhotonDomainManager - Getting license information:
2017-04-17 17:05:48,541 [ 1] INFO  PhotonHostRuntime.PhotonLicensing - LICENSE: Type:Standard; Plan:Free; Expiration: never; floating license: yes; max connections: 100; valid IPs: any; status:Licensed
2017-04-17 17:05:49,729 [ 1] INFO  PhotonHostRuntime.PhotonDomainManager - RequestStop: ApplicationName = 'DefaultDomain', DomainId='1'
2017-04-17 17:05:57,210 [ 1] INFO  PhotonHostRuntime.PhotonDomainManager - Initialize: ApplicationName = 'DefaultDomain', DomainID = '1'
2017-04-17 17:05:57,228 [ 1] INFO  PhotonHostRuntime.PhotonDomainManager - AppDomains with unhandled exceptions are usually not unloaded and restarted.
2017-04-17 17:05:57,232 [ 1] INFO  PhotonHostRuntime.PhotonDomainManager - Getting license information:
2017-04-17 17:05:57,571 [ 1] INFO  PhotonHostRuntime.PhotonLicensing - LICENSE: Type:Standard; Plan:Free; Expiration: never; floating license: yes; max connections: 100; valid IPs: any; status:Licensed
2017-04-17 17:05:58,770 [ 1] INFO  PhotonHostRuntime.PhotonDomainManager - RequestStop: ApplicationName = 'DefaultDomain', DomainId='1'
2017-04-17 17:09:12,739 [ 1] INFO  PhotonHostRuntime.PhotonDomainManager - Initialize: ApplicationName = 'DefaultDomain', DomainID = '1'
2017-04-17 17:09:12,756 [ 1] INFO  PhotonHostRuntime.PhotonDomainManager - AppDomains with unhandled exceptions are usually not unloaded and restarted.
2017-04-17 17:09:12,760 [ 1] INFO  PhotonHostRuntime.PhotonDomainManager - Getting license information:
2017-04-17 17:09:13,094 [ 1] INFO  PhotonHostRuntime.PhotonLicensing - LICENSE: Type:Standard; Plan:Free; Expiration: never; floating license: yes; max connections: 100; valid IPs: any; status:Licensed
2017-04-17 17:09:14,298 [ 1] INFO  PhotonHostRuntime.PhotonDomainManager - CreateAppDomain: name = 'ChatServer' , assemblyName = 'ChatServer'
2017-04-17 17:09:14,302 [ 1] INFO  PhotonHostRuntime.PhotonDomainManager -   ApplicationBase = 'D:\Projects\ThesisMMO\deploy'
2017-04-17 17:09:14,304 [ 1] INFO  PhotonHostRuntime.PhotonDomainManager -   PrivateBinPath = 'D:\Projects\ThesisMMO\deploy\ChatServer\bin;bin_Win64;Shared;'
2017-04-17 17:09:14,308 [ 1] INFO  PhotonHostRuntime.PhotonDomainManager -   ConfigurationFile = ''
2017-04-17 17:09:14,311 [ 1] INFO  PhotonHostRuntime.PhotonDomainManager -   CachePath = ''
2017-04-17 17:09:14,343 [ 1] INFO  PhotonHostRuntime.PhotonDomainManager -   ApplicationPath = 'D:\Projects\ThesisMMO\deploy\ChatServer'
2017-04-17 17:09:14,346 [ 1] INFO  PhotonHostRuntime.PhotonDomainManager -   BinaryPath = 'D:\Projects\ThesisMMO\deploy\ChatServer\bin'
2017-04-17 17:09:14,349 [ 1] INFO  PhotonHostRuntime.PhotonDomainManager -   ApplicationRootPath = 'D:\Projects\ThesisMMO\deploy'
2017-04-17 17:09:14,352 [ 1] INFO  PhotonHostRuntime.PhotonDomainManager -   UnmanagedLogPath = 'D:\Projects\ThesisMMO\deploy\bin_Win64\log'
2017-04-17 17:09:14,359 [ 1] INFO  PhotonHostRuntime.PhotonDomainManager - AssemblyLoadEvent: ChatServer, Version=1.0.0.0, Culture=neutral, PublicKeyToken=null from file:///D:/Projects/ThesisMMO/deploy/ChatServer/bin/ChatServer.DLL
2017-04-17 17:09:14,362 [ 1] INFO  PhotonHostRuntime.PhotonDomainManager - Photon SDK:4.0.28.11245
2017-04-17 17:09:14,367 [ 1] INFO  PhotonHostRuntime.PhotonDomainManager - AssemblyLoadEvent: Photon.SocketServer, Version=4.0.28.11245, Culture=neutral, PublicKeyToken=48c2fa3b6988090e from file:///D:/Projects/ThesisMMO/deploy/ChatServer/bin/Photon.SocketServer.DLL
2017-04-17 17:09:14,372 [ 1] INFO  PhotonHostRuntime.PhotonDomainManager - AssemblyLoadEvent: ExitGamesLibs, Version=1.0.4.0, Culture=neutral, PublicKeyToken=eac0edd9746a4aa0 from file:///D:/Projects/ThesisMMO/deploy/ChatServer/bin/ExitGamesLibs.DLL
2017-04-17 17:09:14,378 [ 1] INFO  PhotonHostRuntime.PhotonDomainManager - Starting: name = 'ChatServer', assemblyName = 'ChatServer', typeName = 'ChatServer'
2017-04-17 17:09:14,387 [ 1] INFO  PhotonHostRuntime.PhotonDomainManager - PhotonRunning: ApplicationName = 'ChatServer', DomainId='2' -- calling Application.Setup
2017-04-17 17:09:14,398 [ 1] INFO  PhotonHostRuntime.PhotonDomainManager - PhotonRunning: ApplicationName = 'DefaultDomain', DomainId='1'
2017-04-17 17:10:10,566 [ 1] INFO  PhotonHostRuntime.PhotonDomainManager - RequestStop: ApplicationName = 'ChatServer', DomainId='2' -- calling Application.OnStopRequested()
2017-04-17 17:10:10,571 [ 1] INFO  PhotonHostRuntime.PhotonDomainManager - RequestStop: ApplicationName = 'DefaultDomain', DomainId='1'
2017-04-17 17:10:10,576 [ 1] INFO  PhotonHostRuntime.PhotonDomainManager - Stop: ApplicationName = 'ChatServer', DomainId='2' -- calling Application.TearDown()
2017-04-17 17:10:23,589 [ 1] INFO  PhotonHostRuntime.PhotonDomainManager - Initialize: ApplicationName = 'DefaultDomain', DomainID = '1'
2017-04-17 17:10:23,605 [ 1] INFO  PhotonHostRuntime.PhotonDomainManager - AppDomains with unhandled exceptions are usually not unloaded and restarted.
2017-04-17 17:10:23,610 [ 1] INFO  PhotonHostRuntime.PhotonDomainManager - Getting license information:
2017-04-17 17:10:23,935 [ 1] INFO  PhotonHostRuntime.PhotonLicensing - LICENSE: Type:Standard; Plan:Free; Expiration: never; floating license: yes; max connections: 100; valid IPs: any; status:Licensed
2017-04-17 17:10:25,149 [ 1] INFO  PhotonHostRuntime.PhotonDomainManager - CreateAppDomain: name = 'ChatServer' , assemblyName = 'ChatServer'
2017-04-17 17:10:25,153 [ 1] INFO  PhotonHostRuntime.PhotonDomainManager -   ApplicationBase = 'D:\Projects\ThesisMMO\deploy'
2017-04-17 17:10:25,156 [ 1] INFO  PhotonHostRuntime.PhotonDomainManager -   PrivateBinPath = 'D:\Projects\ThesisMMO\deploy\ChatServer\bin;bin_Win64;Shared;'
2017-04-17 17:10:25,159 [ 1] INFO  PhotonHostRuntime.PhotonDomainManager -   ConfigurationFile = ''
2017-04-17 17:10:25,162 [ 1] INFO  PhotonHostRuntime.PhotonDomainManager -   CachePath = ''
2017-04-17 17:10:25,194 [ 1] INFO  PhotonHostRuntime.PhotonDomainManager -   ApplicationPath = 'D:\Projects\ThesisMMO\deploy\ChatServer'
2017-04-17 17:10:25,197 [ 1] INFO  PhotonHostRuntime.PhotonDomainManager -   BinaryPath = 'D:\Projects\ThesisMMO\deploy\ChatServer\bin'
2017-04-17 17:10:25,200 [ 1] INFO  PhotonHostRuntime.PhotonDomainManager -   ApplicationRootPath = 'D:\Projects\ThesisMMO\deploy'
2017-04-17 17:10:25,203 [ 1] INFO  PhotonHostRuntime.PhotonDomainManager -   UnmanagedLogPath = 'D:\Projects\ThesisMMO\deploy\bin_Win64\log'
2017-04-17 17:10:25,210 [ 1] INFO  PhotonHostRuntime.PhotonDomainManager - AssemblyLoadEvent: ChatServer, Version=1.0.0.0, Culture=neutral, PublicKeyToken=null from file:///D:/Projects/ThesisMMO/deploy/ChatServer/bin/ChatServer.DLL
2017-04-17 17:10:25,214 [ 1] INFO  PhotonHostRuntime.PhotonDomainManager - Photon SDK:4.0.28.11245
2017-04-17 17:10:25,218 [ 1] INFO  PhotonHostRuntime.PhotonDomainManager - AssemblyLoadEvent: Photon.SocketServer, Version=4.0.28.11245, Culture=neutral, PublicKeyToken=48c2fa3b6988090e from file:///D:/Projects/ThesisMMO/deploy/ChatServer/bin/Photon.SocketServer.DLL
2017-04-17 17:10:25,222 [ 1] INFO  PhotonHostRuntime.PhotonDomainManager - AssemblyLoadEvent: ExitGamesLibs, Version=1.0.4.0, Culture=neutral, PublicKeyToken=eac0edd9746a4aa0 from file:///D:/Projects/ThesisMMO/deploy/ChatServer/bin/ExitGamesLibs.DLL
2017-04-17 17:10:25,229 [ 1] INFO  PhotonHostRuntime.PhotonDomainManager - Starting: name = 'ChatServer', assemblyName = 'ChatServer', typeName = 'ChatServer'
2017-04-17 17:10:25,237 [ 1] INFO  PhotonHostRuntime.PhotonDomainManager - PhotonRunning: ApplicationName = 'ChatServer', DomainId='2' -- calling Application.Setup
2017-04-17 17:10:25,249 [ 1] INFO  PhotonHostRuntime.PhotonDomainManager - PhotonRunning: ApplicationName = 'DefaultDomain', DomainId='1'
2017-04-17 17:16:36,291 [ 1] INFO  PhotonHostRuntime.PhotonDomainManager - RequestStop: ApplicationName = 'DefaultDomain', DomainId='1'
2017-04-17 17:16:51,077 [ 1] INFO  PhotonHostRuntime.PhotonDomainManager - Initialize: ApplicationName = 'DefaultDomain', DomainID = '1'
2017-04-17 17:16:51,093 [ 1] INFO  PhotonHostRuntime.PhotonDomainManager - AppDomains with unhandled exceptions are usually not unloaded and restarted.
2017-04-17 17:16:51,098 [ 1] INFO  PhotonHostRuntime.PhotonDomainManager - Getting license information:
2017-04-17 17:16:51,419 [ 1] INFO  PhotonHostRuntime.PhotonLicensing - LICENSE: Type:Standard; Plan:Free; Expiration: never; floating license: yes; max connections: 100; valid IPs: any; status:Licensed
2017-04-17 17:16:52,643 [ 1] INFO  PhotonHostRuntime.PhotonDomainManager - CreateAppDomain: name = 'ChatServer' , assemblyName = 'ChatServer'
2017-04-17 17:16:52,647 [ 1] INFO  PhotonHostRuntime.PhotonDomainManager -   ApplicationBase = 'D:\Projects\ThesisMMO\deploy'
2017-04-17 17:16:52,651 [ 1] INFO  PhotonHostRuntime.PhotonDomainManager -   PrivateBinPath = 'D:\Projects\ThesisMMO\deploy\ChatServer\bin;bin_Win64;Shared;'
2017-04-17 17:16:52,654 [ 1] INFO  PhotonHostRuntime.PhotonDomainManager -   ConfigurationFile = ''
2017-04-17 17:16:52,657 [ 1] INFO  PhotonHostRuntime.PhotonDomainManager -   CachePath = ''
2017-04-17 17:16:52,689 [ 1] INFO  PhotonHostRuntime.PhotonDomainManager -   ApplicationPath = 'D:\Projects\ThesisMMO\deploy\ChatServer'
2017-04-17 17:16:52,693 [ 1] INFO  PhotonHostRuntime.PhotonDomainManager -   BinaryPath = 'D:\Projects\ThesisMMO\deploy\ChatServer\bin'
2017-04-17 17:16:52,696 [ 1] INFO  PhotonHostRuntime.PhotonDomainManager -   ApplicationRootPath = 'D:\Projects\ThesisMMO\deploy'
2017-04-17 17:16:52,699 [ 1] INFO  PhotonHostRuntime.PhotonDomainManager -   UnmanagedLogPath = 'D:\Projects\ThesisMMO\deploy\bin_Win64\log'
2017-04-17 17:16:52,706 [ 1] INFO  PhotonHostRuntime.PhotonDomainManager - AssemblyLoadEvent: ChatServer, Version=1.0.0.0, Culture=neutral, PublicKeyToken=null from file:///D:/Projects/ThesisMMO/deploy/ChatServer/bin/ChatServer.DLL
2017-04-17 17:16:52,710 [ 1] INFO  PhotonHostRuntime.PhotonDomainManager - Photon SDK:4.0.28.11245
2017-04-17 17:16:52,715 [ 1] INFO  PhotonHostRuntime.PhotonDomainManager - AssemblyLoadEvent: Photon.SocketServer, Version=4.0.28.11245, Culture=neutral, PublicKeyToken=48c2fa3b6988090e from file:///D:/Projects/ThesisMMO/deploy/ChatServer/bin/Photon.SocketServer.DLL
2017-04-17 17:16:52,719 [ 1] INFO  PhotonHostRuntime.PhotonDomainManager - AssemblyLoadEvent: ExitGamesLibs, Version=1.0.4.0, Culture=neutral, PublicKeyToken=eac0edd9746a4aa0 from file:///D:/Projects/ThesisMMO/deploy/ChatServer/bin/ExitGamesLibs.DLL
2017-04-17 17:16:52,726 [ 1] INFO  PhotonHostRuntime.PhotonDomainManager - Starting: name = 'ChatServer', assemblyName = 'ChatServer', typeName = 'ChatServer'
2017-04-17 17:16:52,734 [ 1] INFO  PhotonHostRuntime.PhotonDomainManager - PhotonRunning: ApplicationName = 'ChatServer', DomainId='2' -- calling Application.Setup
2017-04-17 17:16:52,745 [ 1] INFO  PhotonHostRuntime.PhotonDomainManager - PhotonRunning: ApplicationName = 'DefaultDomain', DomainId='1'
2017-04-17 17:16:57,245 [ 1] INFO  PhotonHostRuntime.PhotonDomainManager - RequestStop: ApplicationName = 'ChatServer', DomainId='2' -- calling Application.OnStopRequested()
2017-04-17 17:16:57,249 [ 1] INFO  PhotonHostRuntime.PhotonDomainManager - RequestStop: ApplicationName = 'DefaultDomain', DomainId='1'
2017-04-17 17:16:57,254 [ 1] INFO  PhotonHostRuntime.PhotonDomainManager - Stop: ApplicationName = 'ChatServer', DomainId='2' -- calling Application.TearDown()
2017-04-17 17:18:16,463 [ 1] INFO  PhotonHostRuntime.PhotonDomainManager - Initialize: ApplicationName = 'DefaultDomain', DomainID = '1'
2017-04-17 17:18:16,479 [ 1] INFO  PhotonHostRuntime.PhotonDomainManager - AppDomains with unhandled exceptions are usually not unloaded and restarted.
2017-04-17 17:18:16,483 [ 1] INFO  PhotonHostRuntime.PhotonDomainManager - Getting license information:
2017-04-17 17:18:16,801 [ 1] INFO  PhotonHostRuntime.PhotonLicensing - LICENSE: Type:Standard; Plan:Free; Expiration: never; floating license: yes; max connections: 100; valid IPs: any; status:Licensed
2017-04-17 17:18:18,029 [ 1] INFO  PhotonHostRuntime.PhotonDomainManager - CreateAppDomain: name = 'ChatServer' , assemblyName = 'ChatServer'
2017-04-17 17:18:18,033 [ 1] INFO  PhotonHostRuntime.PhotonDomainManager -   ApplicationBase = 'D:\Projects\ThesisMMO\deploy'
2017-04-17 17:18:18,036 [ 1] INFO  PhotonHostRuntime.PhotonDomainManager -   PrivateBinPath = 'D:\Projects\ThesisMMO\deploy\ChatServer\bin;bin_Win64;Shared;'
2017-04-17 17:18:18,039 [ 1] INFO  PhotonHostRuntime.PhotonDomainManager -   ConfigurationFile = ''
2017-04-17 17:18:18,043 [ 1] INFO  PhotonHostRuntime.PhotonDomainManager -   CachePath = ''
2017-04-17 17:18:18,076 [ 1] INFO  PhotonHostRuntime.PhotonDomainManager -   ApplicationPath = 'D:\Projects\ThesisMMO\deploy\ChatServer'
2017-04-17 17:18:18,080 [ 1] INFO  PhotonHostRuntime.PhotonDomainManager -   BinaryPath = 'D:\Projects\ThesisMMO\deploy\ChatServer\bin'
2017-04-17 17:18:18,083 [ 1] INFO  PhotonHostRuntime.PhotonDomainManager -   ApplicationRootPath = 'D:\Projects\ThesisMMO\deploy'
2017-04-17 17:18:18,087 [ 1] INFO  PhotonHostRuntime.PhotonDomainManager -   UnmanagedLogPath = 'D:\Projects\ThesisMMO\deploy\bin_Win64\log'
2017-04-17 17:18:18,094 [ 1] INFO  PhotonHostRuntime.PhotonDomainManager - AssemblyLoadEvent: ChatServer, Version=1.0.0.0, Culture=neutral, PublicKeyToken=null from file:///D:/Projects/ThesisMMO/deploy/ChatServer/bin/ChatServer.DLL
2017-04-17 17:18:18,098 [ 1] INFO  PhotonHostRuntime.PhotonDomainManager - Photon SDK:4.0.28.11245
2017-04-17 17:18:18,102 [ 1] INFO  PhotonHostRuntime.PhotonDomainManager - AssemblyLoadEvent: Photon.SocketServer, Version=4.0.28.11245, Culture=neutral, PublicKeyToken=48c2fa3b6988090e from file:///D:/Projects/ThesisMMO/deploy/ChatServer/bin/Photon.SocketServer.DLL
2017-04-17 17:18:18,107 [ 1] INFO  PhotonHostRuntime.PhotonDomainManager - AssemblyLoadEvent: ExitGamesLibs, Version=1.0.4.0, Culture=neutral, PublicKeyToken=eac0edd9746a4aa0 from file:///D:/Projects/ThesisMMO/deploy/ChatServer/bin/ExitGamesLibs.DLL
2017-04-17 17:18:18,114 [ 1] INFO  PhotonHostRuntime.PhotonDomainManager - Starting: name = 'ChatServer', assemblyName = 'ChatServer', typeName = 'ChatServer'
2017-04-17 17:18:18,122 [ 1] INFO  PhotonHostRuntime.PhotonDomainManager - PhotonRunning: ApplicationName = 'ChatServer', DomainId='2' -- calling Application.Setup
2017-04-17 17:18:18,135 [ 1] INFO  PhotonHostRuntime.PhotonDomainManager - PhotonRunning: ApplicationName = 'DefaultDomain', DomainId='1'
2017-04-17 17:18:25,561 [ 1] INFO  PhotonHostRuntime.PhotonDomainManager - RequestStop: ApplicationName = 'ChatServer', DomainId='2' -- calling Application.OnStopRequested()
2017-04-17 17:18:25,566 [ 1] INFO  PhotonHostRuntime.PhotonDomainManager - RequestStop: ApplicationName = 'DefaultDomain', DomainId='1'
2017-04-17 17:18:25,571 [ 1] INFO  PhotonHostRuntime.PhotonDomainManager - Stop: ApplicationName = 'ChatServer', DomainId='2' -- calling Application.TearDown()
2017-04-17 17:18:30,789 [ 1] INFO  PhotonHostRuntime.PhotonDomainManager - Initialize: ApplicationName = 'DefaultDomain', DomainID = '1'
2017-04-17 17:18:30,805 [ 1] INFO  PhotonHostRuntime.PhotonDomainManager - AppDomains with unhandled exceptions are usually not unloaded and restarted.
2017-04-17 17:18:30,810 [ 1] INFO  PhotonHostRuntime.PhotonDomainManager - Getting license information:
2017-04-17 17:18:31,140 [ 1] INFO  PhotonHostRuntime.PhotonLicensing - LICENSE: Type:Standard; Plan:Free; Expiration: never; floating license: yes; max connections: 100; valid IPs: any; status:Licensed
2017-04-17 17:18:32,339 [ 1] INFO  PhotonHostRuntime.PhotonDomainManager - CreateAppDomain: name = 'MMOServer' , assemblyName = 'MMOServer'
2017-04-17 17:18:32,343 [ 1] INFO  PhotonHostRuntime.PhotonDomainManager -   ApplicationBase = 'D:\Projects\ThesisMMO\deploy'
2017-04-17 17:18:32,346 [ 1] INFO  PhotonHostRuntime.PhotonDomainManager -   PrivateBinPath = 'D:\Projects\ThesisMMO\deploy\MMOServer\bin;bin_Win64;Shared;'
2017-04-17 17:18:32,349 [ 1] INFO  PhotonHostRuntime.PhotonDomainManager -   ConfigurationFile = ''
2017-04-17 17:18:32,352 [ 1] INFO  PhotonHostRuntime.PhotonDomainManager -   CachePath = ''
2017-04-17 17:18:32,384 [ 1] INFO  PhotonHostRuntime.PhotonDomainManager -   ApplicationPath = 'D:\Projects\ThesisMMO\deploy\MMOServer'
2017-04-17 17:18:32,388 [ 1] INFO  PhotonHostRuntime.PhotonDomainManager -   BinaryPath = 'D:\Projects\ThesisMMO\deploy\MMOServer\bin'
2017-04-17 17:18:32,391 [ 1] INFO  PhotonHostRuntime.PhotonDomainManager -   ApplicationRootPath = 'D:\Projects\ThesisMMO\deploy'
2017-04-17 17:18:32,394 [ 1] INFO  PhotonHostRuntime.PhotonDomainManager -   UnmanagedLogPath = 'D:\Projects\ThesisMMO\deploy\bin_Win64\log'
2017-04-17 17:18:32,401 [ 1] INFO  PhotonHostRuntime.PhotonDomainManager - AssemblyLoadEvent: MMOServer, Version=1.0.0.0, Culture=neutral, PublicKeyToken=null from file:///D:/Projects/ThesisMMO/deploy/MMOServer/bin/MMOServer.DLL
2017-04-17 17:18:32,405 [ 1] INFO  PhotonHostRuntime.PhotonDomainManager - Photon SDK:4.0.28.11245
2017-04-17 17:18:32,412 [ 1] INFO  PhotonHostRuntime.PhotonDomainManager - RequestStop: ApplicationName = 'DefaultDomain', DomainId='1'
2017-04-17 17:18:37,350 [ 1] INFO  PhotonHostRuntime.PhotonDomainManager - Initialize: ApplicationName = 'DefaultDomain', DomainID = '1'
2017-04-17 17:18:37,366 [ 1] INFO  PhotonHostRuntime.PhotonDomainManager - AppDomains with unhandled exceptions are usually not unloaded and restarted.
2017-04-17 17:18:37,372 [ 1] INFO  PhotonHostRuntime.PhotonDomainManager - Getting license information:
2017-04-17 17:18:37,700 [ 1] INFO  PhotonHostRuntime.PhotonLicensing - LICENSE: Type:Standard; Plan:Free; Expiration: never; floating license: yes; max connections: 100; valid IPs: any; status:Licensed
2017-04-17 17:18:38,914 [ 1] INFO  PhotonHostRuntime.PhotonDomainManager - CreateAppDomain: name = 'ChatServer' , assemblyName = 'ChatServer'
2017-04-17 17:18:38,918 [ 1] INFO  PhotonHostRuntime.PhotonDomainManager -   ApplicationBase = 'D:\Projects\ThesisMMO\deploy'
2017-04-17 17:18:38,921 [ 1] INFO  PhotonHostRuntime.PhotonDomainManager -   PrivateBinPath = 'D:\Projects\ThesisMMO\deploy\ChatServer\bin;bin_Win64;Shared;'
2017-04-17 17:18:38,924 [ 1] INFO  PhotonHostRuntime.PhotonDomainManager -   ConfigurationFile = ''
2017-04-17 17:18:38,928 [ 1] INFO  PhotonHostRuntime.PhotonDomainManager -   CachePath = ''
2017-04-17 17:18:38,959 [ 1] INFO  PhotonHostRuntime.PhotonDomainManager -   ApplicationPath = 'D:\Projects\ThesisMMO\deploy\ChatServer'
2017-04-17 17:18:38,963 [ 1] INFO  PhotonHostRuntime.PhotonDomainManager -   BinaryPath = 'D:\Projects\ThesisMMO\deploy\ChatServer\bin'
2017-04-17 17:18:38,966 [ 1] INFO  PhotonHostRuntime.PhotonDomainManager -   ApplicationRootPath = 'D:\Projects\ThesisMMO\deploy'
2017-04-17 17:18:38,969 [ 1] INFO  PhotonHostRuntime.PhotonDomainManager -   UnmanagedLogPath = 'D:\Projects\ThesisMMO\deploy\bin_Win64\log'
2017-04-17 17:18:38,976 [ 1] INFO  PhotonHostRuntime.PhotonDomainManager - AssemblyLoadEvent: ChatServer, Version=1.0.0.0, Culture=neutral, PublicKeyToken=null from file:///D:/Projects/ThesisMMO/deploy/ChatServer/bin/ChatServer.DLL
2017-04-17 17:18:38,980 [ 1] INFO  PhotonHostRuntime.PhotonDomainManager - Photon SDK:4.0.28.11245
2017-04-17 17:18:38,985 [ 1] INFO  PhotonHostRuntime.PhotonDomainManager - AssemblyLoadEvent: Photon.SocketServer, Version=4.0.28.11245, Culture=neutral, PublicKeyToken=48c2fa3b6988090e from file:///D:/Projects/ThesisMMO/deploy/ChatServer/bin/Photon.SocketServer.DLL
2017-04-17 17:18:38,989 [ 1] INFO  PhotonHostRuntime.PhotonDomainManager - AssemblyLoadEvent: ExitGamesLibs, Version=1.0.4.0, Culture=neutral, PublicKeyToken=eac0edd9746a4aa0 from file:///D:/Projects/ThesisMMO/deploy/ChatServer/bin/ExitGamesLibs.DLL
2017-04-17 17:18:38,996 [ 1] INFO  PhotonHostRuntime.PhotonDomainManager - Starting: name = 'ChatServer', assemblyName = 'ChatServer', typeName = 'ChatServer'
2017-04-17 17:18:39,004 [ 1] INFO  PhotonHostRuntime.PhotonDomainManager - PhotonRunning: ApplicationName = 'ChatServer', DomainId='2' -- calling Application.Setup
2017-04-17 17:18:39,015 [ 1] INFO  PhotonHostRuntime.PhotonDomainManager - PhotonRunning: ApplicationName = 'DefaultDomain', DomainId='1'
2017-04-17 17:18:44,300 [ 1] INFO  PhotonHostRuntime.PhotonDomainManager - RequestStop: ApplicationName = 'ChatServer', DomainId='2' -- calling Application.OnStopRequested()
2017-04-17 17:18:44,305 [ 1] INFO  PhotonHostRuntime.PhotonDomainManager - RequestStop: ApplicationName = 'DefaultDomain', DomainId='1'
2017-04-17 17:18:44,309 [ 1] INFO  PhotonHostRuntime.PhotonDomainManager - Stop: ApplicationName = 'ChatServer', DomainId='2' -- calling Application.TearDown()
2017-04-17 17:18:49,175 [ 1] INFO  PhotonHostRuntime.PhotonDomainManager - Initialize: ApplicationName = 'DefaultDomain', DomainID = '1'
2017-04-17 17:18:49,192 [ 1] INFO  PhotonHostRuntime.PhotonDomainManager - AppDomains with unhandled exceptions are usually not unloaded and restarted.
2017-04-17 17:18:49,197 [ 1] INFO  PhotonHostRuntime.PhotonDomainManager - Getting license information:
2017-04-17 17:18:49,528 [ 1] INFO  PhotonHostRuntime.PhotonLicensing - LICENSE: Type:Standard; Plan:Free; Expiration: never; floating license: yes; max connections: 100; valid IPs: any; status:Licensed
2017-04-17 17:18:50,744 [ 1] INFO  PhotonHostRuntime.PhotonDomainManager - CreateAppDomain: name = 'MMOServer' , assemblyName = 'MMOServer'
2017-04-17 17:18:50,748 [ 1] INFO  PhotonHostRuntime.PhotonDomainManager -   ApplicationBase = 'D:\Projects\ThesisMMO\deploy'
2017-04-17 17:18:50,751 [ 1] INFO  PhotonHostRuntime.PhotonDomainManager -   PrivateBinPath = 'D:\Projects\ThesisMMO\deploy\MMOServer\bin;bin_Win64;Shared;'
2017-04-17 17:18:50,754 [ 1] INFO  PhotonHostRuntime.PhotonDomainManager -   ConfigurationFile = ''
2017-04-17 17:18:50,758 [ 1] INFO  PhotonHostRuntime.PhotonDomainManager -   CachePath = ''
2017-04-17 17:18:50,790 [ 1] INFO  PhotonHostRuntime.PhotonDomainManager -   ApplicationPath = 'D:\Projects\ThesisMMO\deploy\MMOServer'
2017-04-17 17:18:50,794 [ 1] INFO  PhotonHostRuntime.PhotonDomainManager -   BinaryPath = 'D:\Projects\ThesisMMO\deploy\MMOServer\bin'
2017-04-17 17:18:50,797 [ 1] INFO  PhotonHostRuntime.PhotonDomainManager -   ApplicationRootPath = 'D:\Projects\ThesisMMO\deploy'
2017-04-17 17:18:50,800 [ 1] INFO  PhotonHostRuntime.PhotonDomainManager -   UnmanagedLogPath = 'D:\Projects\ThesisMMO\deploy\bin_Win64\log'
2017-04-17 17:18:50,807 [ 1] INFO  PhotonHostRuntime.PhotonDomainManager - AssemblyLoadEvent: MMOServer, Version=1.0.0.0, Culture=neutral, PublicKeyToken=null from file:///D:/Projects/ThesisMMO/deploy/MMOServer/bin/MMOServer.DLL
2017-04-17 17:18:50,811 [ 1] INFO  PhotonHostRuntime.PhotonDomainManager - Photon SDK:4.0.28.11245
2017-04-17 17:18:50,818 [ 1] INFO  PhotonHostRuntime.PhotonDomainManager - RequestStop: ApplicationName = 'DefaultDomain', DomainId='1'
2017-04-17 17:18:54,118 [ 1] INFO  PhotonHostRuntime.PhotonDomainManager - Initialize: ApplicationName = 'DefaultDomain', DomainID = '1'
2017-04-17 17:18:54,135 [ 1] INFO  PhotonHostRuntime.PhotonDomainManager - AppDomains with unhandled exceptions are usually not unloaded and restarted.
2017-04-17 17:18:54,141 [ 1] INFO  PhotonHostRuntime.PhotonDomainManager - Getting license information:
2017-04-17 17:18:54,466 [ 1] INFO  PhotonHostRuntime.PhotonLicensing - LICENSE: Type:Standard; Plan:Free; Expiration: never; floating license: yes; max connections: 100; valid IPs: any; status:Licensed
2017-04-17 17:18:55,661 [ 1] INFO  PhotonHostRuntime.PhotonDomainManager - CreateAppDomain: name = 'MMOServer' , assemblyName = 'MMOServer'
2017-04-17 17:18:55,666 [ 1] INFO  PhotonHostRuntime.PhotonDomainManager -   ApplicationBase = 'D:\Projects\ThesisMMO\deploy'
2017-04-17 17:18:55,669 [ 1] INFO  PhotonHostRuntime.PhotonDomainManager -   PrivateBinPath = 'D:\Projects\ThesisMMO\deploy\MMOServer\bin;bin_Win64;Shared;'
2017-04-17 17:18:55,672 [ 1] INFO  PhotonHostRuntime.PhotonDomainManager -   ConfigurationFile = ''
2017-04-17 17:18:55,676 [ 1] INFO  PhotonHostRuntime.PhotonDomainManager -   CachePath = ''
2017-04-17 17:18:55,708 [ 1] INFO  PhotonHostRuntime.PhotonDomainManager -   ApplicationPath = 'D:\Projects\ThesisMMO\deploy\MMOServer'
2017-04-17 17:18:55,712 [ 1] INFO  PhotonHostRuntime.PhotonDomainManager -   BinaryPath = 'D:\Projects\ThesisMMO\deploy\MMOServer\bin'
2017-04-17 17:18:55,715 [ 1] INFO  PhotonHostRuntime.PhotonDomainManager -   ApplicationRootPath = 'D:\Projects\ThesisMMO\deploy'
2017-04-17 17:18:55,718 [ 1] INFO  PhotonHostRuntime.PhotonDomainManager -   UnmanagedLogPath = 'D:\Projects\ThesisMMO\deploy\bin_Win64\log'
2017-04-17 17:18:55,725 [ 1] INFO  PhotonHostRuntime.PhotonDomainManager - AssemblyLoadEvent: MMOServer, Version=1.0.0.0, Culture=neutral, PublicKeyToken=null from file:///D:/Projects/ThesisMMO/deploy/MMOServer/bin/MMOServer.DLL
2017-04-17 17:18:55,729 [ 1] INFO  PhotonHostRuntime.PhotonDomainManager - Photon SDK:4.0.28.11245
2017-04-17 17:18:55,736 [ 1] INFO  PhotonHostRuntime.PhotonDomainManager - RequestStop: ApplicationName = 'DefaultDomain', DomainId='1'
2017-04-17 21:09:56,524 [ 1] INFO  PhotonHostRuntime.PhotonDomainManager - Initialize: ApplicationName = 'DefaultDomain', DomainID = '1'
2017-04-17 21:09:56,541 [ 1] INFO  PhotonHostRuntime.PhotonDomainManager - AppDomains with unhandled exceptions are usually not unloaded and restarted.
2017-04-17 21:09:56,546 [ 1] INFO  PhotonHostRuntime.PhotonDomainManager - Getting license information:
2017-04-17 21:09:56,885 [ 1] INFO  PhotonHostRuntime.PhotonLicensing - LICENSE: Type:Standard; Plan:Free; Expiration: never; floating license: yes; max connections: 100; valid IPs: any; status:Licensed
2017-04-17 21:09:58,086 [ 1] INFO  PhotonHostRuntime.PhotonDomainManager - CreateAppDomain: name = 'MMOServer' , assemblyName = 'ServerApplication'
2017-04-17 21:09:58,090 [ 1] ERROR PhotonHostRuntime.PhotonDomainManager - CreateDomain
System.Exception: Can't find ServerApplication.dll in  or D:\Projects\ThesisMMO\deploy\MMOServer\bin
   at PhotonHostRuntime.PhotonDomainManager.PhotonDefaultAppDomainBehavior.CreateAppDomain(String name, String assemblyName, String baseDirectoryRaw, String applicationRootDirectoryRaw, String applicationDirectoryRaw, String sharedDirectoryRaw, String applicationSharedDirectoryRaw, Boolean enableShadowCopy, Boolean createPerInstanceShadowCopyCaches, String instanceName)
   at PhotonHostRuntime.PhotonDomainManager.CreateAppDomain(String name, String assemblyName, String baseDirectoryRaw, String applicationRootDirectoryRaw, String applicationDirectoryRaw, String sharedDirectoryRaw, String applicationSharedDirectoryRaw, Boolean enableShadowCopy, Boolean createPerInstanceShadowCopyCaches, String instanceName)
2017-04-17 21:09:58,097 [ 1] INFO  PhotonHostRuntime.PhotonDomainManager - RequestStop: ApplicationName = 'DefaultDomain', DomainId='1'
2017-04-17 21:11:28,858 [ 1] INFO  PhotonHostRuntime.PhotonDomainManager - Initialize: ApplicationName = 'DefaultDomain', DomainID = '1'
2017-04-17 21:11:28,876 [ 1] INFO  PhotonHostRuntime.PhotonDomainManager - AppDomains with unhandled exceptions are usually not unloaded and restarted.
2017-04-17 21:11:28,881 [ 1] INFO  PhotonHostRuntime.PhotonDomainManager - Getting license information:
2017-04-17 21:11:29,212 [ 1] INFO  PhotonHostRuntime.PhotonLicensing - LICENSE: Type:Standard; Plan:Free; Expiration: never; floating license: yes; max connections: 100; valid IPs: any; status:Licensed
2017-04-17 21:11:30,436 [ 1] INFO  PhotonHostRuntime.PhotonDomainManager - CreateAppDomain: name = 'MMOServer' , assemblyName = 'MMOServer'
2017-04-17 21:11:30,440 [ 1] INFO  PhotonHostRuntime.PhotonDomainManager -   ApplicationBase = 'D:\Projects\ThesisMMO\deploy'
2017-04-17 21:11:30,443 [ 1] INFO  PhotonHostRuntime.PhotonDomainManager -   PrivateBinPath = 'D:\Projects\ThesisMMO\deploy\MMOServer\bin;bin_Win64;Shared;'
2017-04-17 21:11:30,446 [ 1] INFO  PhotonHostRuntime.PhotonDomainManager -   ConfigurationFile = ''
2017-04-17 21:11:30,450 [ 1] INFO  PhotonHostRuntime.PhotonDomainManager -   CachePath = ''
2017-04-17 21:11:30,483 [ 1] INFO  PhotonHostRuntime.PhotonDomainManager -   ApplicationPath = 'D:\Projects\ThesisMMO\deploy\MMOServer'
2017-04-17 21:11:30,487 [ 1] INFO  PhotonHostRuntime.PhotonDomainManager -   BinaryPath = 'D:\Projects\ThesisMMO\deploy\MMOServer\bin'
2017-04-17 21:11:30,490 [ 1] INFO  PhotonHostRuntime.PhotonDomainManager -   ApplicationRootPath = 'D:\Projects\ThesisMMO\deploy'
2017-04-17 21:11:30,493 [ 1] INFO  PhotonHostRuntime.PhotonDomainManager -   UnmanagedLogPath = 'D:\Projects\ThesisMMO\deploy\bin_Win64\log'
2017-04-17 21:11:30,501 [ 1] INFO  PhotonHostRuntime.PhotonDomainManager - AssemblyLoadEvent: MMOServer, Version=1.0.0.0, Culture=neutral, PublicKeyToken=null from file:///D:/Projects/ThesisMMO/deploy/MMOServer/bin/MMOServer.DLL
2017-04-17 21:11:30,504 [ 1] INFO  PhotonHostRuntime.PhotonDomainManager - Photon SDK:4.0.28.11245
2017-04-17 21:11:30,509 [ 1] INFO  PhotonHostRuntime.PhotonDomainManager - AssemblyLoadEvent: Photon.SocketServer, Version=4.0.28.11245, Culture=neutral, PublicKeyToken=48c2fa3b6988090e from file:///D:/Projects/ThesisMMO/deploy/MMOServer/bin/Photon.SocketServer.DLL
2017-04-17 21:11:30,513 [ 1] INFO  PhotonHostRuntime.PhotonDomainManager - AssemblyLoadEvent: ExitGamesLibs, Version=1.0.4.0, Culture=neutral, PublicKeyToken=eac0edd9746a4aa0 from file:///D:/Projects/ThesisMMO/deploy/MMOServer/bin/ExitGamesLibs.DLL
2017-04-17 21:11:30,526 [ 1] INFO  PhotonHostRuntime.PhotonDomainManager - Starting: name = 'MMOServer', assemblyName = 'MMOServer', typeName = 'ServerApplication'
2017-04-17 21:11:30,535 [ 1] INFO  PhotonHostRuntime.PhotonDomainManager - PhotonRunning: ApplicationName = 'MMOServer', DomainId='2' -- calling Application.Setup
2017-04-17 21:11:30,551 [ 1] INFO  PhotonHostRuntime.PhotonDomainManager - PhotonRunning: ApplicationName = 'DefaultDomain', DomainId='1'
2017-04-17 21:11:41,199 [ 1] INFO  PhotonHostRuntime.PhotonDomainManager - RequestStop: ApplicationName = 'MMOServer', DomainId='2' -- calling Application.OnStopRequested()
2017-04-17 21:11:41,204 [ 1] INFO  PhotonHostRuntime.PhotonDomainManager - RequestStop: ApplicationName = 'DefaultDomain', DomainId='1'
2017-04-17 21:11:41,208 [ 1] INFO  PhotonHostRuntime.PhotonDomainManager - Stop: ApplicationName = 'MMOServer', DomainId='2' -- calling Application.TearDown()
2017-04-17 21:52:32,815 [ 1] INFO  PhotonHostRuntime.PhotonDomainManager - Initialize: ApplicationName = 'DefaultDomain', DomainID = '1'
2017-04-17 21:52:32,832 [ 1] INFO  PhotonHostRuntime.PhotonDomainManager - AppDomains with unhandled exceptions are usually not unloaded and restarted.
2017-04-17 21:52:32,837 [ 1] INFO  PhotonHostRuntime.PhotonDomainManager - Getting license information:
2017-04-17 21:52:33,199 [ 1] INFO  PhotonHostRuntime.PhotonLicensing - LICENSE: Type:Standard; Plan:Free; Expiration: never; floating license: yes; max connections: 100; valid IPs: any; status:Licensed
2017-04-17 21:52:34,415 [ 1] INFO  PhotonHostRuntime.PhotonDomainManager - CreateAppDomain: name = 'MMOServer' , assemblyName = 'MMOServer'
2017-04-17 21:52:34,419 [ 1] INFO  PhotonHostRuntime.PhotonDomainManager -   ApplicationBase = 'D:\Projects\ThesisMMO\deploy'
2017-04-17 21:52:34,423 [ 1] INFO  PhotonHostRuntime.PhotonDomainManager -   PrivateBinPath = 'D:\Projects\ThesisMMO\deploy\MMOServer\bin;bin_Win64;Shared;'
2017-04-17 21:52:34,426 [ 1] INFO  PhotonHostRuntime.PhotonDomainManager -   ConfigurationFile = ''
2017-04-17 21:52:34,429 [ 1] INFO  PhotonHostRuntime.PhotonDomainManager -   CachePath = ''
2017-04-17 21:52:34,462 [ 1] INFO  PhotonHostRuntime.PhotonDomainManager -   ApplicationPath = 'D:\Projects\ThesisMMO\deploy\MMOServer'
2017-04-17 21:52:34,465 [ 1] INFO  PhotonHostRuntime.PhotonDomainManager -   BinaryPath = 'D:\Projects\ThesisMMO\deploy\MMOServer\bin'
2017-04-17 21:52:34,469 [ 1] INFO  PhotonHostRuntime.PhotonDomainManager -   ApplicationRootPath = 'D:\Projects\ThesisMMO\deploy'
2017-04-17 21:52:34,471 [ 1] INFO  PhotonHostRuntime.PhotonDomainManager -   UnmanagedLogPath = 'D:\Projects\ThesisMMO\deploy\bin_Win64\log'
2017-04-17 21:52:34,478 [ 1] INFO  PhotonHostRuntime.PhotonDomainManager - AssemblyLoadEvent: MMOServer, Version=1.0.0.0, Culture=neutral, PublicKeyToken=null from file:///D:/Projects/ThesisMMO/deploy/MMOServer/bin/MMOServer.DLL
2017-04-17 21:52:34,482 [ 1] INFO  PhotonHostRuntime.PhotonDomainManager - Photon SDK:4.0.28.11245
2017-04-17 21:52:34,487 [ 1] INFO  PhotonHostRuntime.PhotonDomainManager - AssemblyLoadEvent: Photon.SocketServer, Version=4.0.28.11245, Culture=neutral, PublicKeyToken=48c2fa3b6988090e from file:///D:/Projects/ThesisMMO/deploy/MMOServer/bin/Photon.SocketServer.DLL
2017-04-17 21:52:34,492 [ 1] INFO  PhotonHostRuntime.PhotonDomainManager - AssemblyLoadEvent: ExitGamesLibs, Version=1.0.4.0, Culture=neutral, PublicKeyToken=eac0edd9746a4aa0 from file:///D:/Projects/ThesisMMO/deploy/MMOServer/bin/ExitGamesLibs.DLL
2017-04-17 21:52:34,499 [ 1] INFO  PhotonHostRuntime.PhotonDomainManager - Starting: name = 'MMOServer', assemblyName = 'MMOServer', typeName = 'MMOServerApplication'
2017-04-17 21:52:34,507 [ 1] INFO  PhotonHostRuntime.PhotonDomainManager - PhotonRunning: ApplicationName = 'MMOServer', DomainId='2' -- calling Application.Setup
2017-04-17 21:52:34,519 [ 1] INFO  PhotonHostRuntime.PhotonDomainManager - PhotonRunning: ApplicationName = 'DefaultDomain', DomainId='1'
2017-04-17 22:40:31,059 [ 1] INFO  PhotonHostRuntime.PhotonDomainManager - RequestStop: ApplicationName = 'DefaultDomain', DomainId='1'
2017-04-23 13:30:27,554 [ 1] INFO  PhotonHostRuntime.PhotonDomainManager - Initialize: ApplicationName = 'DefaultDomain', DomainID = '1'
2017-04-23 13:30:27,600 [ 1] INFO  PhotonHostRuntime.PhotonDomainManager - AppDomains with unhandled exceptions are usually not unloaded and restarted.
2017-04-23 13:30:27,605 [ 1] INFO  PhotonHostRuntime.PhotonDomainManager - Getting license information:
2017-04-23 13:30:27,998 [ 1] INFO  PhotonHostRuntime.PhotonLicensing - LICENSE: Type:Standard; Plan:Free; Expiration: never; floating license: yes; max connections: 100; valid IPs: any; status:Licensed
2017-04-23 13:30:29,204 [ 1] INFO  PhotonHostRuntime.PhotonDomainManager - CreateAppDomain: name = 'MMOServer' , assemblyName = 'MMOServer'
2017-04-23 13:30:29,225 [ 1] INFO  PhotonHostRuntime.PhotonDomainManager -   ApplicationBase = 'D:\Projects\ThesisMMO\deploy'
2017-04-23 13:30:29,230 [ 1] INFO  PhotonHostRuntime.PhotonDomainManager -   PrivateBinPath = 'D:\Projects\ThesisMMO\deploy\MMOServer\bin;bin_Win64;Shared;'
2017-04-23 13:30:29,233 [ 1] INFO  PhotonHostRuntime.PhotonDomainManager -   ConfigurationFile = ''
2017-04-23 13:30:29,236 [ 1] INFO  PhotonHostRuntime.PhotonDomainManager -   CachePath = ''
2017-04-23 13:30:29,275 [ 1] INFO  PhotonHostRuntime.PhotonDomainManager -   ApplicationPath = 'D:\Projects\ThesisMMO\deploy\MMOServer'
2017-04-23 13:30:29,279 [ 1] INFO  PhotonHostRuntime.PhotonDomainManager -   BinaryPath = 'D:\Projects\ThesisMMO\deploy\MMOServer\bin'
2017-04-23 13:30:29,283 [ 1] INFO  PhotonHostRuntime.PhotonDomainManager -   ApplicationRootPath = 'D:\Projects\ThesisMMO\deploy'
2017-04-23 13:30:29,286 [ 1] INFO  PhotonHostRuntime.PhotonDomainManager -   UnmanagedLogPath = 'D:\Projects\ThesisMMO\deploy\bin_Win64\log'
2017-04-23 13:30:29,305 [ 1] INFO  PhotonHostRuntime.PhotonDomainManager - AssemblyLoadEvent: MMOServer, Version=1.0.0.0, Culture=neutral, PublicKeyToken=null from file:///D:/Projects/ThesisMMO/deploy/MMOServer/bin/MMOServer.DLL
2017-04-23 13:30:29,309 [ 1] INFO  PhotonHostRuntime.PhotonDomainManager - Photon SDK:4.0.28.11245
2017-04-23 13:30:29,366 [ 1] INFO  PhotonHostRuntime.PhotonDomainManager - AssemblyLoadEvent: Photon.SocketServer, Version=4.0.28.11245, Culture=neutral, PublicKeyToken=48c2fa3b6988090e from file:///D:/Projects/ThesisMMO/deploy/MMOServer/bin/Photon.SocketServer.DLL
2017-04-23 13:30:29,424 [ 1] INFO  PhotonHostRuntime.PhotonDomainManager - AssemblyLoadEvent: ExitGamesLibs, Version=1.0.4.0, Culture=neutral, PublicKeyToken=eac0edd9746a4aa0 from file:///D:/Projects/ThesisMMO/deploy/MMOServer/bin/ExitGamesLibs.DLL
2017-04-23 13:30:29,438 [ 1] INFO  PhotonHostRuntime.PhotonDomainManager - Starting: name = 'MMOServer', assemblyName = 'MMOServer', typeName = 'MMOServerApplication'
2017-04-23 13:30:29,447 [ 1] INFO  PhotonHostRuntime.PhotonDomainManager - PhotonRunning: ApplicationName = 'MMOServer', DomainId='2' -- calling Application.Setup
2017-04-23 13:30:29,461 [ 1] INFO  PhotonHostRuntime.PhotonDomainManager - PhotonRunning: ApplicationName = 'DefaultDomain', DomainId='1'
2017-04-23 13:49:00,295 [ 1] INFO  PhotonHostRuntime.PhotonDomainManager - RequestStop: ApplicationName = 'DefaultDomain', DomainId='1'
2017-04-24 12:59:32,409 [ 1] INFO  PhotonHostRuntime.PhotonDomainManager - Initialize: ApplicationName = 'DefaultDomain', DomainID = '1'
2017-04-24 12:59:32,439 [ 1] INFO  PhotonHostRuntime.PhotonDomainManager - AppDomains with unhandled exceptions are usually not unloaded and restarted.
2017-04-24 12:59:32,445 [ 1] INFO  PhotonHostRuntime.PhotonDomainManager - Getting license information:
2017-04-24 12:59:32,843 [ 1] INFO  PhotonHostRuntime.PhotonLicensing - LICENSE: Type:Standard; Plan:Free; Expiration: never; floating license: yes; max connections: 100; valid IPs: any; status:Licensed
2017-04-24 12:59:34,071 [ 1] INFO  PhotonHostRuntime.PhotonDomainManager - CreateAppDomain: name = 'MMOServer' , assemblyName = 'JYW.ThesisMMO.MMOServer'
2017-04-24 12:59:34,076 [ 1] ERROR PhotonHostRuntime.PhotonDomainManager - CreateDomain
System.Exception: Can't find JYW.ThesisMMO.MMOServer.dll in  or D:\Projects\ThesisMMO\deploy\MMOServer\bin
   at PhotonHostRuntime.PhotonDomainManager.PhotonDefaultAppDomainBehavior.CreateAppDomain(String name, String assemblyName, String baseDirectoryRaw, String applicationRootDirectoryRaw, String applicationDirectoryRaw, String sharedDirectoryRaw, String applicationSharedDirectoryRaw, Boolean enableShadowCopy, Boolean createPerInstanceShadowCopyCaches, String instanceName)
   at PhotonHostRuntime.PhotonDomainManager.CreateAppDomain(String name, String assemblyName, String baseDirectoryRaw, String applicationRootDirectoryRaw, String applicationDirectoryRaw, String sharedDirectoryRaw, String applicationSharedDirectoryRaw, Boolean enableShadowCopy, Boolean createPerInstanceShadowCopyCaches, String instanceName)
2017-04-24 12:59:34,097 [ 1] INFO  PhotonHostRuntime.PhotonDomainManager - RequestStop: ApplicationName = 'DefaultDomain', DomainId='1'
2017-04-24 12:59:52,684 [ 1] INFO  PhotonHostRuntime.PhotonDomainManager - Initialize: ApplicationName = 'DefaultDomain', DomainID = '1'
2017-04-24 12:59:52,702 [ 1] INFO  PhotonHostRuntime.PhotonDomainManager - AppDomains with unhandled exceptions are usually not unloaded and restarted.
2017-04-24 12:59:52,708 [ 1] INFO  PhotonHostRuntime.PhotonDomainManager - Getting license information:
2017-04-24 12:59:53,027 [ 1] INFO  PhotonHostRuntime.PhotonLicensing - LICENSE: Type:Standard; Plan:Free; Expiration: never; floating license: yes; max connections: 100; valid IPs: any; status:Licensed
2017-04-24 12:59:54,253 [ 1] INFO  PhotonHostRuntime.PhotonDomainManager - CreateAppDomain: name = 'MMOServer' , assemblyName = 'JYW.ThesisMMO.MMOServer'
2017-04-24 12:59:54,258 [ 1] ERROR PhotonHostRuntime.PhotonDomainManager - CreateDomain
System.Exception: Can't find JYW.ThesisMMO.MMOServer.dll in  or D:\Projects\ThesisMMO\deploy\MMOServer\bin
   at PhotonHostRuntime.PhotonDomainManager.PhotonDefaultAppDomainBehavior.CreateAppDomain(String name, String assemblyName, String baseDirectoryRaw, String applicationRootDirectoryRaw, String applicationDirectoryRaw, String sharedDirectoryRaw, String applicationSharedDirectoryRaw, Boolean enableShadowCopy, Boolean createPerInstanceShadowCopyCaches, String instanceName)
   at PhotonHostRuntime.PhotonDomainManager.CreateAppDomain(String name, String assemblyName, String baseDirectoryRaw, String applicationRootDirectoryRaw, String applicationDirectoryRaw, String sharedDirectoryRaw, String applicationSharedDirectoryRaw, Boolean enableShadowCopy, Boolean createPerInstanceShadowCopyCaches, String instanceName)
2017-04-24 12:59:54,266 [ 1] INFO  PhotonHostRuntime.PhotonDomainManager - RequestStop: ApplicationName = 'DefaultDomain', DomainId='1'
2017-04-24 13:00:42,884 [ 1] INFO  PhotonHostRuntime.PhotonDomainManager - Initialize: ApplicationName = 'DefaultDomain', DomainID = '1'
2017-04-24 13:00:42,902 [ 1] INFO  PhotonHostRuntime.PhotonDomainManager - AppDomains with unhandled exceptions are usually not unloaded and restarted.
2017-04-24 13:00:42,909 [ 1] INFO  PhotonHostRuntime.PhotonDomainManager - Getting license information:
2017-04-24 13:00:43,244 [ 1] INFO  PhotonHostRuntime.PhotonLicensing - LICENSE: Type:Standard; Plan:Free; Expiration: never; floating license: yes; max connections: 100; valid IPs: any; status:Licensed
2017-04-24 13:00:44,495 [ 1] INFO  PhotonHostRuntime.PhotonDomainManager - CreateAppDomain: name = 'MMOServer' , assemblyName = 'MMOServer'
2017-04-24 13:00:44,500 [ 1] INFO  PhotonHostRuntime.PhotonDomainManager -   ApplicationBase = 'D:\Projects\ThesisMMO\deploy'
2017-04-24 13:00:44,506 [ 1] INFO  PhotonHostRuntime.PhotonDomainManager -   PrivateBinPath = 'D:\Projects\ThesisMMO\deploy\MMOServer\bin;bin_Win64;Shared;'
2017-04-24 13:00:44,511 [ 1] INFO  PhotonHostRuntime.PhotonDomainManager -   ConfigurationFile = ''
2017-04-24 13:00:44,516 [ 1] INFO  PhotonHostRuntime.PhotonDomainManager -   CachePath = ''
2017-04-24 13:00:44,561 [ 1] INFO  PhotonHostRuntime.PhotonDomainManager -   ApplicationPath = 'D:\Projects\ThesisMMO\deploy\MMOServer'
2017-04-24 13:00:44,566 [ 1] INFO  PhotonHostRuntime.PhotonDomainManager -   BinaryPath = 'D:\Projects\ThesisMMO\deploy\MMOServer\bin'
2017-04-24 13:00:44,569 [ 1] INFO  PhotonHostRuntime.PhotonDomainManager -   ApplicationRootPath = 'D:\Projects\ThesisMMO\deploy'
2017-04-24 13:00:44,573 [ 1] INFO  PhotonHostRuntime.PhotonDomainManager -   UnmanagedLogPath = 'D:\Projects\ThesisMMO\deploy\bin_Win64\log'
2017-04-24 13:00:44,600 [ 1] INFO  PhotonHostRuntime.PhotonDomainManager - AssemblyLoadEvent: MMOServer, Version=1.0.0.0, Culture=neutral, PublicKeyToken=null from file:///D:/Projects/ThesisMMO/deploy/MMOServer/bin/MMOServer.DLL
2017-04-24 13:00:44,604 [ 1] INFO  PhotonHostRuntime.PhotonDomainManager - Photon SDK:4.0.28.11245
2017-04-24 13:00:44,619 [ 1] INFO  PhotonHostRuntime.PhotonDomainManager - RequestStop: ApplicationName = 'DefaultDomain', DomainId='1'
2017-04-24 13:02:27,168 [ 1] INFO  PhotonHostRuntime.PhotonDomainManager - Initialize: ApplicationName = 'DefaultDomain', DomainID = '1'
2017-04-24 13:02:27,185 [ 1] INFO  PhotonHostRuntime.PhotonDomainManager - AppDomains with unhandled exceptions are usually not unloaded and restarted.
2017-04-24 13:02:27,190 [ 1] INFO  PhotonHostRuntime.PhotonDomainManager - Getting license information:
2017-04-24 13:02:27,511 [ 1] INFO  PhotonHostRuntime.PhotonLicensing - LICENSE: Type:Standard; Plan:Free; Expiration: never; floating license: yes; max connections: 100; valid IPs: any; status:Licensed
2017-04-24 13:02:28,734 [ 1] INFO  PhotonHostRuntime.PhotonDomainManager - CreateAppDomain: name = 'MMOServer' , assemblyName = 'MMOServer'
2017-04-24 13:02:28,739 [ 1] INFO  PhotonHostRuntime.PhotonDomainManager -   ApplicationBase = 'D:\Projects\ThesisMMO\deploy'
2017-04-24 13:02:28,743 [ 1] INFO  PhotonHostRuntime.PhotonDomainManager -   PrivateBinPath = 'D:\Projects\ThesisMMO\deploy\MMOServer\bin;bin_Win64;Shared;'
2017-04-24 13:02:28,748 [ 1] INFO  PhotonHostRuntime.PhotonDomainManager -   ConfigurationFile = ''
2017-04-24 13:02:28,752 [ 1] INFO  PhotonHostRuntime.PhotonDomainManager -   CachePath = ''
2017-04-24 13:02:28,787 [ 1] INFO  PhotonHostRuntime.PhotonDomainManager -   ApplicationPath = 'D:\Projects\ThesisMMO\deploy\MMOServer'
2017-04-24 13:02:28,791 [ 1] INFO  PhotonHostRuntime.PhotonDomainManager -   BinaryPath = 'D:\Projects\ThesisMMO\deploy\MMOServer\bin'
2017-04-24 13:02:28,796 [ 1] INFO  PhotonHostRuntime.PhotonDomainManager -   ApplicationRootPath = 'D:\Projects\ThesisMMO\deploy'
2017-04-24 13:02:28,801 [ 1] INFO  PhotonHostRuntime.PhotonDomainManager -   UnmanagedLogPath = 'D:\Projects\ThesisMMO\deploy\bin_Win64\log'
2017-04-24 13:02:28,808 [ 1] INFO  PhotonHostRuntime.PhotonDomainManager - AssemblyLoadEvent: MMOServer, Version=1.0.0.0, Culture=neutral, PublicKeyToken=null from file:///D:/Projects/ThesisMMO/deploy/MMOServer/bin/MMOServer.DLL
2017-04-24 13:02:28,813 [ 1] INFO  PhotonHostRuntime.PhotonDomainManager - Photon SDK:4.0.28.11245
2017-04-24 13:02:28,819 [ 1] INFO  PhotonHostRuntime.PhotonDomainManager - AssemblyLoadEvent: Photon.SocketServer, Version=4.0.28.11245, Culture=neutral, PublicKeyToken=48c2fa3b6988090e from file:///D:/Projects/ThesisMMO/deploy/MMOServer/bin/Photon.SocketServer.DLL
2017-04-24 13:02:28,825 [ 1] INFO  PhotonHostRuntime.PhotonDomainManager - AssemblyLoadEvent: ExitGamesLibs, Version=1.0.4.0, Culture=neutral, PublicKeyToken=eac0edd9746a4aa0 from file:///D:/Projects/ThesisMMO/deploy/MMOServer/bin/ExitGamesLibs.DLL
2017-04-24 13:02:28,837 [ 1] INFO  PhotonHostRuntime.PhotonDomainManager - Starting: name = 'MMOServer', assemblyName = 'MMOServer', typeName = 'JYW.ThesisMMO.MMOServer.MMOServerApplication'
2017-04-24 13:02:28,870 [ 1] INFO  PhotonHostRuntime.PhotonDomainManager - PhotonRunning: ApplicationName = 'MMOServer', DomainId='2' -- calling Application.Setup
2017-04-24 13:02:28,887 [ 1] INFO  PhotonHostRuntime.PhotonDomainManager - PhotonRunning: ApplicationName = 'DefaultDomain', DomainId='1'
2017-04-24 13:03:01,405 [ 1] INFO  PhotonHostRuntime.PhotonDomainManager - RequestStop: ApplicationName = 'MMOServer', DomainId='2' -- calling Application.OnStopRequested()
2017-04-24 13:03:01,413 [ 1] INFO  PhotonHostRuntime.PhotonDomainManager - RequestStop: ApplicationName = 'DefaultDomain', DomainId='1'
2017-04-24 13:03:01,421 [ 1] INFO  PhotonHostRuntime.PhotonDomainManager - Stop: ApplicationName = 'MMOServer', DomainId='2' -- calling Application.TearDown()
2017-04-24 14:26:31,437 [ 1] INFO  PhotonHostRuntime.PhotonDomainManager - Initialize: ApplicationName = 'DefaultDomain', DomainID = '1'
2017-04-24 14:26:31,455 [ 1] INFO  PhotonHostRuntime.PhotonDomainManager - AppDomains with unhandled exceptions are usually not unloaded and restarted.
2017-04-24 14:26:31,462 [ 1] INFO  PhotonHostRuntime.PhotonDomainManager - Getting license information:
2017-04-24 14:26:31,822 [ 1] INFO  PhotonHostRuntime.PhotonLicensing - LICENSE: Type:Standard; Plan:Free; Expiration: never; floating license: yes; max connections: 100; valid IPs: any; status:Licensed
2017-04-24 14:26:33,017 [ 1] INFO  PhotonHostRuntime.PhotonDomainManager - CreateAppDomain: name = 'MMOServer' , assemblyName = 'MMOServer'
2017-04-24 14:26:33,022 [ 1] INFO  PhotonHostRuntime.PhotonDomainManager -   ApplicationBase = 'D:\Projects\ThesisMMO\deploy'
2017-04-24 14:26:33,026 [ 1] INFO  PhotonHostRuntime.PhotonDomainManager -   PrivateBinPath = 'D:\Projects\ThesisMMO\deploy\MMOServer\bin;bin_Win64;Shared;'
2017-04-24 14:26:33,031 [ 1] INFO  PhotonHostRuntime.PhotonDomainManager -   ConfigurationFile = ''
2017-04-24 14:26:33,035 [ 1] INFO  PhotonHostRuntime.PhotonDomainManager -   CachePath = ''
2017-04-24 14:26:33,068 [ 1] INFO  PhotonHostRuntime.PhotonDomainManager -   ApplicationPath = 'D:\Projects\ThesisMMO\deploy\MMOServer'
2017-04-24 14:26:33,073 [ 1] INFO  PhotonHostRuntime.PhotonDomainManager -   BinaryPath = 'D:\Projects\ThesisMMO\deploy\MMOServer\bin'
2017-04-24 14:26:33,077 [ 1] INFO  PhotonHostRuntime.PhotonDomainManager -   ApplicationRootPath = 'D:\Projects\ThesisMMO\deploy'
2017-04-24 14:26:33,082 [ 1] INFO  PhotonHostRuntime.PhotonDomainManager -   UnmanagedLogPath = 'D:\Projects\ThesisMMO\deploy\bin_Win64\log'
2017-04-24 14:26:33,090 [ 1] INFO  PhotonHostRuntime.PhotonDomainManager - AssemblyLoadEvent: MMOServer, Version=1.0.0.0, Culture=neutral, PublicKeyToken=null from file:///D:/Projects/ThesisMMO/deploy/MMOServer/bin/MMOServer.DLL
2017-04-24 14:26:33,095 [ 1] INFO  PhotonHostRuntime.PhotonDomainManager - Photon SDK:4.0.28.11245
2017-04-24 14:26:33,100 [ 1] INFO  PhotonHostRuntime.PhotonDomainManager - AssemblyLoadEvent: Photon.SocketServer, Version=4.0.28.11245, Culture=neutral, PublicKeyToken=48c2fa3b6988090e from file:///D:/Projects/ThesisMMO/deploy/MMOServer/bin/Photon.SocketServer.DLL
2017-04-24 14:26:33,106 [ 1] INFO  PhotonHostRuntime.PhotonDomainManager - AssemblyLoadEvent: ExitGamesLibs, Version=1.0.4.0, Culture=neutral, PublicKeyToken=eac0edd9746a4aa0 from file:///D:/Projects/ThesisMMO/deploy/MMOServer/bin/ExitGamesLibs.DLL
2017-04-24 14:26:33,114 [ 1] INFO  PhotonHostRuntime.PhotonDomainManager - Starting: name = 'MMOServer', assemblyName = 'MMOServer', typeName = 'JYW.ThesisMMO.MMOServer.MMOServerApplication'
2017-04-24 14:26:33,123 [ 1] INFO  PhotonHostRuntime.PhotonDomainManager - PhotonRunning: ApplicationName = 'MMOServer', DomainId='2' -- calling Application.Setup
2017-04-24 14:26:33,136 [ 1] INFO  PhotonHostRuntime.PhotonDomainManager - PhotonRunning: ApplicationName = 'DefaultDomain', DomainId='1'
2017-04-24 14:36:12,223 [ 1] INFO  PhotonHostRuntime.PhotonDomainManager - RequestStop: ApplicationName = 'DefaultDomain', DomainId='1'
2017-04-24 14:39:18,940 [ 1] INFO  PhotonHostRuntime.PhotonDomainManager - Initialize: ApplicationName = 'DefaultDomain', DomainID = '1'
2017-04-24 14:39:18,959 [ 1] INFO  PhotonHostRuntime.PhotonDomainManager - AppDomains with unhandled exceptions are usually not unloaded and restarted.
2017-04-24 14:39:18,966 [ 1] INFO  PhotonHostRuntime.PhotonDomainManager - Getting license information:
2017-04-24 14:39:19,313 [ 1] INFO  PhotonHostRuntime.PhotonLicensing - LICENSE: Type:Standard; Plan:Free; Expiration: never; floating license: yes; max connections: 100; valid IPs: any; status:Licensed
2017-04-24 14:39:20,510 [ 1] INFO  PhotonHostRuntime.PhotonDomainManager - CreateAppDomain: name = 'MMOServer' , assemblyName = 'MMOServer'
2017-04-24 14:39:20,515 [ 1] INFO  PhotonHostRuntime.PhotonDomainManager -   ApplicationBase = 'D:\Projects\ThesisMMO\deploy'
2017-04-24 14:39:20,519 [ 1] INFO  PhotonHostRuntime.PhotonDomainManager -   PrivateBinPath = 'D:\Projects\ThesisMMO\deploy\MMOServer\bin;bin_Win64;Shared;'
2017-04-24 14:39:20,523 [ 1] INFO  PhotonHostRuntime.PhotonDomainManager -   ConfigurationFile = ''
2017-04-24 14:39:20,527 [ 1] INFO  PhotonHostRuntime.PhotonDomainManager -   CachePath = ''
2017-04-24 14:39:20,561 [ 1] INFO  PhotonHostRuntime.PhotonDomainManager -   ApplicationPath = 'D:\Projects\ThesisMMO\deploy\MMOServer'
2017-04-24 14:39:20,565 [ 1] INFO  PhotonHostRuntime.PhotonDomainManager -   BinaryPath = 'D:\Projects\ThesisMMO\deploy\MMOServer\bin'
2017-04-24 14:39:20,569 [ 1] INFO  PhotonHostRuntime.PhotonDomainManager -   ApplicationRootPath = 'D:\Projects\ThesisMMO\deploy'
2017-04-24 14:39:20,574 [ 1] INFO  PhotonHostRuntime.PhotonDomainManager -   UnmanagedLogPath = 'D:\Projects\ThesisMMO\deploy\bin_Win64\log'
2017-04-24 14:39:20,582 [ 1] INFO  PhotonHostRuntime.PhotonDomainManager - AssemblyLoadEvent: MMOServer, Version=1.0.0.0, Culture=neutral, PublicKeyToken=null from file:///D:/Projects/ThesisMMO/deploy/MMOServer/bin/MMOServer.DLL
2017-04-24 14:39:20,587 [ 1] INFO  PhotonHostRuntime.PhotonDomainManager - Photon SDK:4.0.28.11245
2017-04-24 14:39:20,592 [ 1] INFO  PhotonHostRuntime.PhotonDomainManager - AssemblyLoadEvent: Photon.SocketServer, Version=4.0.28.11245, Culture=neutral, PublicKeyToken=48c2fa3b6988090e from file:///D:/Projects/ThesisMMO/deploy/MMOServer/bin/Photon.SocketServer.DLL
2017-04-24 14:39:20,598 [ 1] INFO  PhotonHostRuntime.PhotonDomainManager - AssemblyLoadEvent: ExitGamesLibs, Version=1.0.4.0, Culture=neutral, PublicKeyToken=eac0edd9746a4aa0 from file:///D:/Projects/ThesisMMO/deploy/MMOServer/bin/ExitGamesLibs.DLL
2017-04-24 14:39:20,606 [ 1] INFO  PhotonHostRuntime.PhotonDomainManager - Starting: name = 'MMOServer', assemblyName = 'MMOServer', typeName = 'JYW.ThesisMMO.MMOServer.MMOServerApplication'
2017-04-24 14:39:20,614 [ 1] INFO  PhotonHostRuntime.PhotonDomainManager - PhotonRunning: ApplicationName = 'MMOServer', DomainId='2' -- calling Application.Setup
2017-04-24 14:39:20,627 [ 1] INFO  PhotonHostRuntime.PhotonDomainManager - PhotonRunning: ApplicationName = 'DefaultDomain', DomainId='1'
2017-04-24 14:43:57,902 [ 1] INFO  PhotonHostRuntime.PhotonDomainManager - RequestStop: ApplicationName = 'MMOServer', DomainId='2' -- calling Application.OnStopRequested()
2017-04-24 14:43:57,908 [ 1] INFO  PhotonHostRuntime.PhotonDomainManager - RequestStop: ApplicationName = 'DefaultDomain', DomainId='1'
2017-04-24 14:43:57,920 [ 1] INFO  PhotonHostRuntime.PhotonDomainManager - Stop: ApplicationName = 'MMOServer', DomainId='2' -- calling Application.TearDown()
2017-04-24 14:44:26,006 [ 1] INFO  PhotonHostRuntime.PhotonDomainManager - Initialize: ApplicationName = 'DefaultDomain', DomainID = '1'
2017-04-24 14:44:26,025 [ 1] INFO  PhotonHostRuntime.PhotonDomainManager - AppDomains with unhandled exceptions are usually not unloaded and restarted.
2017-04-24 14:44:26,033 [ 1] INFO  PhotonHostRuntime.PhotonDomainManager - Getting license information:
2017-04-24 14:44:26,369 [ 1] INFO  PhotonHostRuntime.PhotonLicensing - LICENSE: Type:Standard; Plan:Free; Expiration: never; floating license: yes; max connections: 100; valid IPs: any; status:Licensed
2017-04-24 14:44:27,566 [ 1] INFO  PhotonHostRuntime.PhotonDomainManager - CreateAppDomain: name = 'MMOServer' , assemblyName = 'MMOServer'
2017-04-24 14:44:27,571 [ 1] INFO  PhotonHostRuntime.PhotonDomainManager -   ApplicationBase = 'D:\Projects\ThesisMMO\deploy'
2017-04-24 14:44:27,575 [ 1] INFO  PhotonHostRuntime.PhotonDomainManager -   PrivateBinPath = 'D:\Projects\ThesisMMO\deploy\MMOServer\bin;bin_Win64;Shared;'
2017-04-24 14:44:27,580 [ 1] INFO  PhotonHostRuntime.PhotonDomainManager -   ConfigurationFile = ''
2017-04-24 14:44:27,584 [ 1] INFO  PhotonHostRuntime.PhotonDomainManager -   CachePath = ''
2017-04-24 14:44:27,618 [ 1] INFO  PhotonHostRuntime.PhotonDomainManager -   ApplicationPath = 'D:\Projects\ThesisMMO\deploy\MMOServer'
2017-04-24 14:44:27,622 [ 1] INFO  PhotonHostRuntime.PhotonDomainManager -   BinaryPath = 'D:\Projects\ThesisMMO\deploy\MMOServer\bin'
2017-04-24 14:44:27,627 [ 1] INFO  PhotonHostRuntime.PhotonDomainManager -   ApplicationRootPath = 'D:\Projects\ThesisMMO\deploy'
2017-04-24 14:44:27,630 [ 1] INFO  PhotonHostRuntime.PhotonDomainManager -   UnmanagedLogPath = 'D:\Projects\ThesisMMO\deploy\bin_Win64\log'
2017-04-24 14:44:27,638 [ 1] INFO  PhotonHostRuntime.PhotonDomainManager - AssemblyLoadEvent: MMOServer, Version=1.0.0.0, Culture=neutral, PublicKeyToken=null from file:///D:/Projects/ThesisMMO/deploy/MMOServer/bin/MMOServer.DLL
2017-04-24 14:44:27,642 [ 1] INFO  PhotonHostRuntime.PhotonDomainManager - Photon SDK:4.0.28.11245
2017-04-24 14:44:27,647 [ 1] INFO  PhotonHostRuntime.PhotonDomainManager - AssemblyLoadEvent: Photon.SocketServer, Version=4.0.28.11245, Culture=neutral, PublicKeyToken=48c2fa3b6988090e from file:///D:/Projects/ThesisMMO/deploy/MMOServer/bin/Photon.SocketServer.DLL
2017-04-24 14:44:27,652 [ 1] INFO  PhotonHostRuntime.PhotonDomainManager - AssemblyLoadEvent: ExitGamesLibs, Version=1.0.4.0, Culture=neutral, PublicKeyToken=eac0edd9746a4aa0 from file:///D:/Projects/ThesisMMO/deploy/MMOServer/bin/ExitGamesLibs.DLL
2017-04-24 14:44:27,659 [ 1] INFO  PhotonHostRuntime.PhotonDomainManager - Starting: name = 'MMOServer', assemblyName = 'MMOServer', typeName = 'MMOServerApplication'
2017-04-24 14:44:27,668 [ 1] INFO  PhotonHostRuntime.PhotonDomainManager - PhotonRunning: ApplicationName = 'MMOServer', DomainId='2' -- calling Application.Setup
2017-04-24 14:44:27,680 [ 1] INFO  PhotonHostRuntime.PhotonDomainManager - PhotonRunning: ApplicationName = 'DefaultDomain', DomainId='1'
2017-04-24 15:03:41,273 [ 1] INFO  PhotonHostRuntime.PhotonDomainManager - RequestStop: ApplicationName = 'DefaultDomain', DomainId='1'
2017-04-24 15:03:57,860 [ 1] INFO  PhotonHostRuntime.PhotonDomainManager - Initialize: ApplicationName = 'DefaultDomain', DomainID = '1'
2017-04-24 15:03:57,878 [ 1] INFO  PhotonHostRuntime.PhotonDomainManager - AppDomains with unhandled exceptions are usually not unloaded and restarted.
2017-04-24 15:03:57,884 [ 1] INFO  PhotonHostRuntime.PhotonDomainManager - Getting license information:
2017-04-24 15:03:58,231 [ 1] INFO  PhotonHostRuntime.PhotonLicensing - LICENSE: Type:Standard; Plan:Free; Expiration: never; floating license: yes; max connections: 100; valid IPs: any; status:Licensed
2017-04-24 15:03:59,424 [ 1] INFO  PhotonHostRuntime.PhotonDomainManager - CreateAppDomain: name = 'MMOServer' , assemblyName = 'MMOServer'
2017-04-24 15:03:59,429 [ 1] INFO  PhotonHostRuntime.PhotonDomainManager -   ApplicationBase = 'D:\Projects\ThesisMMO\deploy'
2017-04-24 15:03:59,433 [ 1] INFO  PhotonHostRuntime.PhotonDomainManager -   PrivateBinPath = 'D:\Projects\ThesisMMO\deploy\MMOServer\bin;bin_Win64;Shared;'
2017-04-24 15:03:59,437 [ 1] INFO  PhotonHostRuntime.PhotonDomainManager -   ConfigurationFile = ''
2017-04-24 15:03:59,442 [ 1] INFO  PhotonHostRuntime.PhotonDomainManager -   CachePath = ''
2017-04-24 15:03:59,474 [ 1] INFO  PhotonHostRuntime.PhotonDomainManager -   ApplicationPath = 'D:\Projects\ThesisMMO\deploy\MMOServer'
2017-04-24 15:03:59,479 [ 1] INFO  PhotonHostRuntime.PhotonDomainManager -   BinaryPath = 'D:\Projects\ThesisMMO\deploy\MMOServer\bin'
2017-04-24 15:03:59,483 [ 1] INFO  PhotonHostRuntime.PhotonDomainManager -   ApplicationRootPath = 'D:\Projects\ThesisMMO\deploy'
2017-04-24 15:03:59,487 [ 1] INFO  PhotonHostRuntime.PhotonDomainManager -   UnmanagedLogPath = 'D:\Projects\ThesisMMO\deploy\bin_Win64\log'
2017-04-24 15:03:59,495 [ 1] INFO  PhotonHostRuntime.PhotonDomainManager - AssemblyLoadEvent: MMOServer, Version=1.0.0.0, Culture=neutral, PublicKeyToken=null from file:///D:/Projects/ThesisMMO/deploy/MMOServer/bin/MMOServer.DLL
2017-04-24 15:03:59,500 [ 1] INFO  PhotonHostRuntime.PhotonDomainManager - Photon SDK:4.0.28.11245
2017-04-24 15:03:59,505 [ 1] INFO  PhotonHostRuntime.PhotonDomainManager - AssemblyLoadEvent: Photon.SocketServer, Version=4.0.28.11245, Culture=neutral, PublicKeyToken=48c2fa3b6988090e from file:///D:/Projects/ThesisMMO/deploy/MMOServer/bin/Photon.SocketServer.DLL
2017-04-24 15:03:59,510 [ 1] INFO  PhotonHostRuntime.PhotonDomainManager - AssemblyLoadEvent: ExitGamesLibs, Version=1.0.4.0, Culture=neutral, PublicKeyToken=eac0edd9746a4aa0 from file:///D:/Projects/ThesisMMO/deploy/MMOServer/bin/ExitGamesLibs.DLL
2017-04-24 15:03:59,518 [ 1] INFO  PhotonHostRuntime.PhotonDomainManager - Starting: name = 'MMOServer', assemblyName = 'MMOServer', typeName = 'MMOServerApplication'
2017-04-24 15:03:59,526 [ 1] INFO  PhotonHostRuntime.PhotonDomainManager - PhotonRunning: ApplicationName = 'MMOServer', DomainId='2' -- calling Application.Setup
2017-04-24 15:03:59,538 [ 1] INFO  PhotonHostRuntime.PhotonDomainManager - PhotonRunning: ApplicationName = 'DefaultDomain', DomainId='1'
2017-04-24 15:04:41,466 [ 1] INFO  PhotonHostRuntime.PhotonDomainManager - RequestStop: ApplicationName = 'MMOServer', DomainId='2' -- calling Application.OnStopRequested()
2017-04-24 15:04:41,471 [ 1] INFO  PhotonHostRuntime.PhotonDomainManager - RequestStop: ApplicationName = 'DefaultDomain', DomainId='1'
2017-04-24 15:04:41,477 [ 1] INFO  PhotonHostRuntime.PhotonDomainManager - Stop: ApplicationName = 'MMOServer', DomainId='2' -- calling Application.TearDown()
