10496: 17:10:10.569 - ---
10496: 17:10:10.569 - Service: "Photon Socket Server" starting
10496: 17:10:10.569 - Config File: D:\Projects\ThesisMMO\deploy\bin_Win64\PhotonServer.config
10496: 17:10:10.570 - Will produce at most: 10 crash dumps
10496: 17:10:10.571 - Service shutting down
10496: 17:10:10.572 - Service shut down complete
2380: 17:16:36.284 - ---
2380: 17:16:36.284 - Service: "Photon Socket Server" starting
2380: 17:16:36.284 - Config File: D:\Projects\ThesisMMO\deploy\bin_Win64\PhotonServer.config
2380: 17:16:36.285 - Will produce at most: 10 crash dumps
2380: 17:16:36.285 - Service shutting down
2380: 17:16:36.286 - Service shut down complete
7248: 17:16:57.247 - ---
7248: 17:16:57.247 - Service: "Photon Socket Server" starting
7248: 17:16:57.247 - Config File: D:\Projects\ThesisMMO\deploy\bin_Win64\PhotonServer.config
7248: 17:16:57.248 - Will produce at most: 10 crash dumps
7248: 17:16:57.248 - Service shutting down
7248: 17:16:57.250 - Service shut down complete
10948: 17:18:25.564 - ---
10948: 17:18:25.564 - Service: "Photon Socket Server" starting
10948: 17:18:25.564 - Config File: D:\Projects\ThesisMMO\deploy\bin_Win64\PhotonServer.config
10948: 17:18:25.565 - Will produce at most: 10 crash dumps
10948: 17:18:25.565 - Service shutting down
10948: 17:18:25.567 - Service shut down complete
7992: 17:18:44.303 - ---
7992: 17:18:44.303 - Service: "Photon Socket Server" starting
7992: 17:18:44.303 - Config File: D:\Projects\ThesisMMO\deploy\bin_Win64\PhotonServer.config
7992: 17:18:44.304 - Will produce at most: 10 crash dumps
7992: 17:18:44.304 - Service shutting down
7992: 17:18:44.306 - Service shut down complete
8144: 21:11:41.201 - ---
8144: 21:11:41.201 - Service: "Photon Socket Server" starting
8144: 21:11:41.201 - Config File: D:\Projects\ThesisMMO\deploy\bin_Win64\PhotonServer.config
8144: 21:11:41.202 - Will produce at most: 10 crash dumps
8144: 21:11:41.202 - Service shutting down
8144: 21:11:41.203 - Service shut down complete
11408: 22:40:31.053 - ---
11408: 22:40:31.053 - Service: "Photon Socket Server" starting
11408: 22:40:31.053 - Config File: D:\Projects\ThesisMMO\deploy\bin_Win64\PhotonServer.config
11408: 22:40:31.054 - Will produce at most: 10 crash dumps
11408: 22:40:31.054 - Service shutting down
11408: 22:40:31.055 - Service shut down complete
