10772: 17:01:04.277 - ---
10772: 17:01:04.277 - Service: "Photon Socket Server" starting
10772: 17:01:04.277 - Config File: D:\Projects\ThesisMMO\deploy\bin_Win64\PhotonServer.config
10772: 17:01:04.278 - Will produce at most: 10 crash dumps
10772: 17:01:04.279 - Action: run as exe
10772: 17:01:04.279 - Server Starting...
10772: 17:01:04.279 -    Tick count: 2736984 (wraps in: 49.6786 days)
10772: 17:01:04.279 - Tick count 64: 2736984
10772: 17:01:04.279 - Photon Version: 4.0.28.2962
10772: 17:01:04.279 - PID: 6072
10772: 17:01:04.279 - Config File: D:\Projects\ThesisMMO\deploy\bin_Win64\PhotonServer.config
10772: 17:01:04.279 - Will NOT log unimportant exceptions
10772: 17:01:04.281 - Not using performance counters as they are not currently installed. Run the service with /InstallCounters to install them.
10772: 17:01:04.281 - Shutdown timeout enabled: 30000ms
10772: 17:01:04.281 - Starting I/O thread pool with 2 threads
10772: 17:01:04.281 - Using Standard allocator
10772: 17:01:04.281 - Max message size: 512000
10772: 17:01:04.281 - Starting business logic thread pool with the following settings
10772: 17:01:04.281 - InitialThreads: 4 threads
10772: 17:01:04.281 - MinThreads: 4 threads
10772: 17:01:04.281 - Thread pool is fixed size
10772: 17:01:04.281 - Starting ENet thread pool with the following settings
10772: 17:01:04.281 - InitialThreads: 2 threads
10772: 17:01:04.281 - MinThreads: 2 threads
10772: 17:01:04.281 - Thread pool is fixed size
10772: 17:01:04.281 - OnlyDispatchTimers: False
10772: 17:01:04.281 - S2S: flow control: Max pending writes: 50
10772: 17:01:04.282 - S2S: flow control: Max queued buffers: 200
10772: 17:01:04.282 - S2S: flow control: Max pending writes MUX: 500
10772: 17:01:04.282 - S2S: flow control: Max queued buffers MUX: 2000
10772: 17:01:04.282 - S2S: MaxInboundMessageSize: 512000
10772: 17:01:04.282 - S2S: MaxOutboundMessageSize: 512000
10772: 17:01:04.282 - S2S: No inactivity timeout
10772: 17:01:04.283 - WebSocket S2S: MaxInboundMessageSize: 512000
10772: 17:01:04.283 - WebSocket S2S: MaxOutboundMessageSize: 512000
10772: 17:01:04.283 - WebSocket S2S: No inactivity timeout
10772: 17:01:04.283 - Max Reliable Data In Transit (awaiting ACKs) per peer : 16384 bytes
10772: 17:01:04.283 - Per peer bandwidth limit
10772: 17:01:04.283 - Transmit Rate Limit: 256 KB/Sec
10772: 17:01:04.283 - Limit period: 200ms
10772: 17:01:04.283 - Limit per period: 52428 bytes
10772: 17:01:04.283 - Max queued data for transmission per peer: 163840 bytes
10772: 17:01:04.283 - Minimum retransmit timeout: 200
10772: 17:01:04.283 - No Maximum retransmit timeout
10772: 17:01:04.283 - Minimum ENet timeout: 5000ms
10772: 17:01:04.283 - Maximum ENet timeout: 30000ms
10772: 17:01:04.283 - Max Inbound Reliable Data Queued (awaiting resends of earlier sequence numbers) per peer : 163840 bytes
10772: 17:01:04.283 - No RTT ACK adjustment timeout
10772: 17:01:04.283 - Outbound ENet: MaxInboundMessageSize: 512000
10772: 17:01:04.283 - Outbound ENet: MaxOutboundMessageSize: 512000
10772: 17:01:04.284 - GetRuntime - About to load CLR - versions available:
10772: 17:01:04.284 - v2.0.50727
10772: 17:01:04.284 - v4.0.30319
10772: 17:01:04.284 - Configuration requests: "v2.0.50727"
10772: 17:01:04.284 - About to load version: "v2.0.50727"
10772: 17:01:04.288 - About to load runtime: PhotonHostRuntime.PhotonDomainManager from PhotonHostRuntime, Culture=neutral, PublicKeyToken=02C301B61B060C4D
10772: 17:01:04.288 - CLRBaseDirectory set to "D:\Projects\ThesisMMO\deploy"
10772: 17:01:04.288 - Optimising event broadcast for 20 or more peers
10772: 17:01:04.289 - Start: About to load CLR - versions available:
10772: 17:01:04.289 - v2.0.50727
10772: 17:01:04.289 - v4.0.30319
10772: 17:01:04.289 - No preference in configuration file, will load latest.
10772: 17:01:04.289 - About to load version: "v4.0.30319"
10772: 17:01:04.290 - Loaded version: "v4.0.30319"
10772: 17:01:04.414 - Photon host runtime loaded
10772: 17:01:05.965 - License is valid.
10772: 17:01:05.965 - Licensed for 100 concurrent connections.
10772: 17:01:05.965 - ENet: Max Reliable Data In Transit (awaiting ACKs) per peer : 16384 bytes
10772: 17:01:05.965 - ENet: Per peer bandwidth limit
10772: 17:01:05.965 - ENet: Transmit Rate Limit: 256 KB/Sec
10772: 17:01:05.965 - ENet: Limit period: 200ms
10772: 17:01:05.965 - ENet: Limit per period: 52428 bytes
10772: 17:01:05.965 - ENet: Max queued data for transmission per peer: 163840 bytes
10772: 17:01:05.965 - ENet: Minimum retransmit timeout: 200
10772: 17:01:05.965 - No Maximum retransmit timeout
10772: 17:01:05.965 - ENet: Minimum timeout: 5000ms
10772: 17:01:05.965 - ENet: Maximum timeout: 30000ms
10772: 17:01:05.965 - ENet: Max Inbound Reliable Data Queued (awaiting resends of earlier sequence numbers) per peer : 163840 bytes
10772: 17:01:05.965 - No RTT ACK adjustment timeout
10772: 17:01:05.965 - About to load application: MMOServer from MMOServer
10772: 17:01:06.027 - Taking reference on default app domain
10772: 17:01:06.040 - MMOServer:2 - Start() failed.
Exception:
System.TypeLoadException: Failed to create object "MMOServer" from assembly "MMOServer".
   at PhotonHostRuntime.PhotonDomainManager.PhotonPlainAppDomainBehavior.Start(String assemblyName, String typeName, String instanceName, String applicationName, IPhotonApplicationSink sink, ILogToUnmanagedLog logger, IControlListeners listenerControl)
   at PhotonHostRuntime.PhotonDomainManager.Start(String assemblyName, String typeName, String instanceName, String applicationName, IPhotonApplicationSink sink, ILogToUnmanagedLog logger, IControlListeners listenerControl)
10772: 17:01:06.041 - MMOServer:2 - Stop() failed.
Exception:
System.Exception: Stop: unable to call the Application.TearDown() - undefined photonControl.
   at PhotonHostRuntime.PhotonDomainManager.PhotonPlainAppDomainBehavior.Stop()
   at PhotonHostRuntime.PhotonDomainManager.Stop()
10772: 17:01:06.041 - ERROR: Failed to start application: "MMOServer" in app domain: 2
8376: 17:01:06.041 - CManagedHost::OnDefaultAction() - OPR_AppDomainUnload - eUnloadAppDomain
10772: 17:01:06.041 - CService::OnException() - Exception: CManagedHost::StartApplication() - Failed to start application in AppDomain: 2 - Failed to create object "MMOServer" from assembly "MMOServer".
10772: 17:01:06.041 - Server shutting down...
10772: 17:01:06.041 - Shutdown monitoring enabled, 30000ms before process abort
10772: 17:01:06.041 - Notifying CLR applications of shutdown...
10772: 17:01:06.041 - RequestStop: defalt app domain
10772: 17:01:06.045 - Shutting down WebSocket Outbound Connection Manager...
10772: 17:01:06.045 - Shutting down TCP Outbound Connection Manager...
10772: 17:01:06.045 - Shutting down ENet Outbound Connection Manager...
10772: 17:01:06.045 - Disconnecting all outbound peers...
10772: 17:01:06.045 - Shutting down ENet host...
10772: 17:01:06.045 - Disconnecting all peers...
10772: 17:01:06.045 - Shutting down socket servers...
10772: 17:01:06.045 - Shutting down ENet thread pool...
10772: 17:01:06.045 - Shutting down TCP inactivity timers...
10772: 17:01:06.045 - Shutting down CLR applications...
10772: 17:01:06.045 - Shutting down business logic thread pool...
10772: 17:01:06.046 - Shutting down I/O thread pool...
10772: 17:01:06.046 - Destroying servers
10772: 17:01:06.046 - Destroying WebSocket Outbound Connection Manager
10772: 17:01:06.046 - Destroying TCP Outbound Connection Manager
10772: 17:01:06.046 - Destroying TCP inactivity timer
10772: 17:01:06.046 - Destroying ENet timer wheel
10772: 17:01:06.046 - Destroying ENet host
10772: 17:01:06.046 - Destroying ENet outbound host
10772: 17:01:06.046 - Destroying HTTP inactivity timer
10772: 17:01:06.046 - Destroying HTTP host
10772: 17:01:06.046 - Destroying HTTP Chunk host
10772: 17:01:06.046 - Flushing ENET buffer allocator...
10772: 17:01:06.046 - Flushing TCP buffer handle allocator...
10772: 17:01:06.046 - Flushing stream socket allocator...
10772: 17:01:06.046 - Flushing inbound datagram socket allocator...
10772: 17:01:06.046 - Flushing outbound datagram socket allocator...
10772: 17:01:06.046 - Destroying CLR dispatcher
10772: 17:01:06.046 - Destroying CLR applications
10772: 17:01:06.046 - ~CCLRApplicationCollection() - Waiting up to 10 seconds for the CLR to release all of our objects
10108: 17:01:06.046 - Unloading Domain: ApplicationName = 'MMOServer', DomainId='2'
8376: 17:01:06.047 - CManagedHost::OnDomainUnload() - 2
10772: 17:01:06.047 - ~CCLRApplicationCollection() - Done. All objects released
10772: 17:01:06.047 - ~CManagedHost() - Release default app domain
10772: 17:01:06.047 - CManagedHost::OnDomainUnload() - 1
10772: 17:01:06.047 - ~CManagedHost() - Waiting up to 10 seconds for CLR shutdown...
10772: 17:01:06.047 - ~CManagedHost
10772: 17:01:06.047 - Destroying ENet thread pool
10772: 17:01:06.047 - Destroying Business logic thread pool
10772: 17:01:06.047 - Destroying I/O thread pool
10772: 17:01:06.047 - Destroying ENet buffer allocator
10772: 17:01:06.047 - Destroying TCP buffer allocator
10772: 17:01:06.047 - Destroying TCP socket allocator
10772: 17:01:06.047 - Destroying ENet inbound socket allocator
10772: 17:01:06.047 - Destroying ENet outbound socket allocator
10772: 17:01:06.047 - Destroying shared datagram flow control data
10772: 17:01:06.047 - Shutdown complete...
10772: 17:01:06.047 - Service shutting down: failed to start application. Errorcode: 108
10772: 17:01:06.049 - Service shut down complete
8972: 17:18:30.674 - ---
8972: 17:18:30.674 - Service: "Photon Socket Server" starting
8972: 17:18:30.674 - Config File: D:\Projects\ThesisMMO\deploy\bin_Win64\PhotonServer.config
8972: 17:18:30.675 - Will produce at most: 10 crash dumps
8972: 17:18:30.675 - Action: run as exe
8972: 17:18:30.675 - Server Starting...
8972: 17:18:30.675 -    Tick count: 3783375 (wraps in: 49.6665 days)
8972: 17:18:30.675 - Tick count 64: 3783375
8972: 17:18:30.676 - Photon Version: 4.0.28.2962
8972: 17:18:30.676 - PID: 6928
8972: 17:18:30.676 - Config File: D:\Projects\ThesisMMO\deploy\bin_Win64\PhotonServer.config
8972: 17:18:30.676 - Will NOT log unimportant exceptions
8972: 17:18:30.677 - Not using performance counters as they are not currently installed. Run the service with /InstallCounters to install them.
8972: 17:18:30.677 - Shutdown timeout enabled: 30000ms
8972: 17:18:30.677 - Starting I/O thread pool with 2 threads
8972: 17:18:30.678 - Using Standard allocator
8972: 17:18:30.678 - Max message size: 512000
8972: 17:18:30.678 - Starting business logic thread pool with the following settings
8972: 17:18:30.678 - InitialThreads: 4 threads
8972: 17:18:30.678 - MinThreads: 4 threads
8972: 17:18:30.678 - Thread pool is fixed size
8972: 17:18:30.678 - Starting ENet thread pool with the following settings
8972: 17:18:30.678 - InitialThreads: 2 threads
8972: 17:18:30.678 - MinThreads: 2 threads
8972: 17:18:30.678 - Thread pool is fixed size
8972: 17:18:30.678 - OnlyDispatchTimers: False
8972: 17:18:30.678 - S2S: flow control: Max pending writes: 50
8972: 17:18:30.678 - S2S: flow control: Max queued buffers: 200
8972: 17:18:30.678 - S2S: flow control: Max pending writes MUX: 500
8972: 17:18:30.678 - S2S: flow control: Max queued buffers MUX: 2000
8972: 17:18:30.678 - S2S: MaxInboundMessageSize: 512000
8972: 17:18:30.678 - S2S: MaxOutboundMessageSize: 512000
8972: 17:18:30.678 - S2S: No inactivity timeout
8972: 17:18:30.679 - WebSocket S2S: MaxInboundMessageSize: 512000
8972: 17:18:30.679 - WebSocket S2S: MaxOutboundMessageSize: 512000
8972: 17:18:30.679 - WebSocket S2S: No inactivity timeout
8972: 17:18:30.679 - Max Reliable Data In Transit (awaiting ACKs) per peer : 16384 bytes
8972: 17:18:30.679 - Per peer bandwidth limit
8972: 17:18:30.679 - Transmit Rate Limit: 256 KB/Sec
8972: 17:18:30.679 - Limit period: 200ms
8972: 17:18:30.679 - Limit per period: 52428 bytes
8972: 17:18:30.679 - Max queued data for transmission per peer: 163840 bytes
8972: 17:18:30.679 - Minimum retransmit timeout: 200
8972: 17:18:30.679 - No Maximum retransmit timeout
8972: 17:18:30.679 - Minimum ENet timeout: 5000ms
8972: 17:18:30.679 - Maximum ENet timeout: 30000ms
8972: 17:18:30.679 - Max Inbound Reliable Data Queued (awaiting resends of earlier sequence numbers) per peer : 163840 bytes
8972: 17:18:30.679 - No RTT ACK adjustment timeout
8972: 17:18:30.679 - Outbound ENet: MaxInboundMessageSize: 512000
8972: 17:18:30.679 - Outbound ENet: MaxOutboundMessageSize: 512000
8972: 17:18:30.681 - GetRuntime - About to load CLR - versions available:
8972: 17:18:30.681 - v2.0.50727
8972: 17:18:30.681 - v4.0.30319
8972: 17:18:30.681 - Configuration requests: "v2.0.50727"
8972: 17:18:30.681 - About to load version: "v2.0.50727"
8972: 17:18:30.683 - About to load runtime: PhotonHostRuntime.PhotonDomainManager from PhotonHostRuntime, Culture=neutral, PublicKeyToken=02C301B61B060C4D
8972: 17:18:30.683 - CLRBaseDirectory set to "D:\Projects\ThesisMMO\deploy"
8972: 17:18:30.683 - Optimising event broadcast for 20 or more peers
8972: 17:18:30.684 - Start: About to load CLR - versions available:
8972: 17:18:30.684 - v2.0.50727
8972: 17:18:30.684 - v4.0.30319
8972: 17:18:30.684 - No preference in configuration file, will load latest.
8972: 17:18:30.684 - About to load version: "v4.0.30319"
8972: 17:18:30.685 - Loaded version: "v4.0.30319"
8972: 17:18:30.808 - Photon host runtime loaded
8972: 17:18:32.333 - License is valid.
8972: 17:18:32.333 - Licensed for 100 concurrent connections.
8972: 17:18:32.333 - ENet: Max Reliable Data In Transit (awaiting ACKs) per peer : 16384 bytes
8972: 17:18:32.333 - ENet: Per peer bandwidth limit
8972: 17:18:32.333 - ENet: Transmit Rate Limit: 256 KB/Sec
8972: 17:18:32.333 - ENet: Limit period: 200ms
8972: 17:18:32.333 - ENet: Limit per period: 52428 bytes
8972: 17:18:32.333 - ENet: Max queued data for transmission per peer: 163840 bytes
8972: 17:18:32.333 - ENet: Minimum retransmit timeout: 200
8972: 17:18:32.333 - No Maximum retransmit timeout
8972: 17:18:32.333 - ENet: Minimum timeout: 5000ms
8972: 17:18:32.333 - ENet: Maximum timeout: 30000ms
8972: 17:18:32.333 - ENet: Max Inbound Reliable Data Queued (awaiting resends of earlier sequence numbers) per peer : 163840 bytes
8972: 17:18:32.333 - No RTT ACK adjustment timeout
8972: 17:18:32.333 - About to load application: MMOServer from MMOServer
8972: 17:18:32.397 - Taking reference on default app domain
8972: 17:18:32.410 - MMOServer:2 - Start() failed.
Exception:
System.TypeLoadException: Failed to create object "MMOServer" from assembly "MMOServer".
   at PhotonHostRuntime.PhotonDomainManager.PhotonPlainAppDomainBehavior.Start(String assemblyName, String typeName, String instanceName, String applicationName, IPhotonApplicationSink sink, ILogToUnmanagedLog logger, IControlListeners listenerControl)
   at PhotonHostRuntime.PhotonDomainManager.Start(String assemblyName, String typeName, String instanceName, String applicationName, IPhotonApplicationSink sink, ILogToUnmanagedLog logger, IControlListeners listenerControl)
8972: 17:18:32.411 - MMOServer:2 - Stop() failed.
Exception:
System.Exception: Stop: unable to call the Application.TearDown() - undefined photonControl.
   at PhotonHostRuntime.PhotonDomainManager.PhotonPlainAppDomainBehavior.Stop()
   at PhotonHostRuntime.PhotonDomainManager.Stop()
8972: 17:18:32.412 - ERROR: Failed to start application: "MMOServer" in app domain: 2
8928: 17:18:32.412 - CManagedHost::OnDefaultAction() - OPR_AppDomainUnload - eUnloadAppDomain
8972: 17:18:32.412 - CService::OnException() - Exception: CManagedHost::StartApplication() - Failed to start application in AppDomain: 2 - Failed to create object "MMOServer" from assembly "MMOServer".
8972: 17:18:32.412 - Server shutting down...
8972: 17:18:32.412 - Shutdown monitoring enabled, 30000ms before process abort
8972: 17:18:32.412 - Notifying CLR applications of shutdown...
8972: 17:18:32.412 - RequestStop: defalt app domain
8972: 17:18:32.416 - Shutting down WebSocket Outbound Connection Manager...
8972: 17:18:32.416 - Shutting down TCP Outbound Connection Manager...
8972: 17:18:32.416 - Shutting down ENet Outbound Connection Manager...
8972: 17:18:32.416 - Disconnecting all outbound peers...
8972: 17:18:32.416 - Shutting down ENet host...
8972: 17:18:32.416 - Disconnecting all peers...
8972: 17:18:32.416 - Shutting down socket servers...
8972: 17:18:32.416 - Shutting down ENet thread pool...
8972: 17:18:32.416 - Shutting down TCP inactivity timers...
8972: 17:18:32.416 - Shutting down CLR applications...
8972: 17:18:32.416 - Shutting down business logic thread pool...
8972: 17:18:32.417 - Shutting down I/O thread pool...
8972: 17:18:32.417 - Destroying servers
8972: 17:18:32.417 - Destroying WebSocket Outbound Connection Manager
8972: 17:18:32.417 - Destroying TCP Outbound Connection Manager
8972: 17:18:32.417 - Destroying TCP inactivity timer
8972: 17:18:32.417 - Destroying ENet timer wheel
8972: 17:18:32.417 - Destroying ENet host
8972: 17:18:32.417 - Destroying ENet outbound host
8972: 17:18:32.417 - Destroying HTTP inactivity timer
8972: 17:18:32.417 - Destroying HTTP host
8972: 17:18:32.417 - Destroying HTTP Chunk host
8972: 17:18:32.417 - Flushing ENET buffer allocator...
8972: 17:18:32.417 - Flushing TCP buffer handle allocator...
8972: 17:18:32.417 - Flushing stream socket allocator...
8972: 17:18:32.417 - Flushing inbound datagram socket allocator...
8972: 17:18:32.417 - Flushing outbound datagram socket allocator...
8972: 17:18:32.417 - Destroying CLR dispatcher
8972: 17:18:32.417 - Destroying CLR applications
8972: 17:18:32.417 - ~CCLRApplicationCollection() - Waiting up to 10 seconds for the CLR to release all of our objects
9744: 17:18:32.417 - Unloading Domain: ApplicationName = 'MMOServer', DomainId='2'
8928: 17:18:32.417 - CManagedHost::OnDomainUnload() - 2
8972: 17:18:32.417 - ~CCLRApplicationCollection() - Done. All objects released
8972: 17:18:32.417 - ~CManagedHost() - Release default app domain
8972: 17:18:32.417 - CManagedHost::OnDomainUnload() - 1
8972: 17:18:32.417 - ~CManagedHost() - Waiting up to 10 seconds for CLR shutdown...
8972: 17:18:32.418 - ~CManagedHost
8972: 17:18:32.418 - Destroying ENet thread pool
8972: 17:18:32.418 - Destroying Business logic thread pool
8972: 17:18:32.418 - Destroying I/O thread pool
8972: 17:18:32.418 - Destroying ENet buffer allocator
8972: 17:18:32.418 - Destroying TCP buffer allocator
8972: 17:18:32.418 - Destroying TCP socket allocator
8972: 17:18:32.418 - Destroying ENet inbound socket allocator
8972: 17:18:32.418 - Destroying ENet outbound socket allocator
8972: 17:18:32.418 - Destroying shared datagram flow control data
8972: 17:18:32.418 - Shutdown complete...
8972: 17:18:32.418 - Service shutting down: failed to start application. Errorcode: 108
8972: 17:18:32.420 - Service shut down complete
10380: 17:18:49.060 - ---
10380: 17:18:49.061 - Service: "Photon Socket Server" starting
10380: 17:18:49.061 - Config File: D:\Projects\ThesisMMO\deploy\bin_Win64\PhotonServer.config
10380: 17:18:49.062 - Will produce at most: 10 crash dumps
10380: 17:18:49.062 - Action: run as exe
10380: 17:18:49.062 - Server Starting...
10380: 17:18:49.062 -    Tick count: 3801765 (wraps in: 49.6663 days)
10380: 17:18:49.062 - Tick count 64: 3801765
10380: 17:18:49.062 - Photon Version: 4.0.28.2962
10380: 17:18:49.062 - PID: 5108
10380: 17:18:49.062 - Config File: D:\Projects\ThesisMMO\deploy\bin_Win64\PhotonServer.config
10380: 17:18:49.062 - Will NOT log unimportant exceptions
10380: 17:18:49.064 - Not using performance counters as they are not currently installed. Run the service with /InstallCounters to install them.
10380: 17:18:49.064 - Shutdown timeout enabled: 30000ms
10380: 17:18:49.064 - Starting I/O thread pool with 2 threads
10380: 17:18:49.064 - Using Standard allocator
10380: 17:18:49.064 - Max message size: 512000
10380: 17:18:49.064 - Starting business logic thread pool with the following settings
10380: 17:18:49.064 - InitialThreads: 4 threads
10380: 17:18:49.064 - MinThreads: 4 threads
10380: 17:18:49.064 - Thread pool is fixed size
10380: 17:18:49.064 - Starting ENet thread pool with the following settings
10380: 17:18:49.064 - InitialThreads: 2 threads
10380: 17:18:49.064 - MinThreads: 2 threads
10380: 17:18:49.064 - Thread pool is fixed size
10380: 17:18:49.064 - OnlyDispatchTimers: False
10380: 17:18:49.064 - S2S: flow control: Max pending writes: 50
10380: 17:18:49.064 - S2S: flow control: Max queued buffers: 200
10380: 17:18:49.064 - S2S: flow control: Max pending writes MUX: 500
10380: 17:18:49.064 - S2S: flow control: Max queued buffers MUX: 2000
10380: 17:18:49.064 - S2S: MaxInboundMessageSize: 512000
10380: 17:18:49.064 - S2S: MaxOutboundMessageSize: 512000
10380: 17:18:49.064 - S2S: No inactivity timeout
10380: 17:18:49.066 - WebSocket S2S: MaxInboundMessageSize: 512000
10380: 17:18:49.066 - WebSocket S2S: MaxOutboundMessageSize: 512000
10380: 17:18:49.066 - WebSocket S2S: No inactivity timeout
10380: 17:18:49.066 - Max Reliable Data In Transit (awaiting ACKs) per peer : 16384 bytes
10380: 17:18:49.066 - Per peer bandwidth limit
10380: 17:18:49.066 - Transmit Rate Limit: 256 KB/Sec
10380: 17:18:49.066 - Limit period: 200ms
10380: 17:18:49.066 - Limit per period: 52428 bytes
10380: 17:18:49.066 - Max queued data for transmission per peer: 163840 bytes
10380: 17:18:49.066 - Minimum retransmit timeout: 200
10380: 17:18:49.066 - No Maximum retransmit timeout
10380: 17:18:49.066 - Minimum ENet timeout: 5000ms
10380: 17:18:49.066 - Maximum ENet timeout: 30000ms
10380: 17:18:49.066 - Max Inbound Reliable Data Queued (awaiting resends of earlier sequence numbers) per peer : 163840 bytes
10380: 17:18:49.066 - No RTT ACK adjustment timeout
10380: 17:18:49.066 - Outbound ENet: MaxInboundMessageSize: 512000
10380: 17:18:49.066 - Outbound ENet: MaxOutboundMessageSize: 512000
10380: 17:18:49.067 - GetRuntime - About to load CLR - versions available:
10380: 17:18:49.067 - v2.0.50727
10380: 17:18:49.067 - v4.0.30319
10380: 17:18:49.068 - Configuration requests: "v2.0.50727"
10380: 17:18:49.068 - About to load version: "v2.0.50727"
10380: 17:18:49.071 - About to load runtime: PhotonHostRuntime.PhotonDomainManager from PhotonHostRuntime, Culture=neutral, PublicKeyToken=02C301B61B060C4D
10380: 17:18:49.071 - CLRBaseDirectory set to "D:\Projects\ThesisMMO\deploy"
10380: 17:18:49.071 - Optimising event broadcast for 20 or more peers
10380: 17:18:49.071 - Start: About to load CLR - versions available:
10380: 17:18:49.071 - v2.0.50727
10380: 17:18:49.071 - v4.0.30319
10380: 17:18:49.071 - No preference in configuration file, will load latest.
10380: 17:18:49.071 - About to load version: "v4.0.30319"
10380: 17:18:49.072 - Loaded version: "v4.0.30319"
10380: 17:18:49.195 - Photon host runtime loaded
10380: 17:18:50.738 - License is valid.
10380: 17:18:50.738 - Licensed for 100 concurrent connections.
10380: 17:18:50.738 - ENet: Max Reliable Data In Transit (awaiting ACKs) per peer : 16384 bytes
10380: 17:18:50.738 - ENet: Per peer bandwidth limit
10380: 17:18:50.738 - ENet: Transmit Rate Limit: 256 KB/Sec
10380: 17:18:50.738 - ENet: Limit period: 200ms
10380: 17:18:50.738 - ENet: Limit per period: 52428 bytes
10380: 17:18:50.738 - ENet: Max queued data for transmission per peer: 163840 bytes
10380: 17:18:50.738 - ENet: Minimum retransmit timeout: 200
10380: 17:18:50.738 - No Maximum retransmit timeout
10380: 17:18:50.738 - ENet: Minimum timeout: 5000ms
10380: 17:18:50.738 - ENet: Maximum timeout: 30000ms
10380: 17:18:50.738 - ENet: Max Inbound Reliable Data Queued (awaiting resends of earlier sequence numbers) per peer : 163840 bytes
10380: 17:18:50.738 - No RTT ACK adjustment timeout
10380: 17:18:50.738 - About to load application: MMOServer from MMOServer
10380: 17:18:50.803 - Taking reference on default app domain
10380: 17:18:50.816 - MMOServer:2 - Start() failed.
Exception:
System.TypeLoadException: Failed to create object "MMOServer" from assembly "MMOServer".
   at PhotonHostRuntime.PhotonDomainManager.PhotonPlainAppDomainBehavior.Start(String assemblyName, String typeName, String instanceName, String applicationName, IPhotonApplicationSink sink, ILogToUnmanagedLog logger, IControlListeners listenerControl)
   at PhotonHostRuntime.PhotonDomainManager.Start(String assemblyName, String typeName, String instanceName, String applicationName, IPhotonApplicationSink sink, ILogToUnmanagedLog logger, IControlListeners listenerControl)
10380: 17:18:50.817 - MMOServer:2 - Stop() failed.
Exception:
System.Exception: Stop: unable to call the Application.TearDown() - undefined photonControl.
   at PhotonHostRuntime.PhotonDomainManager.PhotonPlainAppDomainBehavior.Stop()
   at PhotonHostRuntime.PhotonDomainManager.Stop()
10380: 17:18:50.817 - ERROR: Failed to start application: "MMOServer" in app domain: 2
5264: 17:18:50.818 - CManagedHost::OnDefaultAction() - OPR_AppDomainUnload - eUnloadAppDomain
10380: 17:18:50.818 - CService::OnException() - Exception: CManagedHost::StartApplication() - Failed to start application in AppDomain: 2 - Failed to create object "MMOServer" from assembly "MMOServer".
10380: 17:18:50.818 - Server shutting down...
10380: 17:18:50.818 - Shutdown monitoring enabled, 30000ms before process abort
10380: 17:18:50.818 - Notifying CLR applications of shutdown...
10380: 17:18:50.818 - RequestStop: defalt app domain
10380: 17:18:50.822 - Shutting down WebSocket Outbound Connection Manager...
10380: 17:18:50.822 - Shutting down TCP Outbound Connection Manager...
10380: 17:18:50.822 - Shutting down ENet Outbound Connection Manager...
10380: 17:18:50.822 - Disconnecting all outbound peers...
10380: 17:18:50.822 - Shutting down ENet host...
10380: 17:18:50.822 - Disconnecting all peers...
10380: 17:18:50.822 - Shutting down socket servers...
10380: 17:18:50.822 - Shutting down ENet thread pool...
10380: 17:18:50.822 - Shutting down TCP inactivity timers...
10380: 17:18:50.822 - Shutting down CLR applications...
10380: 17:18:50.822 - Shutting down business logic thread pool...
10380: 17:18:50.822 - Shutting down I/O thread pool...
10380: 17:18:50.823 - Destroying servers
10380: 17:18:50.823 - Destroying WebSocket Outbound Connection Manager
10380: 17:18:50.823 - Destroying TCP Outbound Connection Manager
10380: 17:18:50.823 - Destroying TCP inactivity timer
10380: 17:18:50.823 - Destroying ENet timer wheel
10380: 17:18:50.823 - Destroying ENet host
10380: 17:18:50.823 - Destroying ENet outbound host
10380: 17:18:50.823 - Destroying HTTP inactivity timer
10380: 17:18:50.823 - Destroying HTTP host
10380: 17:18:50.823 - Destroying HTTP Chunk host
10380: 17:18:50.823 - Flushing ENET buffer allocator...
10380: 17:18:50.823 - Flushing TCP buffer handle allocator...
10380: 17:18:50.823 - Flushing stream socket allocator...
10380: 17:18:50.823 - Flushing inbound datagram socket allocator...
10380: 17:18:50.823 - Flushing outbound datagram socket allocator...
10380: 17:18:50.823 - Destroying CLR dispatcher
10380: 17:18:50.823 - Destroying CLR applications
10380: 17:18:50.823 - ~CCLRApplicationCollection() - Waiting up to 10 seconds for the CLR to release all of our objects
11240: 17:18:50.823 - Unloading Domain: ApplicationName = 'MMOServer', DomainId='2'
5264: 17:18:50.823 - CManagedHost::OnDomainUnload() - 2
10380: 17:18:50.823 - ~CCLRApplicationCollection() - Done. All objects released
10380: 17:18:50.823 - ~CManagedHost() - Release default app domain
10380: 17:18:50.823 - CManagedHost::OnDomainUnload() - 1
10380: 17:18:50.823 - ~CManagedHost() - Waiting up to 10 seconds for CLR shutdown...
10380: 17:18:50.823 - ~CManagedHost
10380: 17:18:50.823 - Destroying ENet thread pool
10380: 17:18:50.823 - Destroying Business logic thread pool
10380: 17:18:50.823 - Destroying I/O thread pool
10380: 17:18:50.823 - Destroying ENet buffer allocator
10380: 17:18:50.823 - Destroying TCP buffer allocator
10380: 17:18:50.823 - Destroying TCP socket allocator
10380: 17:18:50.823 - Destroying ENet inbound socket allocator
10380: 17:18:50.823 - Destroying ENet outbound socket allocator
10380: 17:18:50.823 - Destroying shared datagram flow control data
10380: 17:18:50.823 - Shutdown complete...
10380: 17:18:50.824 - Service shutting down: failed to start application. Errorcode: 108
10380: 17:18:50.825 - Service shut down complete
9076: 17:18:53.999 - ---
9076: 17:18:53.999 - Service: "Photon Socket Server" starting
9076: 17:18:53.999 - Config File: D:\Projects\ThesisMMO\deploy\bin_Win64\PhotonServer.config
9076: 17:18:54.000 - Will produce at most: 10 crash dumps
9076: 17:18:54.000 - Action: run as exe
9076: 17:18:54.001 - Server Starting...
9076: 17:18:54.001 -    Tick count: 3806703 (wraps in: 49.6662 days)
9076: 17:18:54.001 - Tick count 64: 3806703
9076: 17:18:54.001 - Photon Version: 4.0.28.2962
9076: 17:18:54.001 - PID: 7820
9076: 17:18:54.001 - Config File: D:\Projects\ThesisMMO\deploy\bin_Win64\PhotonServer.config
9076: 17:18:54.001 - Will NOT log unimportant exceptions
9076: 17:18:54.003 - Not using performance counters as they are not currently installed. Run the service with /InstallCounters to install them.
9076: 17:18:54.003 - Shutdown timeout enabled: 30000ms
9076: 17:18:54.003 - Starting I/O thread pool with 2 threads
9076: 17:18:54.003 - Using Standard allocator
9076: 17:18:54.003 - Max message size: 512000
9076: 17:18:54.003 - Starting business logic thread pool with the following settings
9076: 17:18:54.003 - InitialThreads: 4 threads
9076: 17:18:54.003 - MinThreads: 4 threads
9076: 17:18:54.003 - Thread pool is fixed size
9076: 17:18:54.003 - Starting ENet thread pool with the following settings
9076: 17:18:54.003 - InitialThreads: 2 threads
9076: 17:18:54.003 - MinThreads: 2 threads
9076: 17:18:54.003 - Thread pool is fixed size
9076: 17:18:54.003 - OnlyDispatchTimers: False
9076: 17:18:54.003 - S2S: flow control: Max pending writes: 50
9076: 17:18:54.003 - S2S: flow control: Max queued buffers: 200
9076: 17:18:54.003 - S2S: flow control: Max pending writes MUX: 500
9076: 17:18:54.003 - S2S: flow control: Max queued buffers MUX: 2000
9076: 17:18:54.003 - S2S: MaxInboundMessageSize: 512000
9076: 17:18:54.003 - S2S: MaxOutboundMessageSize: 512000
9076: 17:18:54.003 - S2S: No inactivity timeout
9076: 17:18:54.005 - WebSocket S2S: MaxInboundMessageSize: 512000
9076: 17:18:54.005 - WebSocket S2S: MaxOutboundMessageSize: 512000
9076: 17:18:54.005 - WebSocket S2S: No inactivity timeout
9076: 17:18:54.005 - Max Reliable Data In Transit (awaiting ACKs) per peer : 16384 bytes
9076: 17:18:54.005 - Per peer bandwidth limit
9076: 17:18:54.005 - Transmit Rate Limit: 256 KB/Sec
9076: 17:18:54.005 - Limit period: 200ms
9076: 17:18:54.005 - Limit per period: 52428 bytes
9076: 17:18:54.005 - Max queued data for transmission per peer: 163840 bytes
9076: 17:18:54.005 - Minimum retransmit timeout: 200
9076: 17:18:54.005 - No Maximum retransmit timeout
9076: 17:18:54.005 - Minimum ENet timeout: 5000ms
9076: 17:18:54.005 - Maximum ENet timeout: 30000ms
9076: 17:18:54.005 - Max Inbound Reliable Data Queued (awaiting resends of earlier sequence numbers) per peer : 163840 bytes
9076: 17:18:54.005 - No RTT ACK adjustment timeout
9076: 17:18:54.005 - Outbound ENet: MaxInboundMessageSize: 512000
9076: 17:18:54.005 - Outbound ENet: MaxOutboundMessageSize: 512000
9076: 17:18:54.006 - GetRuntime - About to load CLR - versions available:
9076: 17:18:54.006 - v2.0.50727
9076: 17:18:54.006 - v4.0.30319
9076: 17:18:54.006 - Configuration requests: "v2.0.50727"
9076: 17:18:54.006 - About to load version: "v2.0.50727"
9076: 17:18:54.009 - About to load runtime: PhotonHostRuntime.PhotonDomainManager from PhotonHostRuntime, Culture=neutral, PublicKeyToken=02C301B61B060C4D
9076: 17:18:54.009 - CLRBaseDirectory set to "D:\Projects\ThesisMMO\deploy"
9076: 17:18:54.009 - Optimising event broadcast for 20 or more peers
9076: 17:18:54.010 - Start: About to load CLR - versions available:
9076: 17:18:54.010 - v2.0.50727
9076: 17:18:54.010 - v4.0.30319
9076: 17:18:54.010 - No preference in configuration file, will load latest.
9076: 17:18:54.010 - About to load version: "v4.0.30319"
9076: 17:18:54.011 - Loaded version: "v4.0.30319"
9076: 17:18:54.139 - Photon host runtime loaded
9076: 17:18:55.655 - License is valid.
9076: 17:18:55.655 - Licensed for 100 concurrent connections.
9076: 17:18:55.655 - ENet: Max Reliable Data In Transit (awaiting ACKs) per peer : 16384 bytes
9076: 17:18:55.655 - ENet: Per peer bandwidth limit
9076: 17:18:55.655 - ENet: Transmit Rate Limit: 256 KB/Sec
9076: 17:18:55.655 - ENet: Limit period: 200ms
9076: 17:18:55.655 - ENet: Limit per period: 52428 bytes
9076: 17:18:55.655 - ENet: Max queued data for transmission per peer: 163840 bytes
9076: 17:18:55.655 - ENet: Minimum retransmit timeout: 200
9076: 17:18:55.655 - No Maximum retransmit timeout
9076: 17:18:55.655 - ENet: Minimum timeout: 5000ms
9076: 17:18:55.655 - ENet: Maximum timeout: 30000ms
9076: 17:18:55.655 - ENet: Max Inbound Reliable Data Queued (awaiting resends of earlier sequence numbers) per peer : 163840 bytes
9076: 17:18:55.655 - No RTT ACK adjustment timeout
9076: 17:18:55.655 - About to load application: MMOServer from MMOServer
9076: 17:18:55.721 - Taking reference on default app domain
9076: 17:18:55.735 - MMOServer:2 - Start() failed.
Exception:
System.TypeLoadException: Failed to create object "MMOServer" from assembly "MMOServer".
   at PhotonHostRuntime.PhotonDomainManager.PhotonPlainAppDomainBehavior.Start(String assemblyName, String typeName, String instanceName, String applicationName, IPhotonApplicationSink sink, ILogToUnmanagedLog logger, IControlListeners listenerControl)
   at PhotonHostRuntime.PhotonDomainManager.Start(String assemblyName, String typeName, String instanceName, String applicationName, IPhotonApplicationSink sink, ILogToUnmanagedLog logger, IControlListeners listenerControl)
9076: 17:18:55.735 - MMOServer:2 - Stop() failed.
Exception:
System.Exception: Stop: unable to call the Application.TearDown() - undefined photonControl.
   at PhotonHostRuntime.PhotonDomainManager.PhotonPlainAppDomainBehavior.Stop()
   at PhotonHostRuntime.PhotonDomainManager.Stop()
9076: 17:18:55.736 - ERROR: Failed to start application: "MMOServer" in app domain: 2
9976: 17:18:55.736 - CManagedHost::OnDefaultAction() - OPR_AppDomainUnload - eUnloadAppDomain
9076: 17:18:55.736 - CService::OnException() - Exception: CManagedHost::StartApplication() - Failed to start application in AppDomain: 2 - Failed to create object "MMOServer" from assembly "MMOServer".
9076: 17:18:55.736 - Server shutting down...
9076: 17:18:55.736 - Shutdown monitoring enabled, 30000ms before process abort
9076: 17:18:55.736 - Notifying CLR applications of shutdown...
9076: 17:18:55.736 - RequestStop: defalt app domain
9076: 17:18:55.740 - Shutting down WebSocket Outbound Connection Manager...
9076: 17:18:55.740 - Shutting down TCP Outbound Connection Manager...
9076: 17:18:55.740 - Shutting down ENet Outbound Connection Manager...
9076: 17:18:55.740 - Disconnecting all outbound peers...
9076: 17:18:55.740 - Shutting down ENet host...
9076: 17:18:55.740 - Disconnecting all peers...
9076: 17:18:55.740 - Shutting down socket servers...
9076: 17:18:55.740 - Shutting down ENet thread pool...
9076: 17:18:55.740 - Shutting down TCP inactivity timers...
9076: 17:18:55.740 - Shutting down CLR applications...
9076: 17:18:55.740 - Shutting down business logic thread pool...
9076: 17:18:55.740 - Shutting down I/O thread pool...
9076: 17:18:55.740 - Destroying servers
9076: 17:18:55.740 - Destroying WebSocket Outbound Connection Manager
9076: 17:18:55.740 - Destroying TCP Outbound Connection Manager
9076: 17:18:55.740 - Destroying TCP inactivity timer
9076: 17:18:55.740 - Destroying ENet timer wheel
9076: 17:18:55.740 - Destroying ENet host
9076: 17:18:55.740 - Destroying ENet outbound host
9076: 17:18:55.740 - Destroying HTTP inactivity timer
9076: 17:18:55.740 - Destroying HTTP host
9076: 17:18:55.740 - Destroying HTTP Chunk host
9076: 17:18:55.740 - Flushing ENET buffer allocator...
9076: 17:18:55.740 - Flushing TCP buffer handle allocator...
9076: 17:18:55.740 - Flushing stream socket allocator...
9076: 17:18:55.740 - Flushing inbound datagram socket allocator...
9076: 17:18:55.740 - Flushing outbound datagram socket allocator...
9076: 17:18:55.740 - Destroying CLR dispatcher
9076: 17:18:55.740 - Destroying CLR applications
9076: 17:18:55.740 - ~CCLRApplicationCollection() - Waiting up to 10 seconds for the CLR to release all of our objects
2132: 17:18:55.741 - Unloading Domain: ApplicationName = 'MMOServer', DomainId='2'
9976: 17:18:55.741 - CManagedHost::OnDomainUnload() - 2
9076: 17:18:55.741 - ~CCLRApplicationCollection() - Done. All objects released
9076: 17:18:55.741 - ~CManagedHost() - Release default app domain
9076: 17:18:55.741 - CManagedHost::OnDomainUnload() - 1
9076: 17:18:55.741 - ~CManagedHost() - Waiting up to 10 seconds for CLR shutdown...
9076: 17:18:55.741 - ~CManagedHost
9076: 17:18:55.741 - Destroying ENet thread pool
9076: 17:18:55.741 - Destroying Business logic thread pool
9076: 17:18:55.741 - Destroying I/O thread pool
9076: 17:18:55.741 - Destroying ENet buffer allocator
9076: 17:18:55.741 - Destroying TCP buffer allocator
9076: 17:18:55.741 - Destroying TCP socket allocator
9076: 17:18:55.741 - Destroying ENet inbound socket allocator
9076: 17:18:55.741 - Destroying ENet outbound socket allocator
9076: 17:18:55.741 - Destroying shared datagram flow control data
9076: 17:18:55.741 - Shutdown complete...
9076: 17:18:55.741 - Service shutting down: failed to start application. Errorcode: 108
9076: 17:18:55.743 - Service shut down complete
2040: 21:09:56.388 - ---
2040: 21:09:56.388 - Service: "Photon Socket Server" starting
2040: 21:09:56.388 - Config File: D:\Projects\ThesisMMO\deploy\bin_Win64\PhotonServer.config
2040: 21:09:56.390 - Will produce at most: 10 crash dumps
2040: 21:09:56.390 - Action: run as exe
2040: 21:09:56.390 - Server Starting...
2040: 21:09:56.391 -    Tick count: 17669093 (wraps in: 49.5058 days)
2040: 21:09:56.391 - Tick count 64: 17669093
2040: 21:09:56.391 - Photon Version: 4.0.28.2962
2040: 21:09:56.391 - PID: 2104
2040: 21:09:56.391 - Config File: D:\Projects\ThesisMMO\deploy\bin_Win64\PhotonServer.config
2040: 21:09:56.391 - Will NOT log unimportant exceptions
2040: 21:09:56.394 - Not using performance counters as they are not currently installed. Run the service with /InstallCounters to install them.
2040: 21:09:56.395 - Shutdown timeout enabled: 30000ms
2040: 21:09:56.395 - Starting I/O thread pool with 2 threads
2040: 21:09:56.395 - Using Standard allocator
2040: 21:09:56.395 - Max message size: 512000
2040: 21:09:56.395 - Starting business logic thread pool with the following settings
2040: 21:09:56.395 - InitialThreads: 4 threads
2040: 21:09:56.395 - MinThreads: 4 threads
2040: 21:09:56.395 - Thread pool is fixed size
2040: 21:09:56.395 - Starting ENet thread pool with the following settings
2040: 21:09:56.395 - InitialThreads: 2 threads
2040: 21:09:56.395 - MinThreads: 2 threads
2040: 21:09:56.395 - Thread pool is fixed size
2040: 21:09:56.395 - OnlyDispatchTimers: False
2040: 21:09:56.396 - S2S: flow control: Max pending writes: 50
2040: 21:09:56.396 - S2S: flow control: Max queued buffers: 200
2040: 21:09:56.396 - S2S: flow control: Max pending writes MUX: 500
2040: 21:09:56.396 - S2S: flow control: Max queued buffers MUX: 2000
2040: 21:09:56.396 - S2S: MaxInboundMessageSize: 512000
2040: 21:09:56.396 - S2S: MaxOutboundMessageSize: 512000
2040: 21:09:56.396 - S2S: No inactivity timeout
2040: 21:09:56.399 - WebSocket S2S: MaxInboundMessageSize: 512000
2040: 21:09:56.399 - WebSocket S2S: MaxOutboundMessageSize: 512000
2040: 21:09:56.399 - WebSocket S2S: No inactivity timeout
2040: 21:09:56.399 - Max Reliable Data In Transit (awaiting ACKs) per peer : 16384 bytes
2040: 21:09:56.399 - Per peer bandwidth limit
2040: 21:09:56.399 - Transmit Rate Limit: 256 KB/Sec
2040: 21:09:56.399 - Limit period: 200ms
2040: 21:09:56.399 - Limit per period: 52428 bytes
2040: 21:09:56.399 - Max queued data for transmission per peer: 163840 bytes
2040: 21:09:56.399 - Minimum retransmit timeout: 200
2040: 21:09:56.399 - No Maximum retransmit timeout
2040: 21:09:56.399 - Minimum ENet timeout: 5000ms
2040: 21:09:56.399 - Maximum ENet timeout: 30000ms
2040: 21:09:56.399 - Max Inbound Reliable Data Queued (awaiting resends of earlier sequence numbers) per peer : 163840 bytes
2040: 21:09:56.399 - No RTT ACK adjustment timeout
2040: 21:09:56.399 - Outbound ENet: MaxInboundMessageSize: 512000
2040: 21:09:56.399 - Outbound ENet: MaxOutboundMessageSize: 512000
2040: 21:09:56.402 - GetRuntime - About to load CLR - versions available:
2040: 21:09:56.402 - v2.0.50727
2040: 21:09:56.402 - v4.0.30319
2040: 21:09:56.402 - Configuration requests: "v2.0.50727"
2040: 21:09:56.402 - About to load version: "v2.0.50727"
2040: 21:09:56.411 - About to load runtime: PhotonHostRuntime.PhotonDomainManager from PhotonHostRuntime, Culture=neutral, PublicKeyToken=02C301B61B060C4D
2040: 21:09:56.411 - CLRBaseDirectory set to "D:\Projects\ThesisMMO\deploy"
2040: 21:09:56.411 - Optimising event broadcast for 20 or more peers
2040: 21:09:56.412 - Start: About to load CLR - versions available:
2040: 21:09:56.412 - v2.0.50727
2040: 21:09:56.412 - v4.0.30319
2040: 21:09:56.412 - No preference in configuration file, will load latest.
2040: 21:09:56.412 - About to load version: "v4.0.30319"
2040: 21:09:56.413 - Loaded version: "v4.0.30319"
2040: 21:09:56.544 - Photon host runtime loaded
2040: 21:09:58.080 - License is valid.
2040: 21:09:58.080 - Licensed for 100 concurrent connections.
2040: 21:09:58.080 - ENet: Max Reliable Data In Transit (awaiting ACKs) per peer : 16384 bytes
2040: 21:09:58.080 - ENet: Per peer bandwidth limit
2040: 21:09:58.080 - ENet: Transmit Rate Limit: 256 KB/Sec
2040: 21:09:58.080 - ENet: Limit period: 200ms
2040: 21:09:58.080 - ENet: Limit per period: 52428 bytes
2040: 21:09:58.080 - ENet: Max queued data for transmission per peer: 163840 bytes
2040: 21:09:58.080 - ENet: Minimum retransmit timeout: 200
2040: 21:09:58.080 - No Maximum retransmit timeout
2040: 21:09:58.080 - ENet: Minimum timeout: 5000ms
2040: 21:09:58.080 - ENet: Maximum timeout: 30000ms
2040: 21:09:58.080 - ENet: Max Inbound Reliable Data Queued (awaiting resends of earlier sequence numbers) per peer : 163840 bytes
2040: 21:09:58.080 - No RTT ACK adjustment timeout
2040: 21:09:58.080 - About to load application: MMOServer from ServerApplication
2040: 21:09:58.096 - CService::OnException() - Exception: CManagedHost::CreateApplicationInNewAppDomain() - Failed to create new application domain for : "MMOServer" - Can't find ServerApplication.dll in  or D:\Projects\ThesisMMO\deploy\MMOServer\bin
2040: 21:09:58.096 - Server shutting down...
2040: 21:09:58.096 - Shutdown monitoring enabled, 30000ms before process abort
2040: 21:09:58.096 - Notifying CLR applications of shutdown...
2040: 21:09:58.096 - RequestStop: defalt app domain
2040: 21:09:58.100 - Shutting down WebSocket Outbound Connection Manager...
2040: 21:09:58.100 - Shutting down TCP Outbound Connection Manager...
2040: 21:09:58.100 - Shutting down ENet Outbound Connection Manager...
2040: 21:09:58.100 - Disconnecting all outbound peers...
2040: 21:09:58.100 - Shutting down ENet host...
2040: 21:09:58.100 - Disconnecting all peers...
2040: 21:09:58.100 - Shutting down socket servers...
2040: 21:09:58.100 - Shutting down ENet thread pool...
2040: 21:09:58.100 - Shutting down TCP inactivity timers...
2040: 21:09:58.100 - Shutting down CLR applications...
2040: 21:09:58.100 - Shutting down business logic thread pool...
2040: 21:09:58.101 - Shutting down I/O thread pool...
2040: 21:09:58.101 - Destroying servers
2040: 21:09:58.101 - Destroying WebSocket Outbound Connection Manager
2040: 21:09:58.101 - Destroying TCP Outbound Connection Manager
2040: 21:09:58.101 - Destroying TCP inactivity timer
2040: 21:09:58.101 - Destroying ENet timer wheel
2040: 21:09:58.101 - Destroying ENet host
2040: 21:09:58.101 - Destroying ENet outbound host
2040: 21:09:58.101 - Destroying HTTP inactivity timer
2040: 21:09:58.101 - Destroying HTTP host
2040: 21:09:58.101 - Destroying HTTP Chunk host
2040: 21:09:58.101 - Flushing ENET buffer allocator...
2040: 21:09:58.101 - Flushing TCP buffer handle allocator...
2040: 21:09:58.101 - Flushing stream socket allocator...
2040: 21:09:58.101 - Flushing inbound datagram socket allocator...
2040: 21:09:58.101 - Flushing outbound datagram socket allocator...
2040: 21:09:58.101 - Destroying CLR dispatcher
2040: 21:09:58.101 - Destroying CLR applications
2040: 21:09:58.101 - ~CCLRApplicationCollection() - Waiting up to 10 seconds for the CLR to release all of our objects
2040: 21:09:58.101 - ~CCLRApplicationCollection() - Done. All objects released
2040: 21:09:58.101 - ~CManagedHost() - Release default app domain
2040: 21:09:58.101 - CManagedHost::OnDomainUnload() - 1
2040: 21:09:58.101 - ~CManagedHost() - Waiting up to 10 seconds for CLR shutdown...
2040: 21:09:58.101 - ~CManagedHost
2040: 21:09:58.101 - Destroying ENet thread pool
2040: 21:09:58.101 - Destroying Business logic thread pool
2040: 21:09:58.101 - Destroying I/O thread pool
2040: 21:09:58.101 - Destroying ENet buffer allocator
2040: 21:09:58.101 - Destroying TCP buffer allocator
2040: 21:09:58.101 - Destroying TCP socket allocator
2040: 21:09:58.101 - Destroying ENet inbound socket allocator
2040: 21:09:58.101 - Destroying ENet outbound socket allocator
2040: 21:09:58.101 - Destroying shared datagram flow control data
2040: 21:09:58.101 - Shutdown complete...
2040: 21:09:58.101 - Service shutting down
2040: 21:09:58.103 - Service shut down complete
10828: 21:11:28.742 - ---
10828: 21:11:28.742 - Service: "Photon Socket Server" starting
10828: 21:11:28.742 - Config File: D:\Projects\ThesisMMO\deploy\bin_Win64\PhotonServer.config
10828: 21:11:28.743 - Will produce at most: 10 crash dumps
10828: 21:11:28.744 - Action: run as exe
10828: 21:11:28.744 - Server Starting...
10828: 21:11:28.744 -    Tick count: 17761453 (wraps in: 49.5047 days)
10828: 21:11:28.744 - Tick count 64: 17761453
10828: 21:11:28.744 - Photon Version: 4.0.28.2962
10828: 21:11:28.744 - PID: 9284
10828: 21:11:28.744 - Config File: D:\Projects\ThesisMMO\deploy\bin_Win64\PhotonServer.config
10828: 21:11:28.744 - Will NOT log unimportant exceptions
10828: 21:11:28.746 - Not using performance counters as they are not currently installed. Run the service with /InstallCounters to install them.
10828: 21:11:28.746 - Shutdown timeout enabled: 30000ms
10828: 21:11:28.746 - Starting I/O thread pool with 2 threads
10828: 21:11:28.746 - Using Standard allocator
10828: 21:11:28.746 - Max message size: 512000
10828: 21:11:28.746 - Starting business logic thread pool with the following settings
10828: 21:11:28.746 - InitialThreads: 4 threads
10828: 21:11:28.746 - MinThreads: 4 threads
10828: 21:11:28.746 - Thread pool is fixed size
10828: 21:11:28.746 - Starting ENet thread pool with the following settings
10828: 21:11:28.746 - InitialThreads: 2 threads
10828: 21:11:28.746 - MinThreads: 2 threads
10828: 21:11:28.746 - Thread pool is fixed size
10828: 21:11:28.746 - OnlyDispatchTimers: False
10828: 21:11:28.746 - S2S: flow control: Max pending writes: 50
10828: 21:11:28.746 - S2S: flow control: Max queued buffers: 200
10828: 21:11:28.746 - S2S: flow control: Max pending writes MUX: 500
10828: 21:11:28.746 - S2S: flow control: Max queued buffers MUX: 2000
10828: 21:11:28.746 - S2S: MaxInboundMessageSize: 512000
10828: 21:11:28.746 - S2S: MaxOutboundMessageSize: 512000
10828: 21:11:28.746 - S2S: No inactivity timeout
10828: 21:11:28.748 - WebSocket S2S: MaxInboundMessageSize: 512000
10828: 21:11:28.748 - WebSocket S2S: MaxOutboundMessageSize: 512000
10828: 21:11:28.748 - WebSocket S2S: No inactivity timeout
10828: 21:11:28.748 - Max Reliable Data In Transit (awaiting ACKs) per peer : 16384 bytes
10828: 21:11:28.748 - Per peer bandwidth limit
10828: 21:11:28.748 - Transmit Rate Limit: 256 KB/Sec
10828: 21:11:28.748 - Limit period: 200ms
10828: 21:11:28.748 - Limit per period: 52428 bytes
10828: 21:11:28.748 - Max queued data for transmission per peer: 163840 bytes
10828: 21:11:28.748 - Minimum retransmit timeout: 200
10828: 21:11:28.748 - No Maximum retransmit timeout
10828: 21:11:28.748 - Minimum ENet timeout: 5000ms
10828: 21:11:28.748 - Maximum ENet timeout: 30000ms
10828: 21:11:28.748 - Max Inbound Reliable Data Queued (awaiting resends of earlier sequence numbers) per peer : 163840 bytes
10828: 21:11:28.748 - No RTT ACK adjustment timeout
10828: 21:11:28.748 - Outbound ENet: MaxInboundMessageSize: 512000
10828: 21:11:28.748 - Outbound ENet: MaxOutboundMessageSize: 512000
10828: 21:11:28.749 - GetRuntime - About to load CLR - versions available:
10828: 21:11:28.749 - v2.0.50727
10828: 21:11:28.749 - v4.0.30319
10828: 21:11:28.749 - Configuration requests: "v2.0.50727"
10828: 21:11:28.749 - About to load version: "v2.0.50727"
10828: 21:11:28.753 - About to load runtime: PhotonHostRuntime.PhotonDomainManager from PhotonHostRuntime, Culture=neutral, PublicKeyToken=02C301B61B060C4D
10828: 21:11:28.753 - CLRBaseDirectory set to "D:\Projects\ThesisMMO\deploy"
10828: 21:11:28.753 - Optimising event broadcast for 20 or more peers
10828: 21:11:28.753 - Start: About to load CLR - versions available:
10828: 21:11:28.753 - v2.0.50727
10828: 21:11:28.753 - v4.0.30319
10828: 21:11:28.753 - No preference in configuration file, will load latest.
10828: 21:11:28.753 - About to load version: "v4.0.30319"
10828: 21:11:28.754 - Loaded version: "v4.0.30319"
10828: 21:11:28.880 - Photon host runtime loaded
10828: 21:11:30.430 - License is valid.
10828: 21:11:30.430 - Licensed for 100 concurrent connections.
10828: 21:11:30.430 - ENet: Max Reliable Data In Transit (awaiting ACKs) per peer : 16384 bytes
10828: 21:11:30.430 - ENet: Per peer bandwidth limit
10828: 21:11:30.430 - ENet: Transmit Rate Limit: 256 KB/Sec
10828: 21:11:30.430 - ENet: Limit period: 200ms
10828: 21:11:30.430 - ENet: Limit per period: 52428 bytes
10828: 21:11:30.430 - ENet: Max queued data for transmission per peer: 163840 bytes
10828: 21:11:30.430 - ENet: Minimum retransmit timeout: 200
10828: 21:11:30.430 - No Maximum retransmit timeout
10828: 21:11:30.430 - ENet: Minimum timeout: 5000ms
10828: 21:11:30.430 - ENet: Maximum timeout: 30000ms
10828: 21:11:30.430 - ENet: Max Inbound Reliable Data Queued (awaiting resends of earlier sequence numbers) per peer : 163840 bytes
10828: 21:11:30.430 - No RTT ACK adjustment timeout
10828: 21:11:30.430 - About to load application: MMOServer from MMOServer
10828: 21:11:30.497 - Taking reference on default app domain
10828: 21:11:30.530 - Application: "MMOServer" started in app domain: 2
10828: 21:11:30.530 - Adding TCP listener on: 0.0.0.0: 4530 with a listen backlog of: 150
10828: 21:11:30.530 - TCP inactivity timeout: 5000ms
10828: 21:11:30.530 - TCP disconnect timeout: 120000ms
10828: 21:11:30.530 - MaxInboundMessageSize: 512000
10828: 21:11:30.530 - MaxOutboundMessageSize: 512000
10828: 21:11:30.530 - Forcing all applications ids to: "MMOServer"
10828: 21:11:30.534 - Service is running...
10828: 21:11:41.198 - Service is stopped...
10828: 21:11:41.198 - Server shutting down...
10828: 21:11:41.198 - Shutdown monitoring enabled, 30000ms before process abort
10828: 21:11:41.198 - Notifying CLR applications of shutdown...
10828: 21:11:41.198 - RequestApplicationStop: 2
10828: 21:11:41.203 - RequestStop: defalt app domain
10828: 21:11:41.207 - Shutting down WebSocket Outbound Connection Manager...
10828: 21:11:41.207 - Shutting down TCP Outbound Connection Manager...
10828: 21:11:41.207 - Shutting down ENet Outbound Connection Manager...
10828: 21:11:41.207 - Disconnecting all outbound peers...
10828: 21:11:41.207 - Shutting down ENet host...
10828: 21:11:41.207 - Disconnecting all peers...
10828: 21:11:41.207 - Shutting down socket servers...
10828: 21:11:41.207 - Shutting down ENet thread pool...
10828: 21:11:41.207 - Shutting down TCP inactivity timers...
10828: 21:11:41.207 - WaitingForShutdownToComplete: TCP:0.0.0.0:4530
10828: 21:11:41.207 - OnShutdownCompleted: TCP:0.0.0.0:4530
10828: 21:11:41.207 - Shutting down CLR applications...
10828: 21:11:41.212 - Shutting down business logic thread pool...
4896: 21:11:41.212 - CManagedHost::OnDefaultAction() - OPR_AppDomainUnload - eUnloadAppDomain
10828: 21:11:41.212 - Shutting down I/O thread pool...
10828: 21:11:41.213 - Destroying servers
10828: 21:11:41.213 - Destroying WebSocket Outbound Connection Manager
10828: 21:11:41.213 - Destroying TCP Outbound Connection Manager
10828: 21:11:41.213 - Destroying TCP inactivity timer
10828: 21:11:41.213 - Destroying ENet timer wheel
10828: 21:11:41.213 - Destroying ENet host
10828: 21:11:41.213 - Destroying ENet outbound host
10828: 21:11:41.213 - Destroying HTTP inactivity timer
10828: 21:11:41.213 - Destroying HTTP host
10828: 21:11:41.213 - Destroying HTTP Chunk host
10828: 21:11:41.213 - Flushing ENET buffer allocator...
10828: 21:11:41.213 - Flushing TCP buffer handle allocator...
10828: 21:11:41.213 - Flushing stream socket allocator...
10828: 21:11:41.213 - Flushing inbound datagram socket allocator...
10828: 21:11:41.213 - Flushing outbound datagram socket allocator...
10828: 21:11:41.213 - Destroying CLR dispatcher
10828: 21:11:41.213 - Destroying CLR applications
10828: 21:11:41.213 - ~CCLRApplicationCollection() - Waiting up to 10 seconds for the CLR to release all of our objects
9112: 21:11:41.218 - Unloading Domain: ApplicationName = 'MMOServer', DomainId='2'
4896: 21:11:41.218 - CManagedHost::OnDomainUnload() - 2
10828: 21:11:41.218 - ~CCLRApplicationCollection() - Done. All objects released
10828: 21:11:41.219 - ~CManagedHost() - Release default app domain
10828: 21:11:41.219 - CManagedHost::OnDomainUnload() - 1
10828: 21:11:41.219 - ~CManagedHost() - Waiting up to 10 seconds for CLR shutdown...
10828: 21:11:41.219 - ~CManagedHost
10828: 21:11:41.219 - Destroying ENet thread pool
10828: 21:11:41.219 - Destroying Business logic thread pool
10828: 21:11:41.219 - Destroying I/O thread pool
10828: 21:11:41.219 - Destroying ENet buffer allocator
10828: 21:11:41.219 - Destroying TCP buffer allocator
10828: 21:11:41.219 - Destroying TCP socket allocator
10828: 21:11:41.219 - Destroying ENet inbound socket allocator
10828: 21:11:41.219 - Destroying ENet outbound socket allocator
10828: 21:11:41.219 - Destroying shared datagram flow control data
10828: 21:11:41.219 - Shutdown complete...
10828: 21:11:41.219 - Service shutting down
10828: 21:11:41.220 - Service shut down complete
9088: 21:52:32.702 - ---
9088: 21:52:32.702 - Service: "Photon Socket Server" starting
9088: 21:52:32.703 - Config File: D:\Projects\ThesisMMO\deploy\bin_Win64\PhotonServer.config
9088: 21:52:32.703 - Will produce at most: 10 crash dumps
9088: 21:52:32.703 - Action: run as exe
9088: 21:52:32.704 - Server Starting...
9088: 21:52:32.704 -    Tick count: 20225406 (wraps in: 49.4762 days)
9088: 21:52:32.704 - Tick count 64: 20225406
9088: 21:52:32.704 - Photon Version: 4.0.28.2962
9088: 21:52:32.704 - PID: 4488
9088: 21:52:32.704 - Config File: D:\Projects\ThesisMMO\deploy\bin_Win64\PhotonServer.config
9088: 21:52:32.704 - Will NOT log unimportant exceptions
9088: 21:52:32.705 - Not using performance counters as they are not currently installed. Run the service with /InstallCounters to install them.
9088: 21:52:32.705 - Shutdown timeout enabled: 30000ms
9088: 21:52:32.705 - Starting I/O thread pool with 2 threads
9088: 21:52:32.706 - Using Standard allocator
9088: 21:52:32.706 - Max message size: 512000
9088: 21:52:32.706 - Starting business logic thread pool with the following settings
9088: 21:52:32.706 - InitialThreads: 4 threads
9088: 21:52:32.706 - MinThreads: 4 threads
9088: 21:52:32.706 - Thread pool is fixed size
9088: 21:52:32.706 - Starting ENet thread pool with the following settings
9088: 21:52:32.706 - InitialThreads: 2 threads
9088: 21:52:32.706 - MinThreads: 2 threads
9088: 21:52:32.706 - Thread pool is fixed size
9088: 21:52:32.706 - OnlyDispatchTimers: False
9088: 21:52:32.706 - S2S: flow control: Max pending writes: 50
9088: 21:52:32.706 - S2S: flow control: Max queued buffers: 200
9088: 21:52:32.706 - S2S: flow control: Max pending writes MUX: 500
9088: 21:52:32.706 - S2S: flow control: Max queued buffers MUX: 2000
9088: 21:52:32.706 - S2S: MaxInboundMessageSize: 512000
9088: 21:52:32.706 - S2S: MaxOutboundMessageSize: 512000
9088: 21:52:32.706 - S2S: No inactivity timeout
9088: 21:52:32.707 - WebSocket S2S: MaxInboundMessageSize: 512000
9088: 21:52:32.707 - WebSocket S2S: MaxOutboundMessageSize: 512000
9088: 21:52:32.707 - WebSocket S2S: No inactivity timeout
9088: 21:52:32.708 - Max Reliable Data In Transit (awaiting ACKs) per peer : 16384 bytes
9088: 21:52:32.708 - Per peer bandwidth limit
9088: 21:52:32.708 - Transmit Rate Limit: 256 KB/Sec
9088: 21:52:32.708 - Limit period: 200ms
9088: 21:52:32.708 - Limit per period: 52428 bytes
9088: 21:52:32.708 - Max queued data for transmission per peer: 163840 bytes
9088: 21:52:32.708 - Minimum retransmit timeout: 200
9088: 21:52:32.708 - No Maximum retransmit timeout
9088: 21:52:32.708 - Minimum ENet timeout: 5000ms
9088: 21:52:32.708 - Maximum ENet timeout: 30000ms
9088: 21:52:32.708 - Max Inbound Reliable Data Queued (awaiting resends of earlier sequence numbers) per peer : 163840 bytes
9088: 21:52:32.708 - No RTT ACK adjustment timeout
9088: 21:52:32.708 - Outbound ENet: MaxInboundMessageSize: 512000
9088: 21:52:32.708 - Outbound ENet: MaxOutboundMessageSize: 512000
9088: 21:52:32.709 - GetRuntime - About to load CLR - versions available:
9088: 21:52:32.709 - v2.0.50727
9088: 21:52:32.709 - v4.0.30319
9088: 21:52:32.709 - Configuration requests: "v2.0.50727"
9088: 21:52:32.709 - About to load version: "v2.0.50727"
9088: 21:52:32.712 - About to load runtime: PhotonHostRuntime.PhotonDomainManager from PhotonHostRuntime, Culture=neutral, PublicKeyToken=02C301B61B060C4D
9088: 21:52:32.712 - CLRBaseDirectory set to "D:\Projects\ThesisMMO\deploy"
9088: 21:52:32.712 - Optimising event broadcast for 20 or more peers
9088: 21:52:32.713 - Start: About to load CLR - versions available:
9088: 21:52:32.713 - v2.0.50727
9088: 21:52:32.713 - v4.0.30319
9088: 21:52:32.713 - No preference in configuration file, will load latest.
9088: 21:52:32.713 - About to load version: "v4.0.30319"
9088: 21:52:32.714 - Loaded version: "v4.0.30319"
9088: 21:52:32.836 - Photon host runtime loaded
9088: 21:52:34.409 - License is valid.
9088: 21:52:34.409 - Licensed for 100 concurrent connections.
9088: 21:52:34.409 - ENet: Max Reliable Data In Transit (awaiting ACKs) per peer : 16384 bytes
9088: 21:52:34.409 - ENet: Per peer bandwidth limit
9088: 21:52:34.409 - ENet: Transmit Rate Limit: 256 KB/Sec
9088: 21:52:34.409 - ENet: Limit period: 200ms
9088: 21:52:34.409 - ENet: Limit per period: 52428 bytes
9088: 21:52:34.409 - ENet: Max queued data for transmission per peer: 163840 bytes
9088: 21:52:34.409 - ENet: Minimum retransmit timeout: 200
9088: 21:52:34.409 - No Maximum retransmit timeout
9088: 21:52:34.409 - ENet: Minimum timeout: 5000ms
9088: 21:52:34.409 - ENet: Maximum timeout: 30000ms
9088: 21:52:34.409 - ENet: Max Inbound Reliable Data Queued (awaiting resends of earlier sequence numbers) per peer : 163840 bytes
9088: 21:52:34.409 - No RTT ACK adjustment timeout
9088: 21:52:34.409 - About to load application: MMOServer from MMOServer
9088: 21:52:34.474 - Taking reference on default app domain
9088: 21:52:34.503 - Application: "MMOServer" started in app domain: 2
9088: 21:52:34.503 - Adding TCP listener on: 0.0.0.0: 4530 with a listen backlog of: 150
9088: 21:52:34.503 - TCP inactivity timeout: 5000ms
9088: 21:52:34.503 - TCP disconnect timeout: 120000ms
9088: 21:52:34.503 - MaxInboundMessageSize: 512000
9088: 21:52:34.503 - MaxOutboundMessageSize: 512000
9088: 21:52:34.503 - Forcing all applications ids to: "MMOServer"
9088: 21:52:34.506 - Service is running...
